<?xml version="1.0" encoding="UTF-8"?>
<coverage generated="1724881605566" clover="3.2.0">
  <project timestamp="1724881605566" name="All files">
    <metrics statements="2605" coveredstatements="1256" conditionals="898" coveredconditionals="334" methods="694" coveredmethods="212" elements="4197" coveredelements="1802" complexity="0" loc="2605" ncloc="2605" packages="18" files="72" classes="72"/>
    <package name="lib">
      <metrics statements="144" coveredstatements="58" conditionals="11" coveredconditionals="0" methods="85" coveredmethods="10"/>
      <file name="Dependency.ts" path="/Users/matthill/Code/start9/start-os/sdk/lib/Dependency.ts">
        <metrics statements="2" coveredstatements="1" conditionals="0" coveredconditionals="0" methods="1" coveredmethods="0"/>
        <line num="3" count="5" type="stmt"/>
        <line num="5" count="0" type="stmt"/>
      </file>
      <file name="StartSdk.ts" path="/Users/matthill/Code/start9/start-os/sdk/lib/StartSdk.ts">
        <metrics statements="142" coveredstatements="57" conditionals="11" coveredconditionals="0" methods="84" coveredmethods="10"/>
        <line num="1" count="5" type="stmt"/>
        <line num="2" count="5" type="stmt"/>
        <line num="12" count="5" type="stmt"/>
        <line num="13" count="5" type="stmt"/>
        <line num="24" count="5" type="stmt"/>
        <line num="25" count="5" type="stmt"/>
        <line num="26" count="5" type="stmt"/>
        <line num="27" count="5" type="stmt"/>
        <line num="28" count="5" type="stmt"/>
        <line num="29" count="5" type="stmt"/>
        <line num="30" count="5" type="stmt"/>
        <line num="31" count="5" type="stmt"/>
        <line num="32" count="5" type="stmt"/>
        <line num="33" count="5" type="stmt"/>
        <line num="34" count="5" type="stmt"/>
        <line num="35" count="5" type="stmt"/>
        <line num="36" count="5" type="stmt"/>
        <line num="37" count="5" type="stmt"/>
        <line num="38" count="5" type="stmt"/>
        <line num="39" count="5" type="stmt"/>
        <line num="40" count="5" type="stmt"/>
        <line num="41" count="5" type="stmt"/>
        <line num="42" count="5" type="stmt"/>
        <line num="47" count="5" type="stmt"/>
        <line num="52" count="5" type="stmt"/>
        <line num="54" count="5" type="stmt"/>
        <line num="55" count="5" type="stmt"/>
        <line num="56" count="5" type="stmt"/>
        <line num="57" count="5" type="stmt"/>
        <line num="58" count="5" type="stmt"/>
        <line num="62" count="5" type="stmt"/>
        <line num="63" count="5" type="stmt"/>
        <line num="64" count="5" type="stmt"/>
        <line num="65" count="5" type="stmt"/>
        <line num="66" count="5" type="stmt"/>
        <line num="67" count="5" type="stmt"/>
        <line num="69" count="5" type="stmt"/>
        <line num="71" count="5" type="stmt"/>
        <line num="72" count="5" type="stmt"/>
        <line num="77" count="5" type="stmt"/>
        <line num="80" count="5" type="stmt"/>
        <line num="95" count="5" type="stmt"/>
        <line num="96" count="5" type="stmt"/>
        <line num="97" count="5" type="stmt"/>
        <line num="100" count="0" type="stmt"/>
        <line num="101" count="0" type="cond" truecount="0" falsecount="4"/>
        <line num="102" count="0" type="stmt"/>
        <line num="104" count="0" type="cond" truecount="0" falsecount="1"/>
        <line num="105" count="0" type="stmt"/>
        <line num="107" count="0" type="cond" truecount="0" falsecount="1"/>
        <line num="108" count="0" type="stmt"/>
        <line num="110" count="0" type="stmt"/>
        <line num="115" count="5" type="stmt"/>
        <line num="116" count="18" type="stmt"/>
        <line num="118" count="6" type="stmt"/>
        <line num="121" count="6" type="stmt"/>
        <line num="124" count="6" type="stmt"/>
        <line num="158" count="6" type="stmt"/>
        <line num="159" count="0" type="stmt"/>
        <line num="160" count="0" type="stmt"/>
        <line num="161" count="0" type="stmt"/>
        <line num="162" count="0" type="stmt"/>
        <line num="163" count="0" type="stmt"/>
        <line num="164" count="0" type="stmt"/>
        <line num="165" count="0" type="stmt"/>
        <line num="167" count="0" type="stmt"/>
        <line num="168" count="0" type="stmt"/>
        <line num="170" count="0" type="stmt"/>
        <line num="172" count="0" type="stmt"/>
        <line num="174" count="0" type="stmt"/>
        <line num="175" count="0" type="stmt"/>
        <line num="176" count="0" type="stmt"/>
        <line num="177" count="0" type="stmt"/>
        <line num="178" count="0" type="stmt"/>
        <line num="179" count="0" type="stmt"/>
        <line num="180" count="0" type="stmt"/>
        <line num="181" count="0" type="stmt"/>
        <line num="184" count="6" type="stmt"/>
        <line num="196" count="0" type="stmt"/>
        <line num="205" count="0" type="stmt"/>
        <line num="207" count="0" type="stmt"/>
        <line num="212" count="0" type="stmt"/>
        <line num="221" count="0" type="stmt"/>
        <line num="230" count="0" type="stmt"/>
        <line num="238" count="0" type="stmt"/>
        <line num="249" count="0" type="stmt"/>
        <line num="263" count="0" type="stmt"/>
        <line num="282" count="0" type="stmt"/>
        <line num="283" count="0" type="stmt"/>
        <line num="305" count="0" type="stmt"/>
        <line num="307" count="0" type="stmt"/>
        <line num="314" count="0" type="stmt"/>
        <line num="335" count="0" type="stmt"/>
        <line num="344" count="0" type="stmt"/>
        <line num="349" count="0" type="stmt"/>
        <line num="359" count="0" type="stmt"/>
        <line num="361" count="0" type="stmt"/>
        <line num="369" count="0" type="stmt"/>
        <line num="377" count="0" type="stmt"/>
        <line num="385" count="0" type="stmt"/>
        <line num="396" count="1" type="stmt"/>
        <line num="403" count="0" type="stmt"/>
        <line num="404" count="0" type="stmt"/>
        <line num="405" count="0" type="stmt"/>
        <line num="412" count="0" type="stmt"/>
        <line num="440" count="0" type="stmt"/>
        <line num="448" count="0" type="stmt"/>
        <line num="455" count="0" type="stmt"/>
        <line num="461" count="0" type="stmt"/>
        <line num="466" count="0" type="stmt"/>
        <line num="467" count="0" type="stmt"/>
        <line num="469" count="0" type="stmt"/>
        <line num="478" count="0" type="stmt"/>
        <line num="484" count="0" type="stmt"/>
        <line num="487" count="0" type="stmt"/>
        <line num="489" count="0" type="stmt"/>
        <line num="496" count="32" type="stmt"/>
        <line num="504" count="0" type="stmt"/>
        <line num="529" count="1" type="stmt"/>
        <line num="554" count="4" type="stmt"/>
        <line num="580" count="0" type="stmt"/>
        <line num="606" count="0" type="stmt"/>
        <line num="627" count="0" type="stmt"/>
        <line num="643" count="0" type="stmt"/>
        <line num="662" count="0" type="stmt"/>
        <line num="675" count="0" type="stmt"/>
        <line num="691" count="0" type="stmt"/>
        <line num="704" count="0" type="stmt"/>
        <line num="719" count="0" type="stmt"/>
        <line num="733" count="0" type="stmt"/>
        <line num="754" count="0" type="stmt"/>
        <line num="766" count="4" type="stmt"/>
        <line num="772" count="5" type="stmt"/>
        <line num="780" count="0" type="stmt"/>
        <line num="781" count="0" type="stmt"/>
        <line num="785" count="0" type="stmt"/>
        <line num="789" count="0" type="stmt"/>
        <line num="790" count="0" type="stmt"/>
        <line num="794" count="0" type="cond" truecount="0" falsecount="1"/>
        <line num="795" count="0" type="stmt"/>
        <line num="797" count="0" type="stmt"/>
        <line num="801" count="0" type="stmt"/>
      </file>
    </package>
    <package name="lib.actions">
      <metrics statements="28" coveredstatements="3" conditionals="2" coveredconditionals="0" methods="12" coveredmethods="0"/>
      <file name="createAction.ts" path="/Users/matthill/Code/start9/start-os/sdk/lib/actions/createAction.ts">
        <metrics statements="17" coveredstatements="2" conditionals="2" coveredconditionals="0" methods="7" coveredmethods="0"/>
        <line num="9" count="5" type="stmt"/>
        <line num="19" count="0" type="stmt"/>
        <line num="20" count="0" type="stmt"/>
        <line num="25" count="0" type="stmt"/>
        <line num="29" count="0" type="stmt"/>
        <line num="30" count="0" type="cond" truecount="0" falsecount="1"/>
        <line num="47" count="0" type="stmt"/>
        <line num="55" count="0" type="stmt"/>
        <line num="56" count="0" type="stmt"/>
        <line num="62" count="0" type="stmt"/>
        <line num="63" count="0" type="stmt"/>
        <line num="70" count="0" type="cond" truecount="0" falsecount="1"/>
        <line num="71" count="0" type="stmt"/>
        <line num="72" count="0" type="stmt"/>
        <line num="76" count="0" type="stmt"/>
        <line num="83" count="0" type="stmt"/>
        <line num="89" count="5" type="stmt"/>
      </file>
      <file name="setupActions.ts" path="/Users/matthill/Code/start9/start-os/sdk/lib/actions/setupActions.ts">
        <metrics statements="11" coveredstatements="1" conditionals="0" coveredconditionals="0" methods="5" coveredmethods="0"/>
        <line num="5" count="5" type="stmt"/>
        <line num="8" count="0" type="stmt"/>
        <line num="9" count="0" type="stmt"/>
        <line num="10" count="0" type="stmt"/>
        <line num="11" count="0" type="stmt"/>
        <line num="13" count="0" type="stmt"/>
        <line num="18" count="0" type="stmt"/>
        <line num="20" count="0" type="stmt"/>
        <line num="23" count="0" type="stmt"/>
        <line num="24" count="0" type="stmt"/>
        <line num="28" count="0" type="stmt"/>
      </file>
    </package>
    <package name="lib.backup">
      <metrics statements="88" coveredstatements="8" conditionals="11" coveredconditionals="0" methods="27" coveredmethods="0"/>
      <file name="Backups.ts" path="/Users/matthill/Code/start9/start-os/sdk/lib/backup/Backups.ts">
        <metrics statements="70" coveredstatements="6" conditionals="9" coveredconditionals="0" methods="22" coveredmethods="0"/>
        <line num="3" count="5" type="stmt"/>
        <line num="5" count="5" type="stmt"/>
        <line num="8" count="5" type="stmt"/>
        <line num="43" count="5" type="stmt"/>
        <line num="44" count="5" type="stmt"/>
        <line num="47" count="0" type="cond" truecount="0" falsecount="1"/>
        <line num="48" count="0" type="cond" truecount="0" falsecount="1"/>
        <line num="53" count="0" type="stmt"/>
        <line num="54" count="0" type="stmt"/>
        <line num="65" count="0" type="stmt"/>
        <line num="70" count="0" type="stmt"/>
        <line num="73" count="5" type="stmt"/>
        <line num="75" count="0" type="stmt"/>
        <line num="79" count="0" type="stmt"/>
        <line num="82" count="0" type="stmt"/>
        <line num="83" count="0" type="stmt"/>
        <line num="92" count="0" type="stmt"/>
        <line num="93" count="0" type="stmt"/>
        <line num="95" count="0" type="stmt"/>
        <line num="98" count="0" type="stmt"/>
        <line num="101" count="0" type="stmt"/>
        <line num="102" count="0" type="stmt"/>
        <line num="112" count="0" type="stmt"/>
        <line num="114" count="0" type="stmt"/>
        <line num="116" count="0" type="stmt"/>
        <line num="119" count="0" type="stmt"/>
        <line num="120" count="0" type="stmt"/>
        <line num="130" count="0" type="stmt"/>
        <line num="132" count="0" type="stmt"/>
        <line num="134" count="0" type="stmt"/>
        <line num="138" count="0" type="stmt"/>
        <line num="154" count="0" type="stmt"/>
        <line num="156" count="0" type="stmt"/>
        <line num="157" count="0" type="stmt"/>
        <line num="158" count="0" type="cond" truecount="0" falsecount="1"/>
        <line num="159" count="0" type="stmt"/>
        <line num="161" count="0" type="cond" truecount="0" falsecount="1"/>
        <line num="162" count="0" type="stmt"/>
        <line num="164" count="0" type="cond" truecount="0" falsecount="1"/>
        <line num="165" count="0" type="stmt"/>
        <line num="167" count="0" type="stmt"/>
        <line num="168" count="0" type="stmt"/>
        <line num="170" count="0" type="stmt"/>
        <line num="171" count="0" type="stmt"/>
        <line num="172" count="0" type="stmt"/>
        <line num="173" count="0" type="stmt"/>
        <line num="174" count="0" type="stmt"/>
        <line num="175" count="0" type="stmt"/>
        <line num="176" count="0" type="stmt"/>
        <line num="177" count="0" type="stmt"/>
        <line num="178" count="0" type="stmt"/>
        <line num="179" count="0" type="stmt"/>
        <line num="180" count="0" type="stmt"/>
        <line num="181" count="0" type="cond" truecount="0" falsecount="1"/>
        <line num="182" count="0" type="stmt"/>
        <line num="186" count="0" type="stmt"/>
        <line num="187" count="0" type="stmt"/>
        <line num="190" count="0" type="stmt"/>
        <line num="191" count="0" type="stmt"/>
        <line num="192" count="0" type="cond" truecount="0" falsecount="1"/>
        <line num="193" count="0" type="stmt"/>
        <line num="195" count="0" type="stmt"/>
        <line num="197" count="0" type="stmt"/>
        <line num="198" count="0" type="stmt"/>
        <line num="199" count="0" type="cond" truecount="0" falsecount="2"/>
        <line num="200" count="0" type="stmt"/>
        <line num="202" count="0" type="stmt"/>
        <line num="206" count="0" type="stmt"/>
        <line num="207" count="0" type="stmt"/>
        <line num="208" count="0" type="stmt"/>
      </file>
      <file name="setupBackups.ts" path="/Users/matthill/Code/start9/start-os/sdk/lib/backup/setupBackups.ts">
        <metrics statements="18" coveredstatements="2" conditionals="2" coveredconditionals="0" methods="5" coveredmethods="0"/>
        <line num="1" count="5" type="stmt"/>
        <line num="10" count="5" type="stmt"/>
        <line num="14" count="0" type="stmt"/>
        <line num="15" count="0" type="stmt"/>
        <line num="16" count="0" type="stmt"/>
        <line num="17" count="0" type="cond" truecount="0" falsecount="2"/>
        <line num="18" count="0" type="stmt"/>
        <line num="20" count="0" type="stmt"/>
        <line num="23" count="0" type="stmt"/>
        <line num="27" count="0" type="stmt"/>
        <line num="29" count="0" type="stmt"/>
        <line num="30" count="0" type="stmt"/>
        <line num="31" count="0" type="stmt"/>
        <line num="36" count="0" type="stmt"/>
        <line num="37" count="0" type="stmt"/>
        <line num="38" count="0" type="stmt"/>
        <line num="40" count="0" type="stmt"/>
        <line num="44" count="0" type="stmt"/>
      </file>
    </package>
    <package name="lib.config">
      <metrics statements="26" coveredstatements="12" conditionals="8" coveredconditionals="2" methods="5" coveredmethods="1"/>
      <file name="configConstants.ts" path="/Users/matthill/Code/start9/start-os/sdk/lib/config/configConstants.ts">
        <metrics statements="9" coveredstatements="7" conditionals="2" coveredconditionals="0" methods="1" coveredmethods="0"/>
        <line num="2" count="5" type="stmt"/>
        <line num="3" count="5" type="stmt"/>
        <line num="4" count="5" type="stmt"/>
        <line num="5" count="5" type="stmt"/>
        <line num="6" count="5" type="stmt"/>
        <line num="11" count="5" type="stmt"/>
        <line num="50" count="5" type="stmt"/>
        <line num="52" count="0" type="stmt"/>
        <line num="53" count="0" type="cond" truecount="0" falsecount="2"/>
      </file>
      <file name="configTypes.ts" path="/Users/matthill/Code/start9/start-os/sdk/lib/config/configTypes.ts">
        <metrics statements="2" coveredstatements="2" conditionals="2" coveredconditionals="2" methods="1" coveredmethods="1"/>
        <line num="267" count="1" type="stmt"/>
        <line num="271" count="3" type="cond" truecount="2" falsecount="0"/>
      </file>
      <file name="setupConfig.ts" path="/Users/matthill/Code/start9/start-os/sdk/lib/config/setupConfig.ts">
        <metrics statements="15" coveredstatements="3" conditionals="4" coveredconditionals="0" methods="3" coveredmethods="0"/>
        <line num="5" count="5" type="stmt"/>
        <line num="43" count="5" type="stmt"/>
        <line num="56" count="0" type="stmt"/>
        <line num="57" count="0" type="stmt"/>
        <line num="59" count="0" type="cond" truecount="0" falsecount="1"/>
        <line num="60" count="0" type="stmt"/>
        <line num="63" count="0" type="stmt"/>
        <line num="65" count="0" type="stmt"/>
        <line num="66" count="0" type="stmt"/>
        <line num="67" count="0" type="stmt"/>
        <line num="71" count="0" type="cond" truecount="0" falsecount="1"/>
        <line num="72" count="0" type="stmt"/>
        <line num="76" count="0" type="cond" truecount="0" falsecount="2"/>
        <line num="77" count="0" type="stmt"/>
        <line num="87" count="5" type="stmt"/>
      </file>
    </package>
    <package name="lib.config.builder">
      <metrics statements="115" coveredstatements="97" conditionals="29" coveredconditionals="16" methods="69" coveredmethods="54"/>
      <file name="config.ts" path="/Users/matthill/Code/start9/start-os/sdk/lib/config/builder/config.ts">
        <metrics statements="14" coveredstatements="13" conditionals="0" coveredconditionals="0" methods="4" coveredmethods="3"/>
        <line num="5" count="6" type="stmt"/>
        <line num="80" count="6" type="stmt"/>
        <line num="82" count="62" type="stmt"/>
        <line num="85" count="62" type="stmt"/>
        <line num="88" count="6" type="stmt"/>
        <line num="91" count="6" type="stmt"/>
        <line num="92" count="5" type="stmt"/>
        <line num="94" count="6" type="stmt"/>
        <line num="101" count="62" type="stmt"/>
        <line num="104" count="62" type="stmt"/>
        <line num="105" count="131" type="stmt"/>
        <line num="107" count="62" type="stmt"/>
        <line num="108" count="62" type="stmt"/>
        <line num="135" count="0" type="stmt"/>
      </file>
      <file name="list.ts" path="/Users/matthill/Code/start9/start-os/sdk/lib/config/builder/list.ts">
        <metrics statements="20" coveredstatements="19" conditionals="0" coveredconditionals="0" methods="8" coveredmethods="7"/>
        <line num="10" count="6" type="stmt"/>
        <line num="24" count="6" type="stmt"/>
        <line num="26" count="11" type="stmt"/>
        <line num="27" count="11" type="stmt"/>
        <line num="51" count="4" type="stmt"/>
        <line num="52" count="1" type="stmt"/>
        <line num="62" count="1" type="stmt"/>
        <line num="73" count="1" type="stmt"/>
        <line num="102" count="1" type="stmt"/>
        <line num="103" count="1" type="stmt"/>
        <line num="104" count="1" type="stmt"/>
        <line num="114" count="1" type="stmt"/>
        <line num="125" count="1" type="stmt"/>
        <line num="144" count="6" type="stmt"/>
        <line num="145" count="1" type="stmt"/>
        <line num="146" count="1" type="stmt"/>
        <line num="147" count="1" type="stmt"/>
        <line num="154" count="1" type="stmt"/>
        <line num="159" count="1" type="stmt"/>
        <line num="186" count="0" type="stmt"/>
      </file>
      <file name="value.ts" path="/Users/matthill/Code/start9/start-os/sdk/lib/config/builder/value.ts">
        <metrics statements="68" coveredstatements="53" conditionals="29" coveredconditionals="16" methods="52" coveredmethods="40"/>
        <line num="15" count="6" type="stmt"/>
        <line num="27" count="6" type="stmt"/>
        <line num="39" count="16" type="stmt"/>
        <line num="62" count="6" type="stmt"/>
        <line num="63" count="5" type="stmt"/>
        <line num="72" count="89" type="cond" truecount="1" falsecount="0"/>
        <line num="73" count="28" type="stmt"/>
        <line num="98" count="6" type="stmt"/>
        <line num="100" count="169" type="stmt"/>
        <line num="101" count="169" type="stmt"/>
        <line num="112" count="34" type="stmt"/>
        <line num="113" count="4" type="stmt"/>
        <line num="136" count="1" type="stmt"/>
        <line num="137" count="1" type="stmt"/>
        <line num="168" count="40" type="stmt"/>
        <line num="169" count="4" type="stmt"/>
        <line num="213" count="3" type="stmt"/>
        <line num="214" count="5" type="stmt"/>
        <line num="215" count="5" type="stmt"/>
        <line num="245" count="3" type="stmt"/>
        <line num="246" count="0" type="stmt"/>
        <line num="257" count="0" type="stmt"/>
        <line num="275" count="1" type="stmt"/>
        <line num="276" count="1" type="stmt"/>
        <line num="277" count="1" type="stmt"/>
        <line num="306" count="28" type="stmt"/>
        <line num="307" count="0" type="stmt"/>
        <line num="343" count="1" type="stmt"/>
        <line num="344" count="1" type="stmt"/>
        <line num="345" count="1" type="stmt"/>
        <line num="370" count="2" type="stmt"/>
        <line num="371" count="0" type="stmt"/>
        <line num="397" count="1" type="stmt"/>
        <line num="398" count="1" type="stmt"/>
        <line num="399" count="1" type="stmt"/>
        <line num="423" count="2" type="stmt"/>
        <line num="424" count="0" type="stmt"/>
        <line num="456" count="1" type="stmt"/>
        <line num="457" count="1" type="stmt"/>
        <line num="458" count="1" type="stmt"/>
        <line num="491" count="6" type="stmt"/>
        <line num="492" count="1" type="stmt"/>
        <line num="503" count="10" type="stmt"/>
        <line num="527" count="1" type="stmt"/>
        <line num="528" count="1" type="stmt"/>
        <line num="529" count="1" type="stmt"/>
        <line num="558" count="4" type="stmt"/>
        <line num="559" count="0" type="stmt"/>
        <line num="594" count="1" type="stmt"/>
        <line num="595" count="1" type="stmt"/>
        <line num="596" count="1" type="stmt"/>
        <line num="616" count="17" type="stmt"/>
        <line num="617" count="0" type="stmt"/>
        <line num="618" count="0" type="stmt"/>
        <line num="634" count="0" type="stmt"/>
        <line num="640" count="0" type="stmt"/>
        <line num="641" count="0" type="stmt"/>
        <line num="661" count="0" type="stmt"/>
        <line num="662" count="0" type="stmt"/>
        <line num="689" count="5" type="stmt"/>
        <line num="690" count="0" type="stmt"/>
        <line num="717" count="6" type="stmt"/>
        <line num="718" count="1" type="stmt"/>
        <line num="748" count="1" type="stmt"/>
        <line num="749" count="1" type="stmt"/>
        <line num="750" count="1" type="stmt"/>
        <line num="763" count="11" type="stmt"/>
        <line num="781" count="0" type="stmt"/>
      </file>
      <file name="variants.ts" path="/Users/matthill/Code/start9/start-os/sdk/lib/config/builder/variants.ts">
        <metrics statements="13" coveredstatements="12" conditionals="0" coveredconditionals="0" methods="5" coveredmethods="4"/>
        <line num="3" count="5" type="stmt"/>
        <line num="54" count="5" type="stmt"/>
        <line num="57" count="12" type="stmt"/>
        <line num="58" count="12" type="stmt"/>
        <line num="69" count="12" type="stmt"/>
        <line num="71" count="28" type="stmt"/>
        <line num="78" count="12" type="stmt"/>
        <line num="90" count="2" type="stmt"/>
        <line num="93" count="2" type="stmt"/>
        <line num="94" count="4" type="stmt"/>
        <line num="95" count="4" type="stmt"/>
        <line num="100" count="2" type="stmt"/>
        <line num="118" count="0" type="stmt"/>
      </file>
    </package>
    <package name="lib.dependencies">
      <metrics statements="90" coveredstatements="9" conditionals="56" coveredconditionals="1" methods="32" coveredmethods="2"/>
      <file name="DependencyConfig.ts" path="/Users/matthill/Code/start9/start-os/sdk/lib/dependencies/DependencyConfig.ts">
        <metrics statements="7" coveredstatements="5" conditionals="3" coveredconditionals="1" methods="3" coveredmethods="1"/>
        <line num="3" count="5" type="stmt"/>
        <line num="10" count="5" type="stmt"/>
        <line num="16" count="5" type="stmt"/>
        <line num="20" count="0" type="cond" truecount="0" falsecount="2"/>
        <line num="23" count="1" type="stmt"/>
        <line num="27" count="1" type="cond" truecount="1" falsecount="0"/>
        <line num="34" count="0" type="stmt"/>
      </file>
      <file name="dependencies.ts" path="/Users/matthill/Code/start9/start-os/sdk/lib/dependencies/dependencies.ts">
        <metrics statements="81" coveredstatements="2" conditionals="53" coveredconditionals="0" methods="28" coveredmethods="0"/>
        <line num="1" count="5" type="stmt"/>
        <line num="32" count="5" type="stmt"/>
        <line num="38" count="0" type="stmt"/>
        <line num="44" count="0" type="cond" truecount="0" falsecount="1"/>
        <line num="45" count="0" type="stmt"/>
        <line num="46" count="0" type="stmt"/>
        <line num="50" count="0" type="stmt"/>
        <line num="51" count="0" type="stmt"/>
        <line num="52" count="0" type="stmt"/>
        <line num="53" count="0" type="cond" truecount="0" falsecount="3"/>
        <line num="54" count="0" type="stmt"/>
        <line num="56" count="0" type="stmt"/>
        <line num="59" count="0" type="stmt"/>
        <line num="60" count="0" type="stmt"/>
        <line num="61" count="0" type="stmt"/>
        <line num="62" count="0" type="stmt"/>
        <line num="63" count="0" type="stmt"/>
        <line num="70" count="0" type="stmt"/>
        <line num="71" count="0" type="stmt"/>
        <line num="72" count="0" type="cond" truecount="0" falsecount="2"/>
        <line num="74" count="0" type="stmt"/>
        <line num="75" count="0" type="stmt"/>
        <line num="76" count="0" type="stmt"/>
        <line num="80" count="0" type="stmt"/>
        <line num="81" count="0" type="cond" truecount="0" falsecount="1"/>
        <line num="86" count="0" type="stmt"/>
        <line num="88" count="0" type="stmt"/>
        <line num="89" count="0" type="cond" truecount="0" falsecount="2"/>
        <line num="90" count="0" type="stmt"/>
        <line num="91" count="0" type="stmt"/>
        <line num="93" count="0" type="stmt"/>
        <line num="94" count="0" type="cond" truecount="0" falsecount="5"/>
        <line num="99" count="0" type="stmt"/>
        <line num="100" count="0" type="cond" truecount="0" falsecount="2"/>
        <line num="102" count="0" type="stmt"/>
        <line num="104" count="0" type="stmt"/>
        <line num="105" count="0" type="stmt"/>
        <line num="106" count="0" type="cond" truecount="0" falsecount="1"/>
        <line num="107" count="0" type="cond" truecount="0" falsecount="2"/>
        <line num="110" count="0" type="stmt"/>
        <line num="111" count="0" type="stmt"/>
        <line num="112" count="0" type="cond" truecount="0" falsecount="1"/>
        <line num="113" count="0" type="cond" truecount="0" falsecount="2"/>
        <line num="115" count="0" type="cond" truecount="0" falsecount="1"/>
        <line num="117" count="0" type="stmt"/>
        <line num="122" count="0" type="stmt"/>
        <line num="127" count="0" type="stmt"/>
        <line num="128" count="0" type="stmt"/>
        <line num="129" count="0" type="cond" truecount="0" falsecount="3"/>
        <line num="130" count="0" type="cond" truecount="0" falsecount="2"/>
        <line num="133" count="0" type="stmt"/>
        <line num="134" count="0" type="stmt"/>
        <line num="135" count="0" type="cond" truecount="0" falsecount="1"/>
        <line num="136" count="0" type="stmt"/>
        <line num="141" count="0" type="stmt"/>
        <line num="145" count="0" type="stmt"/>
        <line num="146" count="0" type="cond" truecount="0" falsecount="1"/>
        <line num="151" count="0" type="stmt"/>
        <line num="153" count="0" type="stmt"/>
        <line num="154" count="0" type="cond" truecount="0" falsecount="2"/>
        <line num="155" count="0" type="stmt"/>
        <line num="156" count="0" type="cond" truecount="0" falsecount="1"/>
        <line num="157" count="0" type="stmt"/>
        <line num="161" count="0" type="cond" truecount="0" falsecount="4"/>
        <line num="167" count="0" type="stmt"/>
        <line num="168" count="0" type="stmt"/>
        <line num="169" count="0" type="stmt"/>
        <line num="170" count="0" type="stmt"/>
        <line num="171" count="0" type="stmt"/>
        <line num="172" count="0" type="stmt"/>
        <line num="174" count="0" type="stmt"/>
        <line num="175" count="0" type="cond" truecount="0" falsecount="2"/>
        <line num="178" count="0" type="stmt"/>
        <line num="179" count="0" type="stmt"/>
        <line num="180" count="0" type="stmt"/>
        <line num="182" count="0" type="cond" truecount="0" falsecount="1"/>
        <line num="183" count="0" type="stmt"/>
        <line num="185" count="0" type="stmt"/>
        <line num="187" count="0" type="cond" truecount="0" falsecount="1"/>
        <line num="188" count="0" type="stmt"/>
        <line num="192" count="0" type="stmt"/>
      </file>
      <file name="setupDependencyConfig.ts" path="/Users/matthill/Code/start9/start-os/sdk/lib/dependencies/setupDependencyConfig.ts">
        <metrics statements="2" coveredstatements="2" conditionals="0" coveredconditionals="0" methods="1" coveredmethods="1"/>
        <line num="6" count="5" type="stmt"/>
        <line num="21" count="1" type="stmt"/>
      </file>
    </package>
    <package name="lib.exver">
      <metrics statements="946" coveredstatements="679" conditionals="395" coveredconditionals="250" methods="127" coveredmethods="91"/>
      <file name="exver.ts" path="/Users/matthill/Code/start9/start-os/sdk/lib/exver/exver.ts">
        <metrics statements="789" coveredstatements="582" conditionals="296" coveredconditionals="185" methods="88" coveredmethods="61"/>
        <line num="9" count="6" type="stmt"/>
        <line num="16" count="6" type="stmt"/>
        <line num="18" count="6" type="stmt"/>
        <line num="20" count="6" type="stmt"/>
        <line num="26" count="3" type="stmt"/>
        <line num="34" count="3" type="stmt"/>
        <line num="36" count="3" type="stmt"/>
        <line num="38" count="3" type="stmt"/>
        <line num="40" count="3" type="stmt"/>
        <line num="42" count="3" type="stmt"/>
        <line num="46" count="6" type="stmt"/>
        <line num="51" count="0" type="cond" truecount="0" falsecount="2"/>
        <line num="53" count="0" type="cond" truecount="0" falsecount="1"/>
        <line num="55" count="0" type="stmt"/>
        <line num="57" count="0" type="stmt"/>
        <line num="59" count="0" type="stmt"/>
        <line num="63" count="6" type="stmt"/>
        <line num="65" count="0" type="stmt"/>
        <line num="67" count="0" type="cond" truecount="0" falsecount="1"/>
        <line num="69" count="0" type="stmt"/>
        <line num="73" count="0" type="stmt"/>
        <line num="75" count="0" type="cond" truecount="0" falsecount="1"/>
        <line num="77" count="0" type="stmt"/>
        <line num="79" count="0" type="stmt"/>
        <line num="83" count="0" type="stmt"/>
        <line num="85" count="0" type="cond" truecount="0" falsecount="4"/>
        <line num="91" count="0" type="stmt"/>
        <line num="93" count="0" type="cond" truecount="0" falsecount="2"/>
        <line num="95" count="0" type="stmt"/>
        <line num="97" count="0" type="stmt"/>
        <line num="99" count="0" type="stmt"/>
        <line num="101" count="0" type="cond" truecount="0" falsecount="2"/>
        <line num="103" count="0" type="cond" truecount="0" falsecount="2"/>
        <line num="105" count="0" type="stmt"/>
        <line num="117" count="0" type="stmt"/>
        <line num="121" count="0" type="stmt"/>
        <line num="125" count="6" type="stmt"/>
        <line num="127" count="3" type="stmt"/>
        <line num="131" count="2" type="stmt"/>
        <line num="137" count="3" type="stmt"/>
        <line num="139" count="3" type="cond" truecount="1" falsecount="1"/>
        <line num="147" count="3" type="cond" truecount="1" falsecount="1"/>
        <line num="153" count="0" type="stmt"/>
        <line num="159" count="0" type="stmt"/>
        <line num="165" count="0" type="stmt"/>
        <line num="172" count="0" type="stmt"/>
        <line num="178" count="4" type="stmt"/>
        <line num="192" count="0" type="stmt"/>
        <line num="194" count="0" type="stmt"/>
        <line num="200" count="6" type="stmt"/>
        <line num="218" count="0" type="stmt"/>
        <line num="220" count="0" type="stmt"/>
        <line num="226" count="5" type="stmt"/>
        <line num="232" count="3" type="stmt"/>
        <line num="237" count="3" type="stmt"/>
        <line num="240" count="3" type="cond" truecount="1" falsecount="0"/>
        <line num="242" count="3" type="stmt"/>
        <line num="244" count="2" type="cond" truecount="1" falsecount="0"/>
        <line num="246" count="2" type="stmt"/>
        <line num="248" count="2" type="stmt"/>
        <line num="252" count="3" type="stmt"/>
        <line num="256" count="3" type="cond" truecount="2" falsecount="1"/>
        <line num="260" count="1" type="stmt"/>
        <line num="265" count="2" type="stmt"/>
        <line num="270" count="0" type="stmt"/>
        <line num="281" count="3" type="cond" truecount="2" falsecount="0"/>
        <line num="285" count="3" type="stmt"/>
        <line num="291" count="127" type="cond" truecount="1" falsecount="1"/>
        <line num="294" count="127" type="stmt"/>
        <line num="296" count="127" type="stmt"/>
        <line num="299" count="127" type="stmt"/>
        <line num="301" count="127" type="stmt"/>
        <line num="304" count="127" type="stmt"/>
        <line num="305" count="127" type="stmt"/>
        <line num="306" count="127" type="stmt"/>
        <line num="307" count="127" type="stmt"/>
        <line num="308" count="127" type="stmt"/>
        <line num="309" count="127" type="stmt"/>
        <line num="310" count="127" type="stmt"/>
        <line num="311" count="127" type="stmt"/>
        <line num="312" count="127" type="stmt"/>
        <line num="313" count="127" type="stmt"/>
        <line num="314" count="127" type="stmt"/>
        <line num="315" count="127" type="stmt"/>
        <line num="316" count="127" type="stmt"/>
        <line num="317" count="127" type="stmt"/>
        <line num="318" count="127" type="stmt"/>
        <line num="319" count="127" type="stmt"/>
        <line num="320" count="127" type="stmt"/>
        <line num="321" count="127" type="stmt"/>
        <line num="323" count="127" type="stmt"/>
        <line num="324" count="127" type="stmt"/>
        <line num="325" count="127" type="stmt"/>
        <line num="326" count="127" type="stmt"/>
        <line num="328" count="127" type="stmt"/>
        <line num="329" count="127" type="stmt"/>
        <line num="330" count="127" type="stmt"/>
        <line num="331" count="127" type="stmt"/>
        <line num="332" count="127" type="stmt"/>
        <line num="333" count="127" type="stmt"/>
        <line num="334" count="127" type="stmt"/>
        <line num="335" count="127" type="stmt"/>
        <line num="336" count="127" type="stmt"/>
        <line num="337" count="127" type="stmt"/>
        <line num="338" count="127" type="stmt"/>
        <line num="339" count="127" type="stmt"/>
        <line num="340" count="127" type="stmt"/>
        <line num="341" count="127" type="stmt"/>
        <line num="342" count="127" type="stmt"/>
        <line num="343" count="127" type="stmt"/>
        <line num="344" count="127" type="stmt"/>
        <line num="345" count="127" type="stmt"/>
        <line num="346" count="127" type="stmt"/>
        <line num="347" count="127" type="stmt"/>
        <line num="348" count="127" type="stmt"/>
        <line num="349" count="127" type="stmt"/>
        <line num="350" count="127" type="stmt"/>
        <line num="353" count="127" type="stmt"/>
        <line num="354" count="0" type="stmt"/>
        <line num="356" count="127" type="stmt"/>
        <line num="357" count="24" type="stmt"/>
        <line num="359" count="127" type="stmt"/>
        <line num="360" count="24" type="cond" truecount="4" falsecount="0"/>
        <line num="362" count="127" type="stmt"/>
        <line num="363" count="2" type="stmt"/>
        <line num="365" count="127" type="stmt"/>
        <line num="366" count="1" type="stmt"/>
        <line num="368" count="127" type="stmt"/>
        <line num="369" count="0" type="stmt"/>
        <line num="371" count="127" type="stmt"/>
        <line num="372" count="1" type="stmt"/>
        <line num="374" count="127" type="stmt"/>
        <line num="375" count="2" type="stmt"/>
        <line num="377" count="127" type="stmt"/>
        <line num="378" count="7" type="stmt"/>
        <line num="380" count="127" type="stmt"/>
        <line num="381" count="4" type="stmt"/>
        <line num="383" count="127" type="stmt"/>
        <line num="384" count="7" type="stmt"/>
        <line num="386" count="127" type="stmt"/>
        <line num="387" count="0" type="stmt"/>
        <line num="389" count="127" type="stmt"/>
        <line num="390" count="0" type="stmt"/>
        <line num="392" count="127" type="stmt"/>
        <line num="393" count="3" type="stmt"/>
        <line num="395" count="127" type="stmt"/>
        <line num="397" count="106" type="cond" truecount="2" falsecount="0"/>
        <line num="400" count="127" type="stmt"/>
        <line num="402" count="0" type="stmt"/>
        <line num="422" count="127" type="stmt"/>
        <line num="423" count="0" type="stmt"/>
        <line num="425" count="127" type="stmt"/>
        <line num="426" count="0" type="stmt"/>
        <line num="428" count="127" type="stmt"/>
        <line num="429" count="1" type="stmt"/>
        <line num="431" count="127" type="stmt"/>
        <line num="433" count="242" type="stmt"/>
        <line num="441" count="127" type="stmt"/>
        <line num="443" count="1" type="stmt"/>
        <line num="446" count="127" type="stmt"/>
        <line num="448" count="2" type="stmt"/>
        <line num="451" count="127" type="stmt"/>
        <line num="453" count="242" type="stmt"/>
        <line num="456" count="127" type="stmt"/>
        <line num="457" count="393" type="stmt"/>
        <line num="459" count="127" type="stmt"/>
        <line num="461" count="127" type="stmt"/>
        <line num="463" count="127" type="stmt"/>
        <line num="465" count="127" type="stmt"/>
        <line num="467" count="127" type="stmt"/>
        <line num="469" count="127" type="stmt"/>
        <line num="475" count="127" type="cond" truecount="1" falsecount="0"/>
        <line num="477" count="127" type="cond" truecount="0" falsecount="1"/>
        <line num="479" count="0" type="stmt"/>
        <line num="483" count="127" type="stmt"/>
        <line num="489" count="394" type="stmt"/>
        <line num="495" count="0" type="stmt"/>
        <line num="501" count="0" type="stmt"/>
        <line num="514" count="0" type="stmt"/>
        <line num="520" count="0" type="cond" truecount="0" falsecount="2"/>
        <line num="527" count="0" type="stmt"/>
        <line num="540" count="0" type="cond" truecount="0" falsecount="2"/>
        <line num="547" count="0" type="stmt"/>
        <line num="553" count="2286" type="stmt"/>
        <line num="559" count="508" type="stmt"/>
        <line num="565" count="0" type="stmt"/>
        <line num="571" count="0" type="stmt"/>
        <line num="577" count="127" type="stmt"/>
        <line num="583" count="6" type="stmt"/>
        <line num="588" count="6" type="cond" truecount="2" falsecount="0"/>
        <line num="590" count="3" type="stmt"/>
        <line num="594" count="3" type="stmt"/>
        <line num="596" count="3" type="stmt"/>
        <line num="598" count="1" type="stmt"/>
        <line num="602" count="3" type="stmt"/>
        <line num="604" count="3" type="stmt"/>
        <line num="612" count="3" type="stmt"/>
        <line num="614" count="4" type="cond" truecount="1" falsecount="1"/>
        <line num="616" count="0" type="stmt"/>
        <line num="618" count="0" type="stmt"/>
        <line num="622" count="4" type="stmt"/>
        <line num="626" count="4" type="stmt"/>
        <line num="630" count="3" type="stmt"/>
        <line num="633" count="3" type="stmt"/>
        <line num="640" count="3" type="stmt"/>
        <line num="642" count="3" type="stmt"/>
        <line num="645" count="3" type="stmt"/>
        <line num="668" count="3" type="cond" truecount="1" falsecount="3"/>
        <line num="670" count="0" type="stmt"/>
        <line num="672" count="0" type="stmt"/>
        <line num="675" count="3" type="stmt"/>
        <line num="681" count="1542" type="cond" truecount="1" falsecount="0"/>
        <line num="684" count="1540" type="cond" truecount="1" falsecount="0"/>
        <line num="686" count="438" type="stmt"/>
        <line num="688" count="438" type="stmt"/>
        <line num="692" count="1540" type="stmt"/>
        <line num="698" count="0" type="stmt"/>
        <line num="704" count="3" type="stmt"/>
        <line num="723" count="18" type="stmt"/>
        <line num="725" count="18" type="stmt"/>
        <line num="727" count="18" type="cond" truecount="1" falsecount="1"/>
        <line num="729" count="18" type="stmt"/>
        <line num="731" count="18" type="stmt"/>
        <line num="733" count="18" type="stmt"/>
        <line num="735" count="18" type="stmt"/>
        <line num="737" count="18" type="stmt"/>
        <line num="739" count="18" type="cond" truecount="1" falsecount="0"/>
        <line num="741" count="17" type="stmt"/>
        <line num="744" count="18" type="cond" truecount="2" falsecount="0"/>
        <line num="746" count="4" type="stmt"/>
        <line num="748" count="4" type="stmt"/>
        <line num="750" count="4" type="stmt"/>
        <line num="754" count="14" type="stmt"/>
        <line num="756" count="14" type="stmt"/>
        <line num="759" count="18" type="cond" truecount="1" falsecount="0"/>
        <line num="761" count="14" type="stmt"/>
        <line num="764" count="18" type="stmt"/>
        <line num="766" count="18" type="cond" truecount="2" falsecount="0"/>
        <line num="768" count="4" type="stmt"/>
        <line num="770" count="4" type="stmt"/>
        <line num="774" count="14" type="stmt"/>
        <line num="776" count="14" type="stmt"/>
        <line num="779" count="18" type="stmt"/>
        <line num="781" count="7" type="stmt"/>
        <line num="783" count="7" type="stmt"/>
        <line num="785" count="7" type="stmt"/>
        <line num="787" count="7" type="stmt"/>
        <line num="789" count="7" type="stmt"/>
        <line num="791" count="7" type="cond" truecount="1" falsecount="0"/>
        <line num="793" count="5" type="stmt"/>
        <line num="796" count="7" type="cond" truecount="2" falsecount="0"/>
        <line num="798" count="3" type="stmt"/>
        <line num="800" count="3" type="stmt"/>
        <line num="802" count="3" type="stmt"/>
        <line num="806" count="4" type="stmt"/>
        <line num="808" count="4" type="stmt"/>
        <line num="811" count="7" type="cond" truecount="1" falsecount="0"/>
        <line num="813" count="4" type="stmt"/>
        <line num="816" count="7" type="stmt"/>
        <line num="818" count="7" type="cond" truecount="2" falsecount="0"/>
        <line num="820" count="3" type="stmt"/>
        <line num="822" count="3" type="stmt"/>
        <line num="826" count="4" type="stmt"/>
        <line num="828" count="4" type="stmt"/>
        <line num="832" count="18" type="stmt"/>
        <line num="834" count="18" type="stmt"/>
        <line num="838" count="0" type="stmt"/>
        <line num="840" count="0" type="stmt"/>
        <line num="844" count="18" type="stmt"/>
        <line num="854" count="25" type="cond" truecount="2" falsecount="0"/>
        <line num="856" count="3" type="stmt"/>
        <line num="858" count="3" type="stmt"/>
        <line num="862" count="22" type="stmt"/>
        <line num="864" count="22" type="cond" truecount="1" falsecount="0"/>
        <line num="868" count="25" type="stmt"/>
        <line num="878" count="22" type="cond" truecount="2" falsecount="0"/>
        <line num="880" count="4" type="stmt"/>
        <line num="882" count="4" type="stmt"/>
        <line num="886" count="18" type="stmt"/>
        <line num="888" count="18" type="cond" truecount="1" falsecount="0"/>
        <line num="892" count="22" type="stmt"/>
        <line num="902" count="45" type="stmt"/>
        <line num="904" count="45" type="cond" truecount="1" falsecount="0"/>
        <line num="906" count="45" type="stmt"/>
        <line num="908" count="45" type="cond" truecount="1" falsecount="0"/>
        <line num="910" count="21" type="stmt"/>
        <line num="912" count="21" type="cond" truecount="1" falsecount="0"/>
        <line num="914" count="19" type="stmt"/>
        <line num="916" count="19" type="cond" truecount="1" falsecount="0"/>
        <line num="918" count="18" type="stmt"/>
        <line num="925" count="45" type="stmt"/>
        <line num="935" count="45" type="stmt"/>
        <line num="937" count="45" type="cond" truecount="1" falsecount="1"/>
        <line num="939" count="0" type="stmt"/>
        <line num="941" count="0" type="stmt"/>
        <line num="945" count="45" type="stmt"/>
        <line num="947" count="45" type="cond" truecount="1" falsecount="0"/>
        <line num="950" count="45" type="cond" truecount="1" falsecount="1"/>
        <line num="952" count="0" type="stmt"/>
        <line num="954" count="0" type="stmt"/>
        <line num="956" count="0" type="cond" truecount="0" falsecount="2"/>
        <line num="958" count="0" type="stmt"/>
        <line num="960" count="0" type="cond" truecount="0" falsecount="2"/>
        <line num="962" count="0" type="stmt"/>
        <line num="964" count="0" type="stmt"/>
        <line num="968" count="0" type="stmt"/>
        <line num="970" count="0" type="cond" truecount="0" falsecount="1"/>
        <line num="973" count="0" type="cond" truecount="0" falsecount="2"/>
        <line num="975" count="0" type="stmt"/>
        <line num="977" count="0" type="stmt"/>
        <line num="981" count="0" type="stmt"/>
        <line num="983" count="0" type="stmt"/>
        <line num="988" count="0" type="stmt"/>
        <line num="990" count="0" type="stmt"/>
        <line num="995" count="45" type="stmt"/>
        <line num="997" count="45" type="stmt"/>
        <line num="1001" count="45" type="stmt"/>
        <line num="1011" count="45" type="stmt"/>
        <line num="1013" count="45" type="stmt"/>
        <line num="1015" count="45" type="cond" truecount="1" falsecount="0"/>
        <line num="1017" count="21" type="stmt"/>
        <line num="1020" count="45" type="stmt"/>
        <line num="1022" count="45" type="stmt"/>
        <line num="1024" count="45" type="cond" truecount="2" falsecount="0"/>
        <line num="1026" count="24" type="stmt"/>
        <line num="1028" count="24" type="stmt"/>
        <line num="1032" count="21" type="stmt"/>
        <line num="1034" count="21" type="stmt"/>
        <line num="1038" count="45" type="stmt"/>
        <line num="1048" count="45" type="stmt"/>
        <line num="1050" count="45" type="stmt"/>
        <line num="1052" count="45" type="cond" truecount="1" falsecount="0"/>
        <line num="1054" count="45" type="stmt"/>
        <line num="1057" count="45" type="stmt"/>
        <line num="1059" count="45" type="cond" truecount="2" falsecount="0"/>
        <line num="1061" count="24" type="stmt"/>
        <line num="1063" count="24" type="cond" truecount="2" falsecount="0"/>
        <line num="1065" count="5" type="stmt"/>
        <line num="1067" count="5" type="stmt"/>
        <line num="1071" count="19" type="stmt"/>
        <line num="1073" count="19" type="cond" truecount="1" falsecount="0"/>
        <line num="1076" count="24" type="cond" truecount="2" falsecount="0"/>
        <line num="1078" count="5" type="stmt"/>
        <line num="1080" count="5" type="cond" truecount="1" falsecount="1"/>
        <line num="1082" count="5" type="stmt"/>
        <line num="1084" count="5" type="stmt"/>
        <line num="1088" count="0" type="stmt"/>
        <line num="1090" count="0" type="stmt"/>
        <line num="1095" count="19" type="stmt"/>
        <line num="1097" count="19" type="stmt"/>
        <line num="1100" count="24" type="cond" truecount="1" falsecount="0"/>
        <line num="1102" count="19" type="stmt"/>
        <line num="1105" count="24" type="stmt"/>
        <line num="1107" count="24" type="stmt"/>
        <line num="1111" count="21" type="stmt"/>
        <line num="1113" count="21" type="stmt"/>
        <line num="1117" count="45" type="stmt"/>
        <line num="1127" count="21" type="stmt"/>
        <line num="1129" count="21" type="cond" truecount="2" falsecount="0"/>
        <line num="1131" count="2" type="stmt"/>
        <line num="1133" count="2" type="stmt"/>
        <line num="1137" count="19" type="stmt"/>
        <line num="1139" count="19" type="cond" truecount="1" falsecount="0"/>
        <line num="1142" count="21" type="cond" truecount="2" falsecount="0"/>
        <line num="1144" count="2" type="stmt"/>
        <line num="1146" count="2" type="stmt"/>
        <line num="1148" count="2" type="cond" truecount="1" falsecount="1"/>
        <line num="1150" count="2" type="stmt"/>
        <line num="1152" count="2" type="stmt"/>
        <line num="1156" count="0" type="stmt"/>
        <line num="1158" count="0" type="stmt"/>
        <line num="1163" count="19" type="stmt"/>
        <line num="1165" count="19" type="stmt"/>
        <line num="1169" count="21" type="stmt"/>
        <line num="1179" count="19" type="stmt"/>
        <line num="1181" count="19" type="cond" truecount="2" falsecount="0"/>
        <line num="1183" count="1" type="stmt"/>
        <line num="1185" count="1" type="stmt"/>
        <line num="1189" count="18" type="stmt"/>
        <line num="1191" count="18" type="cond" truecount="1" falsecount="0"/>
        <line num="1194" count="19" type="cond" truecount="1" falsecount="0"/>
        <line num="1196" count="1" type="stmt"/>
        <line num="1198" count="1" type="stmt"/>
        <line num="1201" count="19" type="stmt"/>
        <line num="1204" count="19" type="stmt"/>
        <line num="1214" count="18" type="stmt"/>
        <line num="1216" count="18" type="cond" truecount="1" falsecount="1"/>
        <line num="1218" count="0" type="stmt"/>
        <line num="1220" count="0" type="stmt"/>
        <line num="1224" count="18" type="stmt"/>
        <line num="1226" count="18" type="cond" truecount="1" falsecount="0"/>
        <line num="1229" count="18" type="cond" truecount="0" falsecount="1"/>
        <line num="1231" count="0" type="stmt"/>
        <line num="1233" count="0" type="stmt"/>
        <line num="1236" count="18" type="stmt"/>
        <line num="1239" count="18" type="stmt"/>
        <line num="1249" count="45" type="stmt"/>
        <line num="1251" count="45" type="cond" truecount="2" falsecount="0"/>
        <line num="1253" count="1" type="stmt"/>
        <line num="1255" count="1" type="stmt"/>
        <line num="1259" count="44" type="stmt"/>
        <line num="1261" count="44" type="cond" truecount="1" falsecount="0"/>
        <line num="1264" count="45" type="cond" truecount="1" falsecount="0"/>
        <line num="1266" count="1" type="stmt"/>
        <line num="1268" count="1" type="stmt"/>
        <line num="1271" count="45" type="stmt"/>
        <line num="1273" count="45" type="cond" truecount="1" falsecount="0"/>
        <line num="1275" count="44" type="stmt"/>
        <line num="1277" count="44" type="cond" truecount="2" falsecount="0"/>
        <line num="1279" count="2" type="stmt"/>
        <line num="1281" count="2" type="stmt"/>
        <line num="1285" count="42" type="stmt"/>
        <line num="1287" count="42" type="cond" truecount="1" falsecount="0"/>
        <line num="1290" count="44" type="cond" truecount="1" falsecount="0"/>
        <line num="1292" count="2" type="stmt"/>
        <line num="1294" count="2" type="stmt"/>
        <line num="1297" count="44" type="stmt"/>
        <line num="1299" count="44" type="cond" truecount="1" falsecount="0"/>
        <line num="1301" count="42" type="stmt"/>
        <line num="1303" count="42" type="cond" truecount="2" falsecount="0"/>
        <line num="1305" count="7" type="stmt"/>
        <line num="1307" count="7" type="stmt"/>
        <line num="1311" count="35" type="stmt"/>
        <line num="1313" count="35" type="cond" truecount="1" falsecount="0"/>
        <line num="1316" count="42" type="cond" truecount="1" falsecount="0"/>
        <line num="1318" count="7" type="stmt"/>
        <line num="1320" count="7" type="stmt"/>
        <line num="1323" count="42" type="stmt"/>
        <line num="1325" count="42" type="cond" truecount="1" falsecount="0"/>
        <line num="1327" count="35" type="stmt"/>
        <line num="1329" count="35" type="cond" truecount="2" falsecount="0"/>
        <line num="1331" count="4" type="stmt"/>
        <line num="1333" count="4" type="stmt"/>
        <line num="1337" count="31" type="stmt"/>
        <line num="1339" count="31" type="cond" truecount="1" falsecount="0"/>
        <line num="1342" count="35" type="cond" truecount="1" falsecount="0"/>
        <line num="1344" count="4" type="stmt"/>
        <line num="1346" count="4" type="stmt"/>
        <line num="1349" count="35" type="stmt"/>
        <line num="1351" count="35" type="cond" truecount="1" falsecount="0"/>
        <line num="1353" count="31" type="stmt"/>
        <line num="1355" count="31" type="cond" truecount="2" falsecount="0"/>
        <line num="1357" count="7" type="stmt"/>
        <line num="1359" count="7" type="stmt"/>
        <line num="1363" count="24" type="stmt"/>
        <line num="1365" count="24" type="cond" truecount="1" falsecount="0"/>
        <line num="1368" count="31" type="cond" truecount="1" falsecount="0"/>
        <line num="1370" count="7" type="stmt"/>
        <line num="1372" count="7" type="stmt"/>
        <line num="1375" count="31" type="stmt"/>
        <line num="1377" count="31" type="cond" truecount="1" falsecount="0"/>
        <line num="1379" count="24" type="stmt"/>
        <line num="1381" count="24" type="cond" truecount="1" falsecount="1"/>
        <line num="1383" count="0" type="stmt"/>
        <line num="1385" count="0" type="stmt"/>
        <line num="1389" count="24" type="stmt"/>
        <line num="1391" count="24" type="cond" truecount="1" falsecount="0"/>
        <line num="1394" count="24" type="cond" truecount="0" falsecount="1"/>
        <line num="1396" count="0" type="stmt"/>
        <line num="1398" count="0" type="stmt"/>
        <line num="1401" count="24" type="stmt"/>
        <line num="1403" count="24" type="cond" truecount="1" falsecount="0"/>
        <line num="1405" count="24" type="stmt"/>
        <line num="1407" count="24" type="cond" truecount="1" falsecount="1"/>
        <line num="1409" count="0" type="stmt"/>
        <line num="1411" count="0" type="stmt"/>
        <line num="1415" count="24" type="stmt"/>
        <line num="1417" count="24" type="cond" truecount="1" falsecount="0"/>
        <line num="1420" count="24" type="cond" truecount="0" falsecount="1"/>
        <line num="1422" count="0" type="stmt"/>
        <line num="1424" count="0" type="stmt"/>
        <line num="1427" count="24" type="stmt"/>
        <line num="1429" count="24" type="cond" truecount="1" falsecount="0"/>
        <line num="1431" count="24" type="stmt"/>
        <line num="1433" count="24" type="cond" truecount="2" falsecount="0"/>
        <line num="1435" count="3" type="stmt"/>
        <line num="1437" count="3" type="stmt"/>
        <line num="1441" count="21" type="stmt"/>
        <line num="1443" count="21" type="cond" truecount="1" falsecount="0"/>
        <line num="1446" count="24" type="cond" truecount="1" falsecount="0"/>
        <line num="1448" count="3" type="stmt"/>
        <line num="1450" count="3" type="stmt"/>
        <line num="1453" count="24" type="stmt"/>
        <line num="1463" count="45" type="stmt"/>
        <line num="1473" count="109" type="stmt"/>
        <line num="1475" count="109" type="stmt"/>
        <line num="1477" count="109" type="cond" truecount="1" falsecount="0"/>
        <line num="1479" count="109" type="stmt"/>
        <line num="1482" count="109" type="stmt"/>
        <line num="1484" count="109" type="cond" truecount="2" falsecount="0"/>
        <line num="1486" count="107" type="cond" truecount="2" falsecount="0"/>
        <line num="1488" count="106" type="stmt"/>
        <line num="1490" count="106" type="stmt"/>
        <line num="1494" count="1" type="stmt"/>
        <line num="1496" count="1" type="cond" truecount="1" falsecount="0"/>
        <line num="1499" count="107" type="cond" truecount="2" falsecount="0"/>
        <line num="1501" count="106" type="stmt"/>
        <line num="1503" count="106" type="cond" truecount="1" falsecount="1"/>
        <line num="1505" count="106" type="stmt"/>
        <line num="1507" count="106" type="stmt"/>
        <line num="1511" count="0" type="stmt"/>
        <line num="1513" count="0" type="stmt"/>
        <line num="1518" count="1" type="stmt"/>
        <line num="1520" count="1" type="stmt"/>
        <line num="1525" count="2" type="stmt"/>
        <line num="1527" count="2" type="stmt"/>
        <line num="1531" count="109" type="stmt"/>
        <line num="1541" count="0" type="stmt"/>
        <line num="1543" count="0" type="stmt"/>
        <line num="1545" count="0" type="cond" truecount="0" falsecount="2"/>
        <line num="1547" count="0" type="cond" truecount="0" falsecount="2"/>
        <line num="1549" count="0" type="stmt"/>
        <line num="1551" count="0" type="stmt"/>
        <line num="1555" count="0" type="stmt"/>
        <line num="1557" count="0" type="cond" truecount="0" falsecount="1"/>
        <line num="1560" count="0" type="cond" truecount="0" falsecount="2"/>
        <line num="1562" count="0" type="stmt"/>
        <line num="1564" count="0" type="cond" truecount="0" falsecount="2"/>
        <line num="1566" count="0" type="cond" truecount="0" falsecount="2"/>
        <line num="1568" count="0" type="stmt"/>
        <line num="1570" count="0" type="stmt"/>
        <line num="1574" count="0" type="stmt"/>
        <line num="1576" count="0" type="cond" truecount="0" falsecount="1"/>
        <line num="1579" count="0" type="cond" truecount="0" falsecount="2"/>
        <line num="1581" count="0" type="stmt"/>
        <line num="1583" count="0" type="cond" truecount="0" falsecount="2"/>
        <line num="1585" count="0" type="stmt"/>
        <line num="1587" count="0" type="cond" truecount="0" falsecount="2"/>
        <line num="1589" count="0" type="stmt"/>
        <line num="1591" count="0" type="stmt"/>
        <line num="1595" count="0" type="stmt"/>
        <line num="1597" count="0" type="cond" truecount="0" falsecount="1"/>
        <line num="1600" count="0" type="cond" truecount="0" falsecount="2"/>
        <line num="1602" count="0" type="stmt"/>
        <line num="1604" count="0" type="cond" truecount="0" falsecount="2"/>
        <line num="1606" count="0" type="stmt"/>
        <line num="1608" count="0" type="stmt"/>
        <line num="1612" count="0" type="stmt"/>
        <line num="1614" count="0" type="stmt"/>
        <line num="1619" count="0" type="stmt"/>
        <line num="1621" count="0" type="stmt"/>
        <line num="1624" count="0" type="cond" truecount="0" falsecount="1"/>
        <line num="1626" count="0" type="stmt"/>
        <line num="1629" count="0" type="stmt"/>
        <line num="1631" count="0" type="stmt"/>
        <line num="1635" count="0" type="stmt"/>
        <line num="1637" count="0" type="stmt"/>
        <line num="1642" count="0" type="stmt"/>
        <line num="1644" count="0" type="stmt"/>
        <line num="1649" count="0" type="stmt"/>
        <line num="1651" count="0" type="stmt"/>
        <line num="1656" count="0" type="stmt"/>
        <line num="1658" count="0" type="stmt"/>
        <line num="1663" count="0" type="stmt"/>
        <line num="1665" count="0" type="stmt"/>
        <line num="1669" count="0" type="stmt"/>
        <line num="1679" count="154" type="stmt"/>
        <line num="1681" count="154" type="cond" truecount="1" falsecount="1"/>
        <line num="1683" count="0" type="stmt"/>
        <line num="1685" count="0" type="stmt"/>
        <line num="1689" count="154" type="stmt"/>
        <line num="1691" count="154" type="cond" truecount="1" falsecount="0"/>
        <line num="1694" count="154" type="cond" truecount="1" falsecount="1"/>
        <line num="1696" count="0" type="stmt"/>
        <line num="1698" count="0" type="cond" truecount="0" falsecount="2"/>
        <line num="1700" count="0" type="cond" truecount="0" falsecount="2"/>
        <line num="1702" count="0" type="stmt"/>
        <line num="1704" count="0" type="stmt"/>
        <line num="1708" count="0" type="stmt"/>
        <line num="1710" count="0" type="cond" truecount="0" falsecount="1"/>
        <line num="1713" count="0" type="cond" truecount="0" falsecount="2"/>
        <line num="1715" count="0" type="stmt"/>
        <line num="1717" count="0" type="stmt"/>
        <line num="1721" count="0" type="stmt"/>
        <line num="1723" count="0" type="stmt"/>
        <line num="1728" count="0" type="stmt"/>
        <line num="1730" count="0" type="stmt"/>
        <line num="1735" count="154" type="stmt"/>
        <line num="1737" count="154" type="stmt"/>
        <line num="1741" count="154" type="stmt"/>
        <line num="1751" count="0" type="stmt"/>
        <line num="1753" count="0" type="stmt"/>
        <line num="1755" count="0" type="cond" truecount="0" falsecount="2"/>
        <line num="1757" count="0" type="stmt"/>
        <line num="1759" count="0" type="stmt"/>
        <line num="1763" count="0" type="stmt"/>
        <line num="1765" count="0" type="cond" truecount="0" falsecount="1"/>
        <line num="1768" count="0" type="cond" truecount="0" falsecount="2"/>
        <line num="1770" count="0" type="stmt"/>
        <line num="1772" count="0" type="stmt"/>
        <line num="1774" count="0" type="cond" truecount="0" falsecount="2"/>
        <line num="1776" count="0" type="stmt"/>
        <line num="1778" count="0" type="stmt"/>
        <line num="1782" count="0" type="stmt"/>
        <line num="1784" count="0" type="cond" truecount="0" falsecount="1"/>
        <line num="1790" count="0" type="stmt"/>
        <line num="1793" count="0" type="cond" truecount="0" falsecount="1"/>
        <line num="1795" count="0" type="stmt"/>
        <line num="1797" count="0" type="stmt"/>
        <line num="1800" count="0" type="stmt"/>
        <line num="1803" count="0" type="stmt"/>
        <line num="1813" count="1" type="stmt"/>
        <line num="1815" count="1" type="stmt"/>
        <line num="1817" count="1" type="cond" truecount="1" falsecount="1"/>
        <line num="1819" count="1" type="stmt"/>
        <line num="1821" count="1" type="stmt"/>
        <line num="1825" count="0" type="stmt"/>
        <line num="1827" count="0" type="cond" truecount="0" falsecount="1"/>
        <line num="1830" count="1" type="cond" truecount="1" falsecount="1"/>
        <line num="1832" count="1" type="stmt"/>
        <line num="1834" count="4" type="stmt"/>
        <line num="1836" count="4" type="cond" truecount="2" falsecount="0"/>
        <line num="1838" count="3" type="stmt"/>
        <line num="1840" count="3" type="stmt"/>
        <line num="1844" count="1" type="stmt"/>
        <line num="1846" count="1" type="cond" truecount="1" falsecount="0"/>
        <line num="1852" count="0" type="stmt"/>
        <line num="1855" count="1" type="cond" truecount="1" falsecount="0"/>
        <line num="1857" count="1" type="stmt"/>
        <line num="1859" count="1" type="stmt"/>
        <line num="1862" count="1" type="stmt"/>
        <line num="1865" count="1" type="stmt"/>
        <line num="1875" count="265" type="stmt"/>
        <line num="1877" count="265" type="stmt"/>
        <line num="1879" count="265" type="cond" truecount="2" falsecount="0"/>
        <line num="1881" count="242" type="stmt"/>
        <line num="1883" count="242" type="cond" truecount="1" falsecount="0"/>
        <line num="1885" count="241" type="stmt"/>
        <line num="1888" count="242" type="stmt"/>
        <line num="1890" count="242" type="stmt"/>
        <line num="1894" count="23" type="stmt"/>
        <line num="1896" count="23" type="stmt"/>
        <line num="1900" count="265" type="stmt"/>
        <line num="1910" count="242" type="stmt"/>
        <line num="1912" count="242" type="cond" truecount="2" falsecount="0"/>
        <line num="1914" count="1" type="stmt"/>
        <line num="1916" count="1" type="stmt"/>
        <line num="1920" count="241" type="stmt"/>
        <line num="1922" count="241" type="cond" truecount="1" falsecount="0"/>
        <line num="1925" count="242" type="cond" truecount="2" falsecount="0"/>
        <line num="1927" count="1" type="stmt"/>
        <line num="1929" count="1" type="cond" truecount="1" falsecount="1"/>
        <line num="1931" count="1" type="stmt"/>
        <line num="1933" count="1" type="stmt"/>
        <line num="1935" count="1" type="cond" truecount="1" falsecount="1"/>
        <line num="1937" count="1" type="stmt"/>
        <line num="1939" count="1" type="stmt"/>
        <line num="1943" count="0" type="stmt"/>
        <line num="1945" count="0" type="cond" truecount="0" falsecount="1"/>
        <line num="1948" count="1" type="cond" truecount="1" falsecount="1"/>
        <line num="1950" count="1" type="stmt"/>
        <line num="1952" count="1" type="cond" truecount="1" falsecount="1"/>
        <line num="1954" count="1" type="stmt"/>
        <line num="1956" count="1" type="stmt"/>
        <line num="1960" count="0" type="stmt"/>
        <line num="1962" count="0" type="stmt"/>
        <line num="1967" count="0" type="stmt"/>
        <line num="1969" count="0" type="stmt"/>
        <line num="1972" count="1" type="stmt"/>
        <line num="1974" count="1" type="stmt"/>
        <line num="1976" count="1" type="stmt"/>
        <line num="1978" count="1" type="cond" truecount="1" falsecount="1"/>
        <line num="1980" count="0" type="stmt"/>
        <line num="1982" count="0" type="stmt"/>
        <line num="1986" count="1" type="stmt"/>
        <line num="1988" count="1" type="cond" truecount="1" falsecount="0"/>
        <line num="1991" count="1" type="cond" truecount="1" falsecount="1"/>
        <line num="1993" count="0" type="stmt"/>
        <line num="1995" count="0" type="cond" truecount="0" falsecount="2"/>
        <line num="1997" count="0" type="stmt"/>
        <line num="1999" count="0" type="stmt"/>
        <line num="2003" count="0" type="stmt"/>
        <line num="2005" count="0" type="stmt"/>
        <line num="2010" count="1" type="stmt"/>
        <line num="2012" count="1" type="stmt"/>
        <line num="2016" count="1" type="stmt"/>
        <line num="2018" count="1" type="stmt"/>
        <line num="2022" count="0" type="stmt"/>
        <line num="2024" count="0" type="stmt"/>
        <line num="2029" count="241" type="stmt"/>
        <line num="2031" count="241" type="stmt"/>
        <line num="2035" count="242" type="stmt"/>
        <line num="2045" count="2" type="stmt"/>
        <line num="2047" count="2" type="cond" truecount="1" falsecount="1"/>
        <line num="2049" count="0" type="stmt"/>
        <line num="2051" count="0" type="stmt"/>
        <line num="2055" count="2" type="stmt"/>
        <line num="2057" count="2" type="cond" truecount="1" falsecount="0"/>
        <line num="2060" count="2" type="cond" truecount="1" falsecount="0"/>
        <line num="2062" count="2" type="stmt"/>
        <line num="2065" count="2" type="stmt"/>
        <line num="2067" count="2" type="cond" truecount="1" falsecount="0"/>
        <line num="2069" count="1" type="stmt"/>
        <line num="2072" count="2" type="cond" truecount="1" falsecount="1"/>
        <line num="2074" count="2" type="stmt"/>
        <line num="2076" count="2" type="stmt"/>
        <line num="2080" count="0" type="stmt"/>
        <line num="2082" count="0" type="stmt"/>
        <line num="2086" count="2" type="stmt"/>
        <line num="2096" count="265" type="stmt"/>
        <line num="2098" count="265" type="stmt"/>
        <line num="2100" count="265" type="cond" truecount="2" falsecount="0"/>
        <line num="2102" count="242" type="stmt"/>
        <line num="2104" count="242" type="stmt"/>
        <line num="2106" count="242" type="cond" truecount="2" falsecount="0"/>
        <line num="2108" count="93" type="stmt"/>
        <line num="2110" count="93" type="stmt"/>
        <line num="2114" count="149" type="stmt"/>
        <line num="2116" count="149" type="cond" truecount="1" falsecount="0"/>
        <line num="2119" count="242" type="cond" truecount="2" falsecount="0"/>
        <line num="2121" count="93" type="stmt"/>
        <line num="2123" count="93" type="cond" truecount="2" falsecount="0"/>
        <line num="2125" count="92" type="stmt"/>
        <line num="2127" count="92" type="stmt"/>
        <line num="2131" count="1" type="stmt"/>
        <line num="2133" count="1" type="stmt"/>
        <line num="2138" count="149" type="stmt"/>
        <line num="2140" count="149" type="stmt"/>
        <line num="2143" count="242" type="stmt"/>
        <line num="2145" count="150" type="stmt"/>
        <line num="2147" count="150" type="stmt"/>
        <line num="2149" count="150" type="cond" truecount="2" falsecount="0"/>
        <line num="2151" count="58" type="stmt"/>
        <line num="2153" count="58" type="stmt"/>
        <line num="2157" count="92" type="stmt"/>
        <line num="2159" count="92" type="cond" truecount="1" falsecount="0"/>
        <line num="2162" count="150" type="cond" truecount="2" falsecount="0"/>
        <line num="2164" count="58" type="stmt"/>
        <line num="2166" count="58" type="cond" truecount="1" falsecount="1"/>
        <line num="2168" count="58" type="stmt"/>
        <line num="2170" count="58" type="stmt"/>
        <line num="2174" count="0" type="stmt"/>
        <line num="2176" count="0" type="stmt"/>
        <line num="2181" count="92" type="stmt"/>
        <line num="2183" count="92" type="stmt"/>
        <line num="2187" count="242" type="stmt"/>
        <line num="2189" count="242" type="stmt"/>
        <line num="2193" count="23" type="stmt"/>
        <line num="2195" count="23" type="stmt"/>
        <line num="2199" count="265" type="stmt"/>
        <line num="2209" count="418" type="stmt"/>
        <line num="2211" count="418" type="stmt"/>
        <line num="2213" count="418" type="cond" truecount="2" falsecount="0"/>
        <line num="2215" count="393" type="stmt"/>
        <line num="2217" count="393" type="stmt"/>
        <line num="2221" count="25" type="stmt"/>
        <line num="2223" count="25" type="cond" truecount="1" falsecount="0"/>
        <line num="2226" count="418" type="cond" truecount="2" falsecount="0"/>
        <line num="2228" count="393" type="stmt"/>
        <line num="2230" count="395" type="stmt"/>
        <line num="2232" count="395" type="cond" truecount="2" falsecount="0"/>
        <line num="2234" count="2" type="stmt"/>
        <line num="2236" count="2" type="stmt"/>
        <line num="2240" count="393" type="stmt"/>
        <line num="2242" count="393" type="cond" truecount="1" falsecount="0"/>
        <line num="2248" count="25" type="stmt"/>
        <line num="2251" count="418" type="cond" truecount="1" falsecount="0"/>
        <line num="2253" count="393" type="stmt"/>
        <line num="2255" count="393" type="stmt"/>
        <line num="2258" count="418" type="stmt"/>
        <line num="2261" count="418" type="stmt"/>
        <line num="2271" count="79" type="stmt"/>
        <line num="2273" count="79" type="stmt"/>
        <line num="2275" count="79" type="cond" truecount="2" falsecount="0"/>
        <line num="2277" count="14" type="stmt"/>
        <line num="2279" count="14" type="stmt"/>
        <line num="2283" count="65" type="stmt"/>
        <line num="2285" count="65" type="cond" truecount="0" falsecount="1"/>
        <line num="2288" count="79" type="stmt"/>
        <line num="2290" count="14" type="stmt"/>
        <line num="2292" count="14" type="cond" truecount="1" falsecount="1"/>
        <line num="2294" count="0" type="stmt"/>
        <line num="2296" count="0" type="stmt"/>
        <line num="2300" count="14" type="stmt"/>
        <line num="2302" count="14" type="cond" truecount="0" falsecount="1"/>
        <line num="2306" count="79" type="stmt"/>
        <line num="2308" count="79" type="stmt"/>
        <line num="2310" count="79" type="cond" truecount="1" falsecount="0"/>
        <line num="2313" count="79" type="stmt"/>
        <line num="2317" count="127" type="stmt"/>
        <line num="2320" count="127" type="cond" truecount="4" falsecount="0"/>
        <line num="2322" count="124" type="stmt"/>
        <line num="2326" count="3" type="cond" truecount="1" falsecount="2"/>
        <line num="2328" count="0" type="stmt"/>
        <line num="2332" count="3" type="stmt"/>
        <line num="2348" count="6" type="stmt"/>
        <line num="2422" count="6" type="stmt"/>
        <line num="2457" count="6" type="stmt"/>
        <line num="2459" count="6" type="stmt"/>
      </file>
      <file name="index.ts" path="/Users/matthill/Code/start9/start-os/sdk/lib/exver/index.ts">
        <metrics statements="157" coveredstatements="97" conditionals="99" coveredconditionals="65" methods="39" coveredmethods="30"/>
        <line num="1" count="6" type="stmt"/>
        <line num="46" count="6" type="stmt"/>
        <line num="47" count="87" type="stmt"/>
        <line num="50" count="50" type="cond" truecount="3" falsecount="3"/>
        <line num="52" count="20" type="stmt"/>
        <line num="54" count="0" type="stmt"/>
        <line num="56" count="20" type="stmt"/>
        <line num="58" count="0" type="stmt"/>
        <line num="60" count="0" type="stmt"/>
        <line num="62" count="10" type="stmt"/>
        <line num="67" count="27" type="cond" truecount="3" falsecount="1"/>
        <line num="69" count="2" type="stmt"/>
        <line num="74" count="0" type="stmt"/>
        <line num="76" count="24" type="stmt"/>
        <line num="92" count="1" type="stmt"/>
        <line num="97" count="18" type="stmt"/>
        <line num="98" count="18" type="stmt"/>
        <line num="99" count="7" type="cond" truecount="3" falsecount="0"/>
        <line num="101" count="3" type="stmt"/>
        <line num="106" count="3" type="stmt"/>
        <line num="109" count="4" type="stmt"/>
        <line num="114" count="4" type="stmt"/>
        <line num="117" count="18" type="stmt"/>
        <line num="121" count="18" type="stmt"/>
        <line num="127" count="1" type="stmt"/>
        <line num="131" count="21" type="stmt"/>
        <line num="135" count="1" type="stmt"/>
        <line num="139" count="20" type="stmt"/>
        <line num="143" count="0" type="stmt"/>
        <line num="147" count="10" type="stmt"/>
        <line num="151" count="112" type="stmt"/>
        <line num="155" count="6" type="stmt"/>
        <line num="157" count="308" type="stmt"/>
        <line num="158" count="308" type="stmt"/>
        <line num="162" count="40" type="cond" truecount="1" falsecount="1"/>
        <line num="166" count="235" type="stmt"/>
        <line num="167" count="235" type="stmt"/>
        <line num="168" count="419" type="cond" truecount="6" falsecount="0"/>
        <line num="169" count="63" type="stmt"/>
        <line num="170" count="356" type="cond" truecount="5" falsecount="0"/>
        <line num="171" count="38" type="stmt"/>
        <line num="175" count="134" type="cond" truecount="3" falsecount="1"/>
        <line num="176" count="0" type="stmt"/>
        <line num="177" count="134" type="cond" truecount="1" falsecount="2"/>
        <line num="178" count="0" type="stmt"/>
        <line num="181" count="134" type="stmt"/>
        <line num="182" count="134" type="stmt"/>
        <line num="183" count="252" type="cond" truecount="1" falsecount="1"/>
        <line num="184" count="252" type="cond" truecount="1" falsecount="1"/>
        <line num="185" count="0" type="stmt"/>
        <line num="186" count="252" type="cond" truecount="0" falsecount="1"/>
        <line num="187" count="0" type="stmt"/>
        <line num="190" count="0" type="cond" truecount="0" falsecount="6"/>
        <line num="192" count="0" type="stmt"/>
        <line num="194" count="0" type="stmt"/>
        <line num="197" count="0" type="stmt"/>
        <line num="200" count="0" type="stmt"/>
        <line num="205" count="134" type="stmt"/>
        <line num="209" count="0" type="stmt"/>
        <line num="210" count="0" type="stmt"/>
        <line num="214" count="0" type="stmt"/>
        <line num="221" count="6" type="stmt"/>
        <line num="223" count="154" type="stmt"/>
        <line num="224" count="154" type="stmt"/>
        <line num="225" count="154" type="stmt"/>
        <line num="229" count="20" type="cond" truecount="1" falsecount="1"/>
        <line num="233" count="160" type="cond" truecount="0" falsecount="1"/>
        <line num="234" count="0" type="stmt"/>
        <line num="236" count="160" type="stmt"/>
        <line num="237" count="160" type="cond" truecount="1" falsecount="0"/>
        <line num="238" count="85" type="stmt"/>
        <line num="240" count="75" type="stmt"/>
        <line num="244" count="3" type="cond" truecount="5" falsecount="1"/>
        <line num="245" count="0" type="stmt"/>
        <line num="246" count="3" type="cond" truecount="5" falsecount="1"/>
        <line num="247" count="0" type="stmt"/>
        <line num="249" count="3" type="stmt"/>
        <line num="254" count="3" type="cond" truecount="3" falsecount="0"/>
        <line num="256" count="1" type="stmt"/>
        <line num="258" count="1" type="stmt"/>
        <line num="260" count="1" type="stmt"/>
        <line num="265" count="30" type="stmt"/>
        <line num="269" count="30" type="stmt"/>
        <line num="273" count="31" type="stmt"/>
        <line num="277" count="54" type="stmt"/>
        <line num="281" count="9" type="stmt"/>
        <line num="285" count="109" type="stmt"/>
        <line num="286" count="106" type="stmt"/>
        <line num="294" count="0" type="stmt"/>
        <line num="295" count="0" type="stmt"/>
        <line num="308" count="0" type="stmt"/>
        <line num="310" count="0" type="stmt"/>
[...]
        <line num="265" count="0" type="stmt"/>
        <line num="266" count="0" type="stmt"/>
        <line num="267" count="0" type="stmt"/>
        <line num="269" count="0" type="stmt"/>
        <line num="275" count="0" type="stmt"/>
        <line num="279" count="6" type="stmt"/>
        <line num="283" count="0" type="stmt"/>
      </file>
      <file name="getServiceInterfaces.ts" path="/Users/matthill/Code/start9/start-os/sdk/lib/util/getServiceInterfaces.ts">
        <metrics statements="33" coveredstatements="4" conditionals="2" coveredconditionals="0" methods="11" coveredmethods="0"/>
        <line num="2" count="5" type="stmt"/>
        <line num="8" count="5" type="stmt"/>
        <line num="17" count="0" type="stmt"/>
        <line num="22" count="0" type="stmt"/>
        <line num="24" count="0" type="stmt"/>
        <line num="25" count="0" type="stmt"/>
        <line num="30" count="0" type="cond" truecount="0" falsecount="1"/>
        <line num="31" count="0" type="stmt"/>
        <line num="33" count="0" type="stmt"/>
        <line num="39" count="0" type="stmt"/>
        <line num="40" count="0" type="stmt"/>
        <line num="46" count="0" type="cond" truecount="0" falsecount="1"/>
        <line num="47" count="0" type="stmt"/>
        <line num="52" count="0" type="stmt"/>
        <line num="55" count="5" type="stmt"/>
        <line num="57" count="0" type="stmt"/>
        <line num="58" count="0" type="stmt"/>
        <line num="65" count="0" type="stmt"/>
        <line num="66" count="0" type="stmt"/>
        <line num="68" count="0" type="stmt"/>
        <line num="74" count="0" type="stmt"/>
        <line num="80" count="0" type="stmt"/>
        <line num="82" count="0" type="stmt"/>
        <line num="87" count="0" type="stmt"/>
        <line num="94" count="0" type="stmt"/>
        <line num="95" count="0" type="stmt"/>
        <line num="96" count="0" type="stmt"/>
        <line num="97" count="0" type="stmt"/>
        <line num="98" count="0" type="stmt"/>
        <line num="100" count="0" type="stmt"/>
        <line num="105" count="0" type="stmt"/>
        <line num="109" count="5" type="stmt"/>
        <line num="113" count="0" type="stmt"/>
      </file>
      <file name="graph.ts" path="/Users/matthill/Code/start9/start-os/sdk/lib/util/graph.ts">
        <metrics statements="117" coveredstatements="106" conditionals="24" coveredconditionals="18" methods="21" coveredmethods="20"/>
        <line num="14" count="5" type="stmt"/>
        <line num="15" count="11" type="stmt"/>
        <line num="22" count="39" type="stmt"/>
        <line num="26" count="39" type="stmt"/>
        <line num="27" count="20" type="stmt"/>
        <line num="32" count="20" type="stmt"/>
        <line num="33" count="20" type="stmt"/>
        <line num="35" count="39" type="stmt"/>
        <line num="36" count="1" type="stmt"/>
        <line num="41" count="1" type="stmt"/>
        <line num="42" count="1" type="stmt"/>
        <line num="44" count="39" type="stmt"/>
        <line num="45" count="39" type="stmt"/>
        <line num="50" count="1" type="stmt"/>
        <line num="52" count="1" type="stmt"/>
        <line num="53" count="4" type="cond" truecount="1" falsecount="0"/>
        <line num="54" count="1" type="stmt"/>
        <line num="58" count="1" type="stmt"/>
        <line num="65" count="12" type="stmt"/>
        <line num="70" count="12" type="stmt"/>
        <line num="71" count="12" type="stmt"/>
        <line num="72" count="12" type="stmt"/>
        <line num="79" count="6" type="stmt"/>
        <line num="83" count="15" type="cond" truecount="1" falsecount="0"/>
        <line num="84" count="1" type="stmt"/>
        <line num="86" count="14" type="stmt"/>
        <line num="87" count="14" type="stmt"/>
        <line num="88" count="14" type="stmt"/>
        <line num="89" count="23" type="stmt"/>
        <line num="90" count="9" type="stmt"/>
        <line num="91" count="14" type="stmt"/>
        <line num="92" count="16" type="stmt"/>
        <line num="93" count="16" type="stmt"/>
        <line num="94" count="16" type="stmt"/>
        <line num="95" count="18" type="stmt"/>
        <line num="96" count="18" type="cond" truecount="1" falsecount="0"/>
        <line num="97" count="9" type="stmt"/>
        <line num="98" count="9" type="stmt"/>
        <line num="104" count="6" type="cond" truecount="2" falsecount="0"/>
        <line num="105" count="5" type="stmt"/>
        <line num="106" count="5" type="stmt"/>
        <line num="107" count="5" type="stmt"/>
        <line num="108" count="15" type="stmt"/>
        <line num="109" count="15" type="stmt"/>
        <line num="110" count="15" type="stmt"/>
        <line num="111" count="15" type="stmt"/>
        <line num="112" count="15" type="cond" truecount="1" falsecount="0"/>
        <line num="113" count="10" type="stmt"/>
        <line num="114" count="10" type="stmt"/>
        <line num="120" count="1" type="stmt"/>
        <line num="128" count="6" type="stmt"/>
        <line num="132" count="15" type="cond" truecount="1" falsecount="0"/>
        <line num="133" count="1" type="stmt"/>
        <line num="135" count="14" type="stmt"/>
        <line num="136" count="14" type="stmt"/>
        <line num="137" count="14" type="stmt"/>
        <line num="138" count="23" type="stmt"/>
        <line num="139" count="9" type="stmt"/>
        <line num="140" count="14" type="stmt"/>
        <line num="141" count="16" type="stmt"/>
        <line num="142" count="16" type="stmt"/>
        <line num="143" count="16" type="stmt"/>
        <line num="144" count="18" type="stmt"/>
        <line num="145" count="18" type="cond" truecount="1" falsecount="0"/>
        <line num="146" count="9" type="stmt"/>
        <line num="147" count="9" type="stmt"/>
        <line num="153" count="6" type="cond" truecount="2" falsecount="0"/>
        <line num="154" count="5" type="stmt"/>
        <line num="155" count="5" type="stmt"/>
        <line num="156" count="5" type="stmt"/>
        <line num="157" count="15" type="stmt"/>
        <line num="158" count="15" type="stmt"/>
        <line num="159" count="15" type="stmt"/>
        <line num="160" count="15" type="stmt"/>
        <line num="161" count="15" type="cond" truecount="1" falsecount="0"/>
        <line num="162" count="10" type="stmt"/>
        <line num="163" count="10" type="stmt"/>
        <line num="169" count="1" type="stmt"/>
        <line num="181" count="3" type="cond" truecount="1" falsecount="1"/>
        <line num="183" count="11" type="stmt"/>
        <line num="184" count="3" type="stmt"/>
        <line num="185" count="3" type="stmt"/>
        <line num="190" count="11" type="cond" truecount="1" falsecount="0"/>
        <line num="191" count="3" type="stmt"/>
        <line num="193" count="8" type="cond" truecount="0" falsecount="1"/>
        <line num="194" count="0" type="stmt"/>
        <line num="196" count="8" type="stmt"/>
        <line num="197" count="8" type="stmt"/>
        <line num="198" count="6" type="stmt"/>
        <line num="199" count="12" type="stmt"/>
        <line num="200" count="8" type="stmt"/>
        <line num="201" count="6" type="stmt"/>
        <line num="202" count="11" type="stmt"/>
        <line num="203" count="11" type="stmt"/>
        <line num="204" count="11" type="stmt"/>
        <line num="205" count="13" type="stmt"/>
        <line num="206" count="13" type="cond" truecount="2" falsecount="0"/>
        <line num="207" count="6" type="cond" truecount="1" falsecount="0"/>
        <line num="208" count="6" type="stmt"/>
        <line num="211" count="7" type="stmt"/>
        <line num="212" count="7" type="stmt"/>
        <line num="218" count="3" type="cond" truecount="1" falsecount="1"/>
        <line num="219" count="0" type="stmt"/>
        <line num="220" count="0" type="stmt"/>
        <line num="221" count="0" type="stmt"/>
        <line num="222" count="0" type="stmt"/>
        <line num="223" count="0" type="stmt"/>
        <line num="224" count="0" type="stmt"/>
        <line num="225" count="0" type="cond" truecount="0" falsecount="2"/>
        <line num="226" count="0" type="cond" truecount="0" falsecount="1"/>
        <line num="227" count="0" type="stmt"/>
        <line num="230" count="0" type="stmt"/>
        <line num="235" count="3" type="stmt"/>
        <line num="236" count="3" type="stmt"/>
        <line num="237" count="11" type="stmt"/>
        <line num="238" count="11" type="cond" truecount="1" falsecount="0"/>
        <line num="239" count="3" type="stmt"/>
      </file>
      <file name="inMs.ts" path="/Users/matthill/Code/start9/start-os/sdk/lib/util/inMs.ts">
        <metrics statements="24" coveredstatements="6" conditionals="12" coveredconditionals="1" methods="3" coveredmethods="1"/>
        <line num="3" count="6" type="stmt"/>
        <line num="5" count="6" type="stmt"/>
        <line num="6" count="0" type="cond" truecount="0" falsecount="1"/>
        <line num="7" count="0" type="cond" truecount="0" falsecount="1"/>
        <line num="8" count="0" type="cond" truecount="0" falsecount="1"/>
        <line num="9" count="0" type="cond" truecount="0" falsecount="1"/>
        <line num="10" count="0" type="cond" truecount="0" falsecount="1"/>
        <line num="11" count="0" type="cond" truecount="0" falsecount="1"/>
        <line num="12" count="0" type="stmt"/>
        <line num="14" count="6" type="stmt"/>
        <line num="15" count="0" type="cond" truecount="0" falsecount="1"/>
        <line num="16" count="0" type="stmt"/>
        <line num="17" count="0" type="stmt"/>
        <line num="18" count="0" type="stmt"/>
        <line num="20" count="6" type="stmt"/>
        <line num="21" count="1" type="cond" truecount="0" falsecount="1"/>
        <line num="22" count="1" type="cond" truecount="1" falsecount="0"/>
        <line num="23" count="0" type="stmt"/>
        <line num="24" count="0" type="cond" truecount="0" falsecount="1"/>
        <line num="25" count="0" type="stmt"/>
        <line num="26" count="0" type="stmt"/>
        <line num="27" count="0" type="cond" truecount="0" falsecount="2"/>
        <line num="28" count="0" type="stmt"/>
        <line num="30" count="0" type="stmt"/>
      </file>
      <file name="index.ts" path="/Users/matthill/Code/start9/start-os/sdk/lib/util/index.ts">
        <metrics statements="15" coveredstatements="15" conditionals="0" coveredconditionals="0" methods="8" coveredmethods="0"/>
        <line num="1" count="5" type="stmt"/>
        <line num="2" count="5" type="stmt"/>
        <line num="3" count="5" type="stmt"/>
        <line num="4" count="5" type="stmt"/>
        <line num="5" count="5" type="stmt"/>
        <line num="6" count="5" type="stmt"/>
        <line num="7" count="5" type="stmt"/>
        <line num="9" count="5" type="stmt"/>
        <line num="10" count="5" type="stmt"/>
        <line num="11" count="5" type="stmt"/>
        <line num="12" count="5" type="stmt"/>
        <line num="13" count="5" type="stmt"/>
        <line num="14" count="5" type="stmt"/>
        <line num="15" count="5" type="stmt"/>
        <line num="16" count="5" type="stmt"/>
      </file>
      <file name="nullIfEmpty.ts" path="/Users/matthill/Code/start9/start-os/sdk/lib/util/nullIfEmpty.ts">
        <metrics statements="3" coveredstatements="1" conditionals="3" coveredconditionals="0" methods="1" coveredmethods="0"/>
        <line num="7" count="5" type="stmt"/>
        <line num="10" count="0" type="cond" truecount="0" falsecount="1"/>
        <line num="11" count="0" type="cond" truecount="0" falsecount="2"/>
      </file>
      <file name="once.ts" path="/Users/matthill/Code/start9/start-os/sdk/lib/util/once.ts">
        <metrics statements="6" coveredstatements="6" conditionals="1" coveredconditionals="1" methods="2" coveredmethods="2"/>
        <line num="1" count="6" type="stmt"/>
        <line num="2" count="26" type="stmt"/>
        <line num="3" count="26" type="stmt"/>
        <line num="4" count="139" type="cond" truecount="1" falsecount="0"/>
        <line num="5" count="25" type="stmt"/>
        <line num="7" count="139" type="stmt"/>
      </file>
      <file name="patterns.ts" path="/Users/matthill/Code/start9/start-os/sdk/lib/util/patterns.ts">
        <metrics statements="12" coveredstatements="12" conditionals="0" coveredconditionals="0" methods="0" coveredmethods="0"/>
        <line num="2" count="5" type="stmt"/>
        <line num="4" count="5" type="stmt"/>
        <line num="9" count="5" type="stmt"/>
        <line num="14" count="5" type="stmt"/>
        <line num="19" count="5" type="stmt"/>
        <line num="24" count="5" type="stmt"/>
        <line num="29" count="5" type="stmt"/>
        <line num="34" count="5" type="stmt"/>
        <line num="39" count="5" type="stmt"/>
        <line num="44" count="5" type="stmt"/>
        <line num="50" count="5" type="stmt"/>
        <line num="55" count="5" type="stmt"/>
      </file>
      <file name="regexes.ts" path="/Users/matthill/Code/start9/start-os/sdk/lib/util/regexes.ts">
        <metrics statements="11" coveredstatements="11" conditionals="0" coveredconditionals="0" methods="0" coveredmethods="0"/>
        <line num="2" count="5" type="stmt"/>
        <line num="6" count="5" type="stmt"/>
        <line num="9" count="5" type="stmt"/>
        <line num="12" count="5" type="stmt"/>
        <line num="14" count="5" type="stmt"/>
        <line num="17" count="5" type="stmt"/>
        <line num="20" count="5" type="stmt"/>
        <line num="23" count="5" type="stmt"/>
        <line num="27" count="5" type="stmt"/>
        <line num="30" count="5" type="stmt"/>
        <line num="33" count="5" type="stmt"/>
      </file>
      <file name="splitCommand.ts" path="/Users/matthill/Code/start9/start-os/sdk/lib/util/splitCommand.ts">
        <metrics statements="4" coveredstatements="2" conditionals="1" coveredconditionals="0" methods="1" coveredmethods="0"/>
        <line num="1" count="5" type="stmt"/>
        <line num="3" count="5" type="stmt"/>
        <line num="6" count="0" type="cond" truecount="0" falsecount="1"/>
        <line num="7" count="0" type="stmt"/>
      </file>
      <file name="stringFromStdErrOut.ts" path="/Users/matthill/Code/start9/start-os/sdk/lib/util/stringFromStdErrOut.ts">
        <metrics statements="2" coveredstatements="1" conditionals="2" coveredconditionals="0" methods="1" coveredmethods="0"/>
        <line num="1" count="6" type="stmt"/>
        <line num="5" count="0" type="cond" truecount="0" falsecount="2"/>
      </file>
      <file name="typeHelpers.ts" path="/Users/matthill/Code/start9/start-os/sdk/lib/util/typeHelpers.ts">
        <metrics statements="5" coveredstatements="1" conditionals="3" coveredconditionals="0" methods="3" coveredmethods="0"/>
        <line num="11" count="5" type="stmt"/>
        <line num="12" count="0" type="cond" truecount="0" falsecount="3"/>
        <line num="108" count="0" type="stmt"/>
        <line num="113" count="0" type="stmt"/>
        <line num="115" count="0" type="stmt"/>
      </file>
    </package>
    <package name="lib.version">
      <metrics statements="77" coveredstatements="49" conditionals="37" coveredconditionals="19" methods="19" coveredmethods="13"/>
      <file name="VersionGraph.ts" path="/Users/matthill/Code/start9/start-os/sdk/lib/version/VersionGraph.ts">
        <metrics statements="66" coveredstatements="43" conditionals="37" coveredconditionals="19" methods="15" coveredmethods="10"/>
        <line num="1" count="4" type="stmt"/>
        <line num="4" count="4" type="stmt"/>
        <line num="5" count="4" type="stmt"/>
        <line num="6" count="4" type="stmt"/>
        <line num="8" count="4" type="stmt"/>
        <line num="14" count="5" type="stmt"/>
        <line num="17" count="5" type="stmt"/>
        <line num="18" count="5" type="stmt"/>
        <line num="32" count="5" type="stmt"/>
        <line num="33" count="5" type="stmt"/>
        <line num="34" count="5" type="stmt"/>
        <line num="35" count="5" type="stmt"/>
        <line num="36" count="5" type="cond" truecount="2" falsecount="0"/>
        <line num="37" count="5" type="cond" truecount="1" falsecount="0"/>
        <line num="38" count="5" type="stmt"/>
        <line num="40" count="5" type="stmt"/>
        <line num="42" count="5" type="stmt"/>
        <line num="43" count="5" type="stmt"/>
        <line num="53" count="5" type="stmt"/>
        <line num="54" count="5" type="stmt"/>
        <line num="55" count="5" type="cond" truecount="1" falsecount="0"/>
        <line num="57" count="5" type="cond" truecount="1" falsecount="1"/>
        <line num="58" count="0" type="stmt"/>
        <line num="59" count="0" type="stmt"/>
        <line num="63" count="5" type="stmt"/>
        <line num="65" count="5" type="stmt"/>
        <line num="66" count="5" type="stmt"/>
        <line num="69" count="5" type="cond" truecount="1" falsecount="0"/>
        <line num="71" count="5" type="cond" truecount="1" falsecount="1"/>
        <line num="72" count="0" type="stmt"/>
        <line num="73" count="0" type="stmt"/>
        <line num="77" count="5" type="stmt"/>
        <line num="79" count="5" type="stmt"/>
        <line num="80" count="5" type="stmt"/>
        <line num="83" count="5" type="cond" truecount="0" falsecount="1"/>
        <line num="84" count="0" type="stmt"/>
        <line num="85" count="0" type="stmt"/>
        <line num="86" count="0" type="stmt"/>
        <line num="87" count="0" type="stmt"/>
        <line num="92" count="0" type="stmt"/>
        <line num="94" count="0" type="cond" truecount="0" falsecount="2"/>
        <line num="97" count="0" type="stmt"/>
        <line num="107" count="5" type="stmt"/>
        <line num="110" count="5" type="stmt"/>
        <line num="111" count="5" type="stmt"/>
        <line num="120" count="5" type="stmt"/>
        <line num="131" count="0" type="stmt"/>
        <line num="132" count="0" type="cond" truecount="0" falsecount="3"/>
        <line num="133" count="0" type="stmt"/>
        <line num="135" count="0" type="cond" truecount="0" falsecount="4"/>
        <line num="139" count="0" type="cond" truecount="0" falsecount="4"/>
        <line num="142" count="0" type="cond" truecount="0" falsecount="1"/>
        <line num="143" count="0" type="stmt"/>
        <line num="144" count="0" type="cond" truecount="0" falsecount="1"/>
        <line num="145" count="0" type="stmt"/>
        <line num="147" count="0" type="stmt"/>
        <line num="149" count="0" type="stmt"/>
        <line num="152" count="0" type="stmt"/>
        <line num="154" count="5" type="stmt"/>
        <line num="155" count="5" type="stmt"/>
        <line num="158" count="15" type="cond" truecount="4" falsecount="0"/>
        <line num="165" count="10" type="stmt"/>
        <line num="173" count="5" type="stmt"/>
        <line num="174" count="5" type="stmt"/>
        <line num="177" count="15" type="cond" truecount="4" falsecount="0"/>
        <line num="184" count="10" type="stmt"/>
      </file>
      <file name="VersionInfo.ts" path="/Users/matthill/Code/start9/start-os/sdk/lib/version/VersionInfo.ts">
        <metrics statements="11" coveredstatements="6" conditionals="0" coveredconditionals="0" methods="4" coveredmethods="3"/>
        <line num="4" count="4" type="stmt"/>
        <line num="32" count="4" type="stmt"/>
        <line num="33" count="13" type="stmt"/>
        <line num="35" count="13" type="stmt"/>
        <line num="38" count="5" type="stmt"/>
        <line num="44" count="8" type="stmt"/>
        <line num="52" count="0" type="stmt"/>
        <line num="62" count="0" type="stmt"/>
        <line num="64" count="0" type="stmt"/>
        <line num="66" count="0" type="stmt"/>
        <line num="72" count="0" type="stmt"/>
      </file>
    </package>
  </project>
</coverage>
