{
  "/Users/matthill/Code/start9/start-os/sdk/lib/Dependency.ts": {
    "path": "/Users/matthill/Code/start9/start-os/sdk/lib/Dependency.ts",
    "statementMap": {
      "0": {
        "start": { "line": 5, "column": 13 },
        "end": { "line": 5, "column": null }
      },
      "1": {
        "start": { "line": 3, "column": 0 },
        "end": { "line": 3, "column": 13 }
      }
    },
    "fnMap": {
      "0": {
        "name": "(anonymous_0)",
        "decl": {
          "start": { "line": 4, "column": 2 },
          "end": { "line": 4, "column": null }
        },
        "loc": {
          "start": { "line": 16, "column": 9 },
          "end": { "line": 17, "column": 6 }
        }
      }
    },
    "branchMap": {},
    "s": { "0": 0, "1": 5 },
    "f": { "0": 0 },
    "b": {}
  },
  "/Users/matthill/Code/start9/start-os/sdk/lib/StartSdk.ts": {
    "path": "/Users/matthill/Code/start9/start-os/sdk/lib/StartSdk.ts",
    "statementMap": {
      "0": {
        "start": { "line": 1, "column": 0 },
        "end": { "line": 1, "column": 63 }
      },
      "1": {
        "start": { "line": 2, "column": 0 },
        "end": { "line": 2, "column": 78 }
      },
      "2": {
        "start": { "line": 12, "column": 0 },
        "end": { "line": 12, "column": 52 }
      },
      "3": {
        "start": { "line": 13, "column": 0 },
        "end": { "line": 13, "column": 68 }
      },
      "4": {
        "start": { "line": 24, "column": 0 },
        "end": { "line": 24, "column": 43 }
      },
      "5": {
        "start": { "line": 25, "column": 0 },
        "end": { "line": 25, "column": 74 }
      },
      "6": {
        "start": { "line": 26, "column": 0 },
        "end": { "line": 26, "column": 53 }
      },
      "7": {
        "start": { "line": 27, "column": 0 },
        "end": { "line": 27, "column": 53 }
      },
      "8": {
        "start": { "line": 28, "column": 0 },
        "end": { "line": 28, "column": 42 }
      },
      "9": {
        "start": { "line": 29, "column": 0 },
        "end": { "line": 29, "column": 69 }
      },
      "10": {
        "start": { "line": 30, "column": 0 },
        "end": { "line": 30, "column": 73 }
      },
      "11": {
        "start": { "line": 31, "column": 0 },
        "end": { "line": 31, "column": 64 }
      },
      "12": {
        "start": { "line": 32, "column": 0 },
        "end": { "line": 32, "column": 44 }
      },
      "13": {
        "start": { "line": 33, "column": 0 },
        "end": { "line": 33, "column": 57 }
      },
      "14": {
        "start": { "line": 34, "column": 0 },
        "end": { "line": 34, "column": 53 }
      },
      "15": {
        "start": { "line": 35, "column": 0 },
        "end": { "line": 35, "column": 76 }
      },
      "16": {
        "start": { "line": 36, "column": 0 },
        "end": { "line": 36, "column": 72 }
      },
      "17": {
        "start": { "line": 37, "column": 0 },
        "end": { "line": 37, "column": 45 }
      },
      "18": {
        "start": { "line": 38, "column": 0 },
        "end": { "line": 38, "column": 79 }
      },
      "19": {
        "start": { "line": 39, "column": 0 },
        "end": { "line": 39, "column": 36 }
      },
      "20": {
        "start": { "line": 40, "column": 0 },
        "end": { "line": 40, "column": 57 }
      },
      "21": {
        "start": { "line": 41, "column": 0 },
        "end": { "line": 41, "column": 65 }
      },
      "22": {
        "start": { "line": 42, "column": 0 },
        "end": { "line": 42, "column": null }
      },
      "23": {
        "start": { "line": 47, "column": 0 },
        "end": { "line": 47, "column": null }
      },
      "24": {
        "start": { "line": 52, "column": 0 },
        "end": { "line": 52, "column": 57 }
      },
      "25": {
        "start": { "line": 54, "column": 0 },
        "end": { "line": 54, "column": 53 }
      },
      "26": {
        "start": { "line": 55, "column": 0 },
        "end": { "line": 55, "column": 78 }
      },
      "27": {
        "start": { "line": 56, "column": 0 },
        "end": { "line": 56, "column": 52 }
      },
      "28": {
        "start": { "line": 57, "column": 0 },
        "end": { "line": 57, "column": 44 }
      },
      "29": {
        "start": { "line": 58, "column": 0 },
        "end": { "line": 58, "column": null }
      },
      "30": {
        "start": { "line": 62, "column": 0 },
        "end": { "line": 62, "column": 66 }
      },
      "31": {
        "start": { "line": 63, "column": 0 },
        "end": { "line": 63, "column": 43 }
      },
      "32": {
        "start": { "line": 64, "column": 0 },
        "end": { "line": 64, "column": 80 }
      },
      "33": {
        "start": { "line": 65, "column": 0 },
        "end": { "line": 65, "column": 50 }
      },
      "34": {
        "start": { "line": 66, "column": 0 },
        "end": { "line": 66, "column": 40 }
      },
      "35": {
        "start": { "line": 67, "column": 0 },
        "end": { "line": 67, "column": 41 }
      },
      "36": {
        "start": { "line": 69, "column": 0 },
        "end": { "line": 69, "column": 56 }
      },
      "37": {
        "start": { "line": 71, "column": 0 },
        "end": { "line": 71, "column": 79 }
      },
      "38": {
        "start": { "line": 72, "column": 0 },
        "end": { "line": 72, "column": null }
      },
      "39": {
        "start": { "line": 77, "column": 0 },
        "end": { "line": 77, "column": 60 }
      },
      "40": {
        "start": { "line": 80, "column": 13 },
        "end": { "line": 80, "column": null }
      },
      "41": {
        "start": { "line": 95, "column": 13 },
        "end": { "line": 95, "column": null }
      },
      "42": {
        "start": { "line": 96, "column": 13 },
        "end": { "line": 96, "column": null }
      },
      "43": {
        "start": { "line": 97, "column": 13 },
        "end": { "line": 97, "column": null }
      },
      "44": {
        "start": { "line": 100, "column": 2 },
        "end": { "line": 112, "column": null }
      },
      "45": {
        "start": { "line": 101, "column": 4 },
        "end": { "line": 111, "column": null }
      },
      "46": {
        "start": { "line": 102, "column": 6 },
        "end": { "line": 102, "column": null }
      },
      "47": {
        "start": { "line": 104, "column": 6 },
        "end": { "line": 106, "column": null }
      },
      "48": {
        "start": { "line": 105, "column": 8 },
        "end": { "line": 105, "column": null }
      },
      "49": {
        "start": { "line": 107, "column": 6 },
        "end": { "line": 109, "column": null }
      },
      "50": {
        "start": { "line": 108, "column": 8 },
        "end": { "line": 108, "column": null }
      },
      "51": {
        "start": { "line": 110, "column": 6 },
        "end": { "line": 110, "column": null }
      },
      "52": {
        "start": { "line": 116, "column": 31 },
        "end": { "line": 116, "column": 49 }
      },
      "53": {
        "start": { "line": 118, "column": 4 },
        "end": { "line": 118, "column": null }
      },
      "54": {
        "start": { "line": 121, "column": 4 },
        "end": { "line": 121, "column": null }
      },
      "55": {
        "start": { "line": 124, "column": 4 },
        "end": { "line": 124, "column": null }
      },
      "56": {
        "start": { "line": 158, "column": 57 },
        "end": { "line": 182, "column": null }
      },
      "57": {
        "start": { "line": 159, "column": 43 },
        "end": { "line": 159, "column": 73 }
      },
      "58": {
        "start": { "line": 160, "column": 42 },
        "end": { "line": 160, "column": 71 }
      },
      "59": {
        "start": { "line": 161, "column": 42 },
        "end": { "line": 161, "column": 71 }
      },
      "60": {
        "start": { "line": 162, "column": 43 },
        "end": { "line": 162, "column": 73 }
      },
      "61": {
        "start": { "line": 163, "column": 43 },
        "end": { "line": 163, "column": 73 }
      },
      "62": {
        "start": { "line": 164, "column": 37 },
        "end": { "line": 164, "column": 61 }
      },
      "63": {
        "start": { "line": 165, "column": 45 },
        "end": { "line": 165, "column": 77 }
      },
      "64": {
        "start": { "line": 167, "column": 8 },
        "end": { "line": 167, "column": 42 }
      },
      "65": {
        "start": { "line": 168, "column": 35 },
        "end": { "line": 168, "column": 57 }
      },
      "66": {
        "start": { "line": 170, "column": 8 },
        "end": { "line": 170, "column": 45 }
      },
      "67": {
        "start": { "line": 172, "column": 8 },
        "end": { "line": 172, "column": 44 }
      },
      "68": {
        "start": { "line": 174, "column": 8 },
        "end": { "line": 174, "column": 46 }
      },
      "69": {
        "start": { "line": 175, "column": 43 },
        "end": { "line": 175, "column": 73 }
      },
      "70": {
        "start": { "line": 176, "column": 44 },
        "end": { "line": 176, "column": 75 }
      },
      "71": {
        "start": { "line": 177, "column": 39 },
        "end": { "line": 177, "column": 65 }
      },
      "72": {
        "start": { "line": 178, "column": 44 },
        "end": { "line": 178, "column": 75 }
      },
      "73": {
        "start": { "line": 179, "column": 44 },
        "end": { "line": 179, "column": 75 }
      },
      "74": {
        "start": { "line": 180, "column": 38 },
        "end": { "line": 180, "column": 63 }
      },
      "75": {
        "start": { "line": 181, "column": 45 },
        "end": { "line": 181, "column": 77 }
      },
      "76": {
        "start": { "line": 184, "column": 4 },
        "end": { "line": 768, "column": null }
      },
      "77": {
        "start": { "line": 196, "column": 10 },
        "end": { "line": 199, "column": null }
      },
      "78": {
        "start": { "line": 205, "column": 10 },
        "end": { "line": 205, "column": 77 }
      },
      "79": {
        "start": { "line": 207, "column": 10 },
        "end": { "line": 207, "column": 76 }
      },
      "80": {
        "start": { "line": 212, "column": 10 },
        "end": { "line": 212, "column": 78 }
      },
      "81": {
        "start": { "line": 221, "column": 10 },
        "end": { "line": 224, "column": null }
      },
      "82": {
        "start": { "line": 230, "column": 10 },
        "end": { "line": 231, "column": null }
      },
      "83": {
        "start": { "line": 238, "column": 10 },
        "end": { "line": 241, "column": 12 }
      },
      "84": {
        "start": { "line": 249, "column": 49 },
        "end": { "line": 249, "column": 79 }
      },
      "85": {
        "start": { "line": 263, "column": 8 },
        "end": { "line": 263, "column": null }
      },
      "86": {
        "start": { "line": 282, "column": 35 },
        "end": { "line": 282, "column": 43 }
      },
      "87": {
        "start": { "line": 283, "column": 8 },
        "end": { "line": 288, "column": null }
      },
      "88": {
        "start": { "line": 305, "column": 11 },
        "end": { "line": 305, "column": 63 }
      },
      "89": {
        "start": { "line": 307, "column": 8 },
        "end": { "line": 307, "column": 67 }
      },
      "90": {
        "start": { "line": 314, "column": 8 },
        "end": { "line": 315, "column": null }
      },
      "91": {
        "start": { "line": 335, "column": 8 },
        "end": { "line": 340, "column": null }
      },
      "92": {
        "start": { "line": 344, "column": 10 },
        "end": { "line": 344, "column": null }
      },
      "93": {
        "start": { "line": 349, "column": 10 },
        "end": { "line": 349, "column": null }
      },
      "94": {
        "start": { "line": 359, "column": 8 },
        "end": { "line": 359, "column": 56 }
      },
      "95": {
        "start": { "line": 361, "column": 8 },
        "end": { "line": 361, "column": 54 }
      },
      "96": {
        "start": { "line": 369, "column": 11 },
        "end": { "line": 369, "column": 76 }
      },
      "97": {
        "start": { "line": 377, "column": 11 },
        "end": { "line": 377, "column": 13 }
      },
      "98": {
        "start": { "line": 385, "column": 11 },
        "end": { "line": 385, "column": 13 }
      },
      "99": {
        "start": { "line": 396, "column": 11 },
        "end": { "line": 396, "column": 77 }
      },
      "100": {
        "start": { "line": 403, "column": 8 },
        "end": { "line": 427, "column": null }
      },
      "101": {
        "start": { "line": 404, "column": 33 },
        "end": { "line": 404, "column": 50 }
      },
      "102": {
        "start": { "line": 405, "column": 10 },
        "end": { "line": 426, "column": null }
      },
      "103": {
        "start": { "line": 412, "column": 21 },
        "end": { "line": 424, "column": 16 }
      },
      "104": {
        "start": { "line": 440, "column": 8 },
        "end": { "line": 446, "column": null }
      },
      "105": {
        "start": { "line": 448, "column": 56 },
        "end": { "line": 448, "column": 70 }
      },
      "106": {
        "start": { "line": 455, "column": 11 },
        "end": { "line": 455, "column": 38 }
      },
      "107": {
        "start": { "line": 461, "column": 11 },
        "end": { "line": 461, "column": 41 }
      },
      "108": {
        "start": { "line": 466, "column": 8 },
        "end": { "line": 467, "column": 45 }
      },
      "109": {
        "start": { "line": 467, "column": 10 },
        "end": { "line": 467, "column": 45 }
      },
      "110": {
        "start": { "line": 469, "column": 8 },
        "end": { "line": 469, "column": 43 }
      },
      "111": {
        "start": { "line": 478, "column": 10 },
        "end": { "line": 478, "column": null }
      },
      "112": {
        "start": { "line": 484, "column": 13 },
        "end": { "line": 484, "column": 54 }
      },
      "113": {
        "start": { "line": 487, "column": 13 },
        "end": { "line": 487, "column": 50 }
      },
      "114": {
        "start": { "line": 489, "column": 10 },
        "end": { "line": 489, "column": 49 }
      },
      "115": {
        "start": { "line": 496, "column": 13 },
        "end": { "line": 496, "column": 41 }
      },
      "116": {
        "start": { "line": 504, "column": 10 },
        "end": { "line": 504, "column": null }
      },
      "117": {
        "start": { "line": 529, "column": 10 },
        "end": { "line": 534, "column": null }
      },
      "118": {
        "start": { "line": 554, "column": 13 },
        "end": { "line": 554, "column": 44 }
      },
      "119": {
        "start": { "line": 580, "column": 13 },
        "end": { "line": 580, "column": 42 }
      },
      "120": {
        "start": { "line": 606, "column": 13 },
        "end": { "line": 606, "column": 42 }
      },
      "121": {
        "start": { "line": 627, "column": 13 },
        "end": { "line": 627, "column": 43 }
      },
      "122": {
        "start": { "line": 643, "column": 13 },
        "end": { "line": 643, "column": 47 }
      },
      "123": {
        "start": { "line": 662, "column": 13 },
        "end": { "line": 662, "column": 45 }
      },
      "124": {
        "start": { "line": 675, "column": 13 },
        "end": { "line": 675, "column": 44 }
      },
      "125": {
        "start": { "line": 691, "column": 13 },
        "end": { "line": 691, "column": 47 }
      },
      "126": {
        "start": { "line": 704, "column": 13 },
        "end": { "line": 704, "column": 45 }
      },
      "127": {
        "start": { "line": 719, "column": 13 },
        "end": { "line": 719, "column": 50 }
      },
      "128": {
        "start": { "line": 733, "column": 10 },
        "end": { "line": 736, "column": null }
      },
      "129": {
        "start": { "line": 754, "column": 13 },
        "end": { "line": 754, "column": 71 }
      },
      "130": {
        "start": { "line": 766, "column": 13 },
        "end": { "line": 766, "column": 49 }
      },
      "131": {
        "start": { "line": 115, "column": 0 },
        "end": { "line": 115, "column": 13 }
      },
      "132": {
        "start": { "line": 780, "column": 19 },
        "end": { "line": 780, "column": 40 }
      },
      "133": {
        "start": { "line": 781, "column": 2 },
        "end": { "line": 786, "column": null }
      },
      "134": {
        "start": { "line": 785, "column": 22 },
        "end": { "line": 785, "column": 49 }
      },
      "135": {
        "start": { "line": 772, "column": 0 },
        "end": { "line": 772, "column": 7 }
      },
      "136": {
        "start": { "line": 789, "column": 2 },
        "end": { "line": 791, "column": null }
      },
      "137": {
        "start": { "line": 790, "column": 42 },
        "end": { "line": 790, "column": 68 }
      },
      "138": {
        "start": { "line": 794, "column": 2 },
        "end": { "line": 796, "column": null }
      },
      "139": {
        "start": { "line": 795, "column": 4 },
        "end": { "line": 795, "column": null }
      },
      "140": {
        "start": { "line": 797, "column": 2 },
        "end": { "line": 803, "column": null }
      },
      "141": {
        "start": { "line": 801, "column": 50 },
        "end": { "line": 801, "column": 76 }
      }
    },
    "fnMap": {
      "0": {
        "name": "removeCallbackTypes",
        "decl": {
          "start": { "line": 99, "column": 9 },
          "end": { "line": 99, "column": 28 }
        },
        "loc": {
          "start": { "line": 99, "column": 58 },
          "end": { "line": 113, "column": 1 }
        }
      },
      "1": {
        "name": "(anonymous_8)",
        "decl": {
          "start": { "line": 100, "column": 9 },
          "end": { "line": 100, "column": 28 }
        },
        "loc": {
          "start": { "line": 100, "column": 36 },
          "end": { "line": 112, "column": 3 }
        }
      },
      "2": {
        "name": "(anonymous_9)",
        "decl": {
          "start": { "line": 116, "column": 2 },
          "end": { "line": 116, "column": 31 }
        },
        "loc": {
          "start": { "line": 116, "column": 49 },
          "end": { "line": 116, "column": 53 }
        }
      },
      "3": {
        "name": "(anonymous_10)",
        "decl": {
          "start": { "line": 117, "column": 2 },
          "end": { "line": 117, "column": 8 }
        },
        "loc": {
          "start": { "line": 117, "column": 11 },
          "end": { "line": 119, "column": 3 }
        }
      },
      "4": {
        "name": "(anonymous_11)",
        "decl": {
          "start": { "line": 120, "column": 2 },
          "end": { "line": 120, "column": 14 }
        },
        "loc": {
          "start": { "line": 120, "column": 70 },
          "end": { "line": 122, "column": 3 }
        }
      },
      "5": {
        "name": "(anonymous_12)",
        "decl": {
          "start": { "line": 123, "column": 2 },
          "end": { "line": 123, "column": 11 }
        },
        "loc": {
          "start": { "line": 123, "column": 11 },
          "end": { "line": 125, "column": 3 }
        }
      },
      "6": {
        "name": "(anonymous_13)",
        "decl": {
          "start": { "line": 127, "column": 2 },
          "end": { "line": 127, "column": 7 }
        },
        "loc": {
          "start": { "line": 127, "column": 73 },
          "end": { "line": 769, "column": 3 }
        }
      },
      "7": {
        "name": "(anonymous_14)",
        "decl": {
          "start": { "line": 159, "column": 21 },
          "end": { "line": 159, "column": 22 }
        },
        "loc": {
          "start": { "line": 159, "column": 43 },
          "end": { "line": 159, "column": 73 }
        }
      },
      "8": {
        "name": "(anonymous_15)",
        "decl": {
          "start": { "line": 160, "column": 20 },
          "end": { "line": 160, "column": 21 }
        },
        "loc": {
          "start": { "line": 160, "column": 42 },
          "end": { "line": 160, "column": 71 }
        }
      },
      "9": {
        "name": "(anonymous_16)",
        "decl": {
          "start": { "line": 161, "column": 20 },
          "end": { "line": 161, "column": 21 }
        },
        "loc": {
          "start": { "line": 161, "column": 42 },
          "end": { "line": 161, "column": 71 }
        }
      },
      "10": {
        "name": "(anonymous_17)",
        "decl": {
          "start": { "line": 162, "column": 21 },
          "end": { "line": 162, "column": 22 }
        },
        "loc": {
          "start": { "line": 162, "column": 43 },
          "end": { "line": 162, "column": 73 }
        }
      },
      "11": {
        "name": "(anonymous_18)",
        "decl": {
          "start": { "line": 163, "column": 21 },
          "end": { "line": 163, "column": 22 }
        },
        "loc": {
          "start": { "line": 163, "column": 43 },
          "end": { "line": 163, "column": 73 }
        }
      },
      "12": {
        "name": "(anonymous_19)",
        "decl": {
          "start": { "line": 164, "column": 15 },
          "end": { "line": 164, "column": 16 }
        },
        "loc": {
          "start": { "line": 164, "column": 37 },
          "end": { "line": 164, "column": 61 }
        }
      },
      "13": {
        "name": "(anonymous_20)",
        "decl": {
          "start": { "line": 165, "column": 23 },
          "end": { "line": 165, "column": 24 }
        },
        "loc": {
          "start": { "line": 165, "column": 45 },
          "end": { "line": 165, "column": 77 }
        }
      },
      "14": {
        "name": "(anonymous_21)",
        "decl": {
          "start": { "line": 166, "column": 25 },
          "end": { "line": 166, "column": 26 }
        },
        "loc": {
          "start": { "line": 167, "column": 8 },
          "end": { "line": 167, "column": 42 }
        }
      },
      "15": {
        "name": "(anonymous_22)",
        "decl": {
          "start": { "line": 168, "column": 13 },
          "end": { "line": 168, "column": 14 }
        },
        "loc": {
          "start": { "line": 168, "column": 35 },
          "end": { "line": 168, "column": 57 }
        }
      },
      "16": {
        "name": "(anonymous_23)",
        "decl": {
          "start": { "line": 169, "column": 28 },
          "end": { "line": 169, "column": 29 }
        },
        "loc": {
          "start": { "line": 170, "column": 8 },
          "end": { "line": 170, "column": 45 }
        }
      },
      "17": {
        "name": "(anonymous_24)",
        "decl": {
          "start": { "line": 171, "column": 27 },
          "end": { "line": 171, "column": 28 }
        },
        "loc": {
          "start": { "line": 172, "column": 8 },
          "end": { "line": 172, "column": 44 }
        }
      },
      "18": {
        "name": "(anonymous_25)",
        "decl": {
          "start": { "line": 173, "column": 29 },
          "end": { "line": 173, "column": 30 }
        },
        "loc": {
          "start": { "line": 174, "column": 8 },
          "end": { "line": 174, "column": 46 }
        }
      },
      "19": {
        "name": "(anonymous_26)",
        "decl": {
          "start": { "line": 175, "column": 21 },
          "end": { "line": 175, "column": 22 }
        },
        "loc": {
          "start": { "line": 175, "column": 43 },
          "end": { "line": 175, "column": 73 }
        }
      },
      "20": {
        "name": "(anonymous_27)",
        "decl": {
          "start": { "line": 176, "column": 22 },
          "end": { "line": 176, "column": 23 }
        },
        "loc": {
          "start": { "line": 176, "column": 44 },
          "end": { "line": 176, "column": 75 }
        }
      },
      "21": {
        "name": "(anonymous_28)",
        "decl": {
          "start": { "line": 177, "column": 17 },
          "end": { "line": 177, "column": 18 }
        },
        "loc": {
          "start": { "line": 177, "column": 39 },
          "end": { "line": 177, "column": 65 }
        }
      },
      "22": {
        "name": "(anonymous_29)",
        "decl": {
          "start": { "line": 178, "column": 22 },
          "end": { "line": 178, "column": 23 }
        },
        "loc": {
          "start": { "line": 178, "column": 44 },
          "end": { "line": 178, "column": 75 }
        }
      },
      "23": {
        "name": "(anonymous_30)",
        "decl": {
          "start": { "line": 179, "column": 22 },
          "end": { "line": 179, "column": 23 }
        },
        "loc": {
          "start": { "line": 179, "column": 44 },
          "end": { "line": 179, "column": 75 }
        }
      },
      "24": {
        "name": "(anonymous_31)",
        "decl": {
          "start": { "line": 180, "column": 16 },
          "end": { "line": 180, "column": 17 }
        },
        "loc": {
          "start": { "line": 180, "column": 38 },
          "end": { "line": 180, "column": 63 }
        }
      },
      "25": {
        "name": "(anonymous_32)",
        "decl": {
          "start": { "line": 181, "column": 23 },
          "end": { "line": 181, "column": 24 }
        },
        "loc": {
          "start": { "line": 181, "column": 45 },
          "end": { "line": 181, "column": 77 }
        }
      },
      "26": {
        "name": "(anonymous_33)",
        "decl": {
          "start": { "line": 195, "column": 16 },
          "end": { "line": 195, "column": 36 }
        },
        "loc": {
          "start": { "line": 196, "column": 10 },
          "end": { "line": 199, "column": null }
        }
      },
      "27": {
        "name": "(anonymous_34)",
        "decl": {
          "start": { "line": 201, "column": 13 },
          "end": { "line": 201, "column": null }
        },
        "loc": {
          "start": { "line": 205, "column": 10 },
          "end": { "line": 205, "column": 77 }
        }
      },
      "28": {
        "name": "(anonymous_35)",
        "decl": {
          "start": { "line": 206, "column": 19 },
          "end": { "line": 206, "column": 39 }
        },
        "loc": {
          "start": { "line": 207, "column": 10 },
          "end": { "line": 207, "column": 76 }
        }
      },
      "29": {
        "name": "(anonymous_36)",
        "decl": {
          "start": { "line": 208, "column": 16 },
          "end": { "line": 208, "column": null }
        },
        "loc": {
          "start": { "line": 212, "column": 10 },
          "end": { "line": 212, "column": 78 }
        }
      },
      "30": {
        "name": "(anonymous_37)",
        "decl": {
          "start": { "line": 216, "column": 13 },
          "end": { "line": 216, "column": null }
        },
        "loc": {
          "start": { "line": 221, "column": 10 },
          "end": { "line": 224, "column": null }
        }
      },
      "31": {
        "name": "(anonymous_38)",
        "decl": {
          "start": { "line": 226, "column": 16 },
          "end": { "line": 226, "column": null }
        },
        "loc": {
          "start": { "line": 230, "column": 10 },
          "end": { "line": 231, "column": null }
        }
      },
      "32": {
        "name": "(anonymous_39)",
        "decl": {
          "start": { "line": 233, "column": 16 },
          "end": { "line": 233, "column": null }
        },
        "loc": {
          "start": { "line": 238, "column": 10 },
          "end": { "line": 241, "column": 12 }
        }
      },
      "33": {
        "name": "(anonymous_40)",
        "decl": {
          "start": { "line": 249, "column": 15 },
          "end": { "line": 249, "column": 16 }
        },
        "loc": {
          "start": { "line": 249, "column": 49 },
          "end": { "line": 249, "column": 79 }
        }
      },
      "34": {
        "name": "(anonymous_41)",
        "decl": {
          "start": { "line": 252, "column": 18 },
          "end": { "line": 252, "column": 23 }
        },
        "loc": {
          "start": { "line": 262, "column": 73 },
          "end": { "line": 264, "column": 7 }
        }
      },
      "35": {
        "name": "(anonymous_42)",
        "decl": {
          "start": { "line": 266, "column": 20 },
          "end": { "line": 266, "column": null }
        },
        "loc": {
          "start": { "line": 281, "column": 10 },
          "end": { "line": 289, "column": 7 }
        }
      },
      "36": {
        "name": "(anonymous_43)",
        "decl": {
          "start": { "line": 291, "column": 23 },
          "end": { "line": 291, "column": null }
        },
        "loc": {
          "start": { "line": 305, "column": 11 },
          "end": { "line": 305, "column": 63 }
        }
      },
      "37": {
        "name": "(anonymous_44)",
        "decl": {
          "start": { "line": 306, "column": 21 },
          "end": { "line": 306, "column": 41 }
        },
        "loc": {
          "start": { "line": 307, "column": 8 },
          "end": { "line": 307, "column": 67 }
        }
      },
      "38": {
        "name": "(anonymous_45)",
        "decl": {
          "start": { "line": 309, "column": 24 },
          "end": { "line": 309, "column": null }
        },
        "loc": {
          "start": { "line": 314, "column": 8 },
          "end": { "line": 315, "column": null }
        }
      },
      "39": {
        "name": "(anonymous_46)",
        "decl": {
          "start": { "line": 318, "column": 27 },
          "end": { "line": 318, "column": null }
        },
        "loc": {
          "start": { "line": 334, "column": 10 },
          "end": { "line": 341, "column": 7 }
        }
      },
      "40": {
        "name": "(anonymous_47)",
        "decl": {
          "start": { "line": 343, "column": 8 },
          "end": { "line": 343, "column": 10 }
        },
        "loc": {
          "start": { "line": 343, "column": 31 },
          "end": { "line": 345, "column": 9 }
        }
      },
      "41": {
        "name": "(anonymous_48)",
        "decl": {
          "start": { "line": 348, "column": 8 },
          "end": { "line": 348, "column": 10 }
        },
        "loc": {
          "start": { "line": 348, "column": 35 },
          "end": { "line": 350, "column": 9 }
        }
      },
      "42": {
        "name": "(anonymous_49)",
        "decl": {
          "start": { "line": 358, "column": 20 },
          "end": { "line": 358, "column": 21 }
        },
        "loc": {
          "start": { "line": 359, "column": 8 },
          "end": { "line": 359, "column": 56 }
        }
      },
      "43": {
        "name": "(anonymous_50)",
        "decl": {
          "start": { "line": 360, "column": 20 },
          "end": { "line": 360, "column": 21 }
        },
        "loc": {
          "start": { "line": 361, "column": 8 },
          "end": { "line": 361, "column": 54 }
        }
      },
      "44": {
        "name": "(anonymous_51)",
        "decl": {
          "start": { "line": 362, "column": 19 },
          "end": { "line": 362, "column": null }
        },
        "loc": {
          "start": { "line": 369, "column": 11 },
          "end": { "line": 369, "column": 76 }
        }
      },
      "45": {
        "name": "(anonymous_52)",
        "decl": {
          "start": { "line": 370, "column": 23 },
          "end": { "line": 370, "column": null }
        },
        "loc": {
          "start": { "line": 377, "column": 11 },
          "end": { "line": 377, "column": 13 }
        }
      },
      "46": {
        "name": "(anonymous_53)",
        "decl": {
          "start": { "line": 378, "column": 23 },
          "end": { "line": 378, "column": null }
        },
        "loc": {
          "start": { "line": 385, "column": 11 },
          "end": { "line": 385, "column": 13 }
        }
      },
      "47": {
        "name": "(anonymous_54)",
        "decl": {
          "start": { "line": 386, "column": 29 },
          "end": { "line": 386, "column": null }
        },
        "loc": {
          "start": { "line": 396, "column": 11 },
          "end": { "line": 396, "column": 77 }
        }
      },
      "48": {
        "name": "(anonymous_55)",
        "decl": {
          "start": { "line": 397, "column": 25 },
          "end": { "line": 397, "column": null }
        },
        "loc": {
          "start": { "line": 402, "column": 10 },
          "end": { "line": 428, "column": 7 }
        }
      },
      "49": {
        "name": "(anonymous_56)",
        "decl": {
          "start": { "line": 403, "column": 15 },
          "end": { "line": 403, "column": 20 }
        },
        "loc": {
          "start": { "line": 403, "column": 69 },
          "end": { "line": 427, "column": 9 }
        }
      },
      "50": {
        "name": "(anonymous_57)",
        "decl": {
          "start": { "line": 407, "column": 14 },
          "end": { "line": 407, "column": 15 }
        },
        "loc": {
          "start": { "line": 412, "column": 21 },
          "end": { "line": 424, "column": 16 }
        }
      },
      "51": {
        "name": "(anonymous_58)",
        "decl": {
          "start": { "line": 429, "column": 17 },
          "end": { "line": 429, "column": null }
        },
        "loc": {
          "start": { "line": 440, "column": 8 },
          "end": { "line": 446, "column": null }
        }
      },
      "52": {
        "name": "(anonymous_59)",
        "decl": {
          "start": { "line": 448, "column": 20 },
          "end": { "line": 448, "column": 21 }
        },
        "loc": {
          "start": { "line": 448, "column": 56 },
          "end": { "line": 448, "column": 70 }
        }
      },
      "53": {
        "name": "(anonymous_60)",
        "decl": {
          "start": { "line": 449, "column": 23 },
          "end": { "line": 449, "column": null }
        },
        "loc": {
          "start": { "line": 455, "column": 11 },
          "end": { "line": 455, "column": 38 }
        }
      },
      "54": {
        "name": "(anonymous_61)",
        "decl": {
          "start": { "line": 456, "column": 17 },
          "end": { "line": 456, "column": null }
        },
        "loc": {
          "start": { "line": 461, "column": 11 },
          "end": { "line": 461, "column": 41 }
        }
      },
      "55": {
        "name": "(anonymous_62)",
        "decl": {
          "start": { "line": 463, "column": 8 },
          "end": { "line": 463, "column": null }
        },
        "loc": {
          "start": { "line": 466, "column": 8 },
          "end": { "line": 467, "column": 45 }
        }
      },
      "56": {
        "name": "(anonymous_63)",
        "decl": {
          "start": { "line": 466, "column": 8 },
          "end": { "line": 466, "column": 9 }
        },
        "loc": {
          "start": { "line": 467, "column": 10 },
          "end": { "line": 467, "column": 45 }
        }
      },
      "57": {
        "name": "(anonymous_64)",
        "decl": {
          "start": { "line": 468, "column": 22 },
          "end": { "line": 468, "column": 23 }
        },
        "loc": {
          "start": { "line": 469, "column": 8 },
          "end": { "line": 469, "column": 43 }
        }
      },
      "58": {
        "name": "(anonymous_65)",
        "decl": {
          "start": { "line": 477, "column": 8 },
          "end": { "line": 477, "column": 10 }
        },
        "loc": {
          "start": { "line": 477, "column": 10 },
          "end": { "line": 479, "column": 9 }
        }
      },
      "59": {
        "name": "(anonymous_66)",
        "decl": {
          "start": { "line": 482, "column": 17 },
          "end": { "line": 482, "column": null }
        },
        "loc": {
          "start": { "line": 484, "column": 13 },
          "end": { "line": 484, "column": 54 }
        }
      },
      "60": {
        "name": "(anonymous_67)",
        "decl": {
          "start": { "line": 485, "column": 17 },
          "end": { "line": 485, "column": null }
        },
        "loc": {
          "start": { "line": 487, "column": 13 },
          "end": { "line": 487, "column": 50 }
        }
      },
      "61": {
        "name": "(anonymous_68)",
        "decl": {
          "start": { "line": 488, "column": 21 },
          "end": { "line": 488, "column": 22 }
        },
        "loc": {
          "start": { "line": 489, "column": 10 },
          "end": { "line": 489, "column": 49 }
        }
      },
      "62": {
        "name": "(anonymous_69)",
        "decl": {
          "start": { "line": 492, "column": 12 },
          "end": { "line": 492, "column": null }
        },
        "loc": {
          "start": { "line": 496, "column": 13 },
          "end": { "line": 496, "column": 41 }
        }
      },
      "63": {
        "name": "(anonymous_70)",
        "decl": {
          "start": { "line": 499, "column": 8 },
          "end": { "line": 499, "column": 10 }
        },
        "loc": {
          "start": { "line": 503, "column": 9 },
          "end": { "line": 505, "column": 9 }
        }
      },
      "64": {
        "name": "(anonymous_71)",
        "decl": {
          "start": { "line": 508, "column": 8 },
          "end": { "line": 508, "column": 10 }
        },
        "loc": {
          "start": { "line": 528, "column": 9 },
          "end": { "line": 535, "column": 9 }
        }
      },
      "65": {
        "name": "(anonymous_72)",
        "decl": {
          "start": { "line": 539, "column": 13 },
          "end": { "line": 539, "column": null }
        },
        "loc": {
          "start": { "line": 554, "column": 13 },
          "end": { "line": 554, "column": 44 }
        }
      },
      "66": {
        "name": "(anonymous_73)",
        "decl": {
          "start": { "line": 555, "column": 21 },
          "end": { "line": 555, "column": null }
        },
        "loc": {
          "start": { "line": 580, "column": 13 },
          "end": { "line": 580, "column": 42 }
        }
      },
      "67": {
        "name": "(anonymous_74)",
        "decl": {
          "start": { "line": 595, "column": 23 },
          "end": { "line": 595, "column": null }
        },
        "loc": {
          "start": { "line": 606, "column": 13 },
          "end": { "line": 606, "column": 42 }
        }
      },
      "68": {
        "name": "(anonymous_75)",
        "decl": {
          "start": { "line": 607, "column": 21 },
          "end": { "line": 607, "column": null }
        },
        "loc": {
          "start": { "line": 627, "column": 13 },
          "end": { "line": 627, "column": 43 }
        }
      },
      "69": {
        "name": "(anonymous_76)",
        "decl": {
          "start": { "line": 628, "column": 25 },
          "end": { "line": 628, "column": null }
        },
        "loc": {
          "start": { "line": 643, "column": 13 },
          "end": { "line": 643, "column": 47 }
        }
      },
      "70": {
        "name": "(anonymous_77)",
        "decl": {
          "start": { "line": 644, "column": 23 },
          "end": { "line": 644, "column": null }
        },
        "loc": {
          "start": { "line": 662, "column": 13 },
          "end": { "line": 662, "column": 45 }
        }
      },
      "71": {
        "name": "(anonymous_78)",
        "decl": {
          "start": { "line": 663, "column": 22 },
          "end": { "line": 663, "column": null }
        },
        "loc": {
          "start": { "line": 675, "column": 13 },
          "end": { "line": 675, "column": 44 }
        }
      },
      "72": {
        "name": "(anonymous_79)",
        "decl": {
          "start": { "line": 676, "column": 25 },
          "end": { "line": 676, "column": null }
        },
        "loc": {
          "start": { "line": 691, "column": 13 },
          "end": { "line": 691, "column": 47 }
        }
      },
      "73": {
        "name": "(anonymous_80)",
        "decl": {
          "start": { "line": 692, "column": 23 },
          "end": { "line": 692, "column": null }
        },
        "loc": {
          "start": { "line": 704, "column": 13 },
          "end": { "line": 704, "column": 45 }
        }
      },
      "74": {
        "name": "(anonymous_81)",
        "decl": {
          "start": { "line": 705, "column": 28 },
          "end": { "line": 705, "column": null }
        },
        "loc": {
          "start": { "line": 719, "column": 13 },
          "end": { "line": 719, "column": 50 }
        }
      },
      "75": {
        "name": "(anonymous_82)",
        "decl": {
          "start": { "line": 720, "column": 23 },
          "end": { "line": 720, "column": null }
        },
        "loc": {
          "start": { "line": 733, "column": 10 },
          "end": { "line": 736, "column": null }
        }
      },
      "76": {
        "name": "(anonymous_83)",
        "decl": {
          "start": { "line": 739, "column": 22 },
          "end": { "line": 739, "column": null }
        },
        "loc": {
          "start": { "line": 754, "column": 13 },
          "end": { "line": 754, "column": 71 }
        }
      },
      "77": {
        "name": "(anonymous_84)",
        "decl": {
          "start": { "line": 757, "column": 12 },
          "end": { "line": 757, "column": null }
        },
        "loc": {
          "start": { "line": 766, "column": 13 },
          "end": { "line": 766, "column": 49 }
        }
      },
      "78": {
        "name": "runCommand",
        "decl": {
          "start": { "line": 772, "column": 22 },
          "end": { "line": 772, "column": 32 }
        },
        "loc": {
          "start": { "line": 778, "column": 3 },
          "end": { "line": 787, "column": 1 }
        }
      },
      "79": {
        "name": "(anonymous_86)",
        "decl": {
          "start": { "line": 785, "column": 4 },
          "end": { "line": 785, "column": 5 }
        },
        "loc": {
          "start": { "line": 785, "column": 22 },
          "end": { "line": 785, "column": 49 }
        }
      },
      "80": {
        "name": "nullifyProperties",
        "decl": {
          "start": { "line": 788, "column": 9 },
          "end": { "line": 788, "column": 26 }
        },
        "loc": {
          "start": { "line": 788, "column": 55 },
          "end": { "line": 792, "column": 1 }
        }
      },
      "81": {
        "name": "(anonymous_88)",
        "decl": {
          "start": { "line": 790, "column": 30 },
          "end": { "line": 790, "column": 31 }
        },
        "loc": {
          "start": { "line": 790, "column": 42 },
          "end": { "line": 790, "column": 68 }
        }
      },
      "82": {
        "name": "nullifyProperties_",
        "decl": {
          "start": { "line": 793, "column": 9 },
          "end": { "line": 793, "column": 27 }
        },
        "loc": {
          "start": { "line": 793, "column": 55 },
          "end": { "line": 804, "column": 1 }
        }
      },
      "83": {
        "name": "(anonymous_90)",
        "decl": {
          "start": { "line": 801, "column": 38 },
          "end": { "line": 801, "column": 39 }
        },
        "loc": {
          "start": { "line": 801, "column": 50 },
          "end": { "line": 801, "column": 76 }
        }
      }
    },
    "branchMap": {
      "0": {
        "loc": {
          "start": { "line": 101, "column": 4 },
          "end": { "line": 111, "column": null }
        },
        "type": "if",
        "locations": [
          {
            "start": { "line": 101, "column": 4 },
            "end": { "line": 111, "column": null }
          },
          {
            "start": { "line": 103, "column": 11 },
            "end": { "line": 111, "column": null }
          }
        ]
      },
      "1": {
        "loc": {
          "start": { "line": 101, "column": 8 },
          "end": { "line": 101, "column": 54 }
        },
        "type": "binary-expr",
        "locations": [
          {
            "start": { "line": 101, "column": 8 },
            "end": { "line": 101, "column": 26 }
          },
          {
            "start": { "line": 101, "column": 30 },
            "end": { "line": 101, "column": 54 }
          }
        ]
      },
      "2": {
        "loc": {
          "start": { "line": 104, "column": 6 },
          "end": { "line": 106, "column": null }
        },
        "type": "if",
        "locations": [
          {
            "start": { "line": 104, "column": 6 },
            "end": { "line": 106, "column": null }
          }
        ]
      },
      "3": {
        "loc": {
          "start": { "line": 107, "column": 6 },
          "end": { "line": 109, "column": null }
        },
        "type": "if",
        "locations": [
          {
            "start": { "line": 107, "column": 6 },
            "end": { "line": 109, "column": null }
          }
        ]
      },
      "4": {
        "loc": {
          "start": { "line": 415, "column": 20 },
          "end": { "line": 422, "column": 22 }
        },
        "type": "cond-expr",
        "locations": [
          {
            "start": { "line": 416, "column": 20 },
            "end": { "line": 419, "column": null }
          },
          {
            "start": { "line": 420, "column": 20 },
            "end": { "line": 422, "column": 22 }
          }
        ]
      },
      "5": {
        "loc": {
          "start": { "line": 784, "column": 4 },
          "end": { "line": 784, "column": 24 }
        },
        "type": "binary-expr",
        "locations": [
          {
            "start": { "line": 784, "column": 4 },
            "end": { "line": 784, "column": 18 }
          },
          {
            "start": { "line": 784, "column": 22 },
            "end": { "line": 784, "column": 24 }
          }
        ]
      },
      "6": {
        "loc": {
          "start": { "line": 794, "column": 2 },
          "end": { "line": 796, "column": null }
        },
        "type": "if",
        "locations": [
          {
            "start": { "line": 794, "column": 2 },
            "end": { "line": 796, "column": null }
          }
        ]
      }
    },
    "s": {
      "0": 5,
      "1": 5,
      "2": 5,
      "3": 5,
      "4": 5,
      "5": 5,
      "6": 5,
      "7": 5,
      "8": 5,
      "9": 5,
      "10": 5,
      "11": 5,
      "12": 5,
      "13": 5,
      "14": 5,
      "15": 5,
      "16": 5,
      "17": 5,
      "18": 5,
      "19": 5,
      "20": 5,
      "21": 5,
      "22": 5,
      "23": 5,
      "24": 5,
      "25": 5,
      "26": 5,
      "27": 5,
      "28": 5,
      "29": 5,
      "30": 5,
      "31": 5,
      "32": 5,
      "33": 5,
      "34": 5,
      "35": 5,
      "36": 5,
      "37": 5,
      "38": 5,
      "39": 5,
      "40": 5,
      "41": 5,
      "42": 5,
      "43": 5,
      "44": 0,
      "45": 0,
      "46": 0,
      "47": 0,
      "48": 0,
      "49": 0,
      "50": 0,
      "51": 0,
      "52": 18,
      "53": 6,
      "54": 6,
      "55": 6,
      "56": 6,
      "57": 0,
      "58": 0,
      "59": 0,
      "60": 0,
      "61": 0,
      "62": 0,
      "63": 0,
      "64": 0,
      "65": 0,
      "66": 0,
      "67": 0,
      "68": 0,
      "69": 0,
      "70": 0,
      "71": 0,
      "72": 0,
      "73": 0,
      "74": 0,
      "75": 0,
      "76": 6,
      "77": 0,
      "78": 0,
      "79": 0,
      "80": 0,
      "81": 0,
      "82": 0,
      "83": 0,
      "84": 0,
      "85": 0,
      "86": 0,
      "87": 0,
      "88": 0,
      "89": 0,
      "90": 0,
      "91": 0,
      "92": 0,
      "93": 0,
      "94": 0,
      "95": 0,
      "96": 0,
      "97": 0,
      "98": 0,
      "99": 1,
      "100": 0,
      "101": 0,
      "102": 0,
      "103": 0,
      "104": 0,
      "105": 0,
      "106": 0,
      "107": 0,
      "108": 0,
      "109": 0,
      "110": 0,
      "111": 0,
      "112": 0,
      "113": 0,
      "114": 0,
      "115": 32,
      "116": 0,
      "117": 1,
      "118": 4,
      "119": 0,
      "120": 0,
      "121": 0,
      "122": 0,
      "123": 0,
      "124": 0,
      "125": 0,
      "126": 0,
      "127": 0,
      "128": 0,
      "129": 0,
      "130": 4,
      "131": 5,
      "132": 0,
      "133": 0,
      "134": 0,
      "135": 5,
      "136": 0,
      "137": 0,
      "138": 0,
      "139": 0,
      "140": 0,
      "141": 0
    },
    "f": {
      "0": 0,
      "1": 0,
      "2": 18,
      "3": 6,
      "4": 6,
      "5": 6,
      "6": 6,
      "7": 0,
      "8": 0,
      "9": 0,
      "10": 0,
      "11": 0,
      "12": 0,
      "13": 0,
      "14": 0,
      "15": 0,
      "16": 0,
      "17": 0,
      "18": 0,
      "19": 0,
      "20": 0,
      "21": 0,
      "22": 0,
      "23": 0,
      "24": 0,
      "25": 0,
      "26": 0,
      "27": 0,
      "28": 0,
      "29": 0,
      "30": 0,
      "31": 0,
      "32": 0,
      "33": 0,
      "34": 0,
      "35": 0,
      "36": 0,
      "37": 0,
      "38": 0,
      "39": 0,
      "40": 0,
      "41": 0,
      "42": 0,
      "43": 0,
      "44": 0,
      "45": 0,
      "46": 0,
      "47": 1,
      "48": 0,
      "49": 0,
      "50": 0,
      "51": 0,
      "52": 0,
      "53": 0,
      "54": 0,
      "55": 0,
      "56": 0,
      "57": 0,
      "58": 0,
      "59": 0,
      "60": 0,
      "61": 0,
      "62": 32,
      "63": 0,
      "64": 1,
      "65": 4,
      "66": 0,
      "67": 0,
      "68": 0,
      "69": 0,
      "70": 0,
      "71": 0,
      "72": 0,
      "73": 0,
      "74": 0,
      "75": 0,
      "76": 0,
      "77": 4,
      "78": 0,
      "79": 0,
      "80": 0,
      "81": 0,
      "82": 0,
      "83": 0
    },
    "b": {
      "0": [0, 0],
      "1": [0, 0],
      "2": [0],
      "3": [0],
      "4": [0, 0],
      "5": [0, 0],
      "6": [0]
    }
  },
  "/Users/matthill/Code/start9/start-os/sdk/lib/actions/createAction.ts": {
    "path": "/Users/matthill/Code/start9/start-os/sdk/lib/actions/createAction.ts",
    "statementMap": {
      "0": {
        "start": { "line": 19, "column": 20 },
        "end": { "line": 19, "column": 30 }
      },
      "1": {
        "start": { "line": 20, "column": 20 },
        "end": { "line": 20, "column": null }
      },
      "2": {
        "start": { "line": 25, "column": 13 },
        "end": { "line": 25, "column": null }
      },
      "3": {
        "start": { "line": 29, "column": 13 },
        "end": { "line": 29, "column": 39 }
      },
      "4": {
        "start": { "line": 30, "column": 11 },
        "end": { "line": 30, "column": 23 }
      },
      "5": {
        "start": { "line": 47, "column": 4 },
        "end": { "line": 52, "column": null }
      },
      "6": {
        "start": { "line": 55, "column": 35 },
        "end": { "line": 60, "column": 3 }
      },
      "7": {
        "start": { "line": 56, "column": 4 },
        "end": { "line": 59, "column": null }
      },
      "8": {
        "start": { "line": 62, "column": 8 },
        "end": { "line": 67, "column": 3 }
      },
      "9": {
        "start": { "line": 63, "column": 4 },
        "end": { "line": 66, "column": null }
      },
      "10": {
        "start": { "line": 70, "column": 4 },
        "end": { "line": 71, "column": null }
      },
      "11": {
        "start": { "line": 71, "column": 6 },
        "end": { "line": 71, "column": null }
      },
      "12": {
        "start": { "line": 72, "column": 4 },
        "end": { "line": 72, "column": null }
      },
      "13": {
        "start": { "line": 76, "column": 4 },
        "end": { "line": 79, "column": null }
      },
      "14": {
        "start": { "line": 83, "column": 4 },
        "end": { "line": 85, "column": null }
      },
      "15": {
        "start": { "line": 9, "column": 0 },
        "end": { "line": 9, "column": 13 }
      },
      "16": {
        "start": { "line": 89, "column": 13 },
        "end": { "line": 89, "column": null }
      }
    },
    "fnMap": {
      "0": {
        "name": "(anonymous_0)",
        "decl": {
          "start": { "line": 18, "column": 2 },
          "end": { "line": 18, "column": null }
        },
        "loc": {
          "start": { "line": 30, "column": 38 },
          "end": { "line": 31, "column": 6 }
        }
      },
      "1": {
        "name": "(anonymous_1)",
        "decl": {
          "start": { "line": 33, "column": 2 },
          "end": { "line": 33, "column": 8 }
        },
        "loc": {
          "start": { "line": 45, "column": 58 },
          "end": { "line": 53, "column": 3 }
        }
      },
      "2": {
        "name": "(anonymous_2)",
        "decl": {
          "start": { "line": 55, "column": 35 },
          "end": { "line": 55, "column": 36 }
        },
        "loc": {
          "start": { "line": 55, "column": 58 },
          "end": { "line": 60, "column": 3 }
        }
      },
      "3": {
        "name": "(anonymous_3)",
        "decl": {
          "start": { "line": 62, "column": 8 },
          "end": { "line": 62, "column": 13 }
        },
        "loc": {
          "start": { "line": 62, "column": 73 },
          "end": { "line": 67, "column": 3 }
        }
      },
      "4": {
        "name": "(anonymous_4)",
        "decl": {
          "start": { "line": 69, "column": 2 },
          "end": { "line": 69, "column": 7 }
        },
        "loc": {
          "start": { "line": 69, "column": 46 },
          "end": { "line": 73, "column": 3 }
        }
      },
      "5": {
        "name": "(anonymous_5)",
        "decl": {
          "start": { "line": 75, "column": 2 },
          "end": { "line": 75, "column": 7 }
        },
        "loc": {
          "start": { "line": 75, "column": 52 },
          "end": { "line": 80, "column": 3 }
        }
      },
      "6": {
        "name": "(anonymous_6)",
        "decl": {
          "start": { "line": 82, "column": 2 },
          "end": { "line": 82, "column": 7 }
        },
        "loc": {
          "start": { "line": 82, "column": 51 },
          "end": { "line": 86, "column": 3 }
        }
      }
    },
    "branchMap": {
      "0": {
        "loc": {
          "start": { "line": 30, "column": 11 },
          "end": { "line": 30, "column": 38 }
        },
        "type": "default-arg",
        "locations": [
          {
            "start": { "line": 30, "column": 23 },
            "end": { "line": 30, "column": 38 }
          }
        ]
      },
      "1": {
        "loc": {
          "start": { "line": 70, "column": 4 },
          "end": { "line": 71, "column": null }
        },
        "type": "if",
        "locations": [
          {
            "start": { "line": 70, "column": 4 },
            "end": { "line": 71, "column": null }
          }
        ]
      }
    },
    "s": {
      "0": 0,
      "1": 0,
      "2": 0,
      "3": 0,
      "4": 0,
      "5": 0,
      "6": 0,
      "7": 0,
      "8": 0,
      "9": 0,
      "10": 0,
      "11": 0,
      "12": 0,
      "13": 0,
      "14": 0,
      "15": 5,
      "16": 5
    },
    "f": { "0": 0, "1": 0, "2": 0, "3": 0, "4": 0, "5": 0, "6": 0 },
    "b": { "0": [0], "1": [0] }
  },
  "/Users/matthill/Code/start9/start-os/sdk/lib/actions/setupActions.ts": {
    "path": "/Users/matthill/Code/start9/start-os/sdk/lib/actions/setupActions.ts",
    "statementMap": {
      "0": {
        "start": { "line": 8, "column": 20 },
        "end": { "line": 14, "column": 3 }
      },
      "1": {
        "start": { "line": 9, "column": 73 },
        "end": { "line": 9, "column": 75 }
      },
      "2": {
        "start": { "line": 10, "column": 4 },
        "end": { "line": 12, "column": null }
      },
      "3": {
        "start": { "line": 11, "column": 6 },
        "end": { "line": 11, "column": null }
      },
      "4": {
        "start": { "line": 13, "column": 4 },
        "end": { "line": 13, "column": null }
      },
      "5": {
        "start": { "line": 18, "column": 6 },
        "end": { "line": 27, "column": null }
      },
      "6": {
        "start": { "line": 20, "column": 6 },
        "end": { "line": 20, "column": null }
      },
      "7": {
        "start": { "line": 23, "column": 6 },
        "end": { "line": 25, "column": null }
      },
      "8": {
        "start": { "line": 24, "column": 34 },
        "end": { "line": 24, "column": 63 }
      },
      "9": {
        "start": { "line": 28, "column": 2 },
        "end": { "line": 28, "column": null }
      },
      "10": {
        "start": { "line": 5, "column": 0 },
        "end": { "line": 5, "column": 16 }
      }
    },
    "fnMap": {
      "0": {
        "name": "setupActions",
        "decl": {
          "start": { "line": 5, "column": 16 },
          "end": { "line": 5, "column": 28 }
        },
        "loc": {
          "start": { "line": 6, "column": 58 },
          "end": { "line": 29, "column": 1 }
        }
      },
      "1": {
        "name": "(anonymous_1)",
        "decl": {
          "start": { "line": 8, "column": 20 },
          "end": { "line": 8, "column": 25 }
        },
        "loc": {
          "start": { "line": 8, "column": 60 },
          "end": { "line": 14, "column": 3 }
        }
      },
      "2": {
        "name": "(anonymous_2)",
        "decl": {
          "start": { "line": 19, "column": 4 },
          "end": { "line": 19, "column": 11 }
        },
        "loc": {
          "start": { "line": 19, "column": 41 },
          "end": { "line": 21, "column": 5 }
        }
      },
      "3": {
        "name": "(anonymous_3)",
        "decl": {
          "start": { "line": 22, "column": 4 },
          "end": { "line": 22, "column": 9 }
        },
        "loc": {
          "start": { "line": 22, "column": 59 },
          "end": { "line": 26, "column": 5 }
        }
      },
      "4": {
        "name": "(anonymous_4)",
        "decl": {
          "start": { "line": 24, "column": 27 },
          "end": { "line": 24, "column": 28 }
        },
        "loc": {
          "start": { "line": 24, "column": 34 },
          "end": { "line": 24, "column": 63 }
        }
      }
    },
    "branchMap": {},
    "s": {
      "0": 0,
      "1": 0,
      "2": 0,
      "3": 0,
      "4": 0,
      "5": 0,
      "6": 0,
      "7": 0,
      "8": 0,
      "9": 0,
      "10": 5
    },
    "f": { "0": 0, "1": 0, "2": 0, "3": 0, "4": 0 },
    "b": {}
  },
  "/Users/matthill/Code/start9/start-os/sdk/lib/backup/Backups.ts": {
    "path": "/Users/matthill/Code/start9/start-os/sdk/lib/backup/Backups.ts",
    "statementMap": {
      "0": {
        "start": { "line": 3, "column": 0 },
        "end": { "line": 3, "column": 46 }
      },
      "1": {
        "start": { "line": 5, "column": 0 },
        "end": { "line": 5, "column": 33 }
      },
      "2": {
        "start": { "line": 8, "column": 13 },
        "end": { "line": 13, "column": null }
      },
      "3": {
        "start": { "line": 44, "column": 26 },
        "end": { "line": 44, "column": 34 }
      },
      "4": {
        "start": { "line": 47, "column": 12 },
        "end": { "line": 47, "column": 22 }
      },
      "5": {
        "start": { "line": 48, "column": 12 },
        "end": { "line": 48, "column": 24 }
      },
      "6": {
        "start": { "line": 53, "column": 4 },
        "end": { "line": 60, "column": null }
      },
      "7": {
        "start": { "line": 54, "column": 41 },
        "end": { "line": 59, "column": 8 }
      },
      "8": {
        "start": { "line": 65, "column": 4 },
        "end": { "line": 65, "column": null }
      },
      "9": {
        "start": { "line": 70, "column": 4 },
        "end": { "line": 70, "column": null }
      },
      "10": {
        "start": { "line": 73, "column": 23 },
        "end": { "line": 73, "column": 43 }
      },
      "11": {
        "start": { "line": 75, "column": 4 },
        "end": { "line": 78, "column": null }
      },
      "12": {
        "start": { "line": 79, "column": 4 },
        "end": { "line": 79, "column": null }
      },
      "13": {
        "start": { "line": 82, "column": 4 },
        "end": { "line": 89, "column": null }
      },
      "14": {
        "start": { "line": 83, "column": 41 },
        "end": { "line": 88, "column": 8 }
      },
      "15": {
        "start": { "line": 92, "column": 4 },
        "end": { "line": 94, "column": null }
      },
      "16": {
        "start": { "line": 93, "column": 6 },
        "end": { "line": 93, "column": 79 }
      },
      "17": {
        "start": { "line": 95, "column": 4 },
        "end": { "line": 95, "column": null }
      },
      "18": {
        "start": { "line": 98, "column": 57 },
        "end": { "line": 115, "column": 5 }
      },
      "19": {
        "start": { "line": 101, "column": 6 },
        "end": { "line": 113, "column": null }
      },
      "20": {
        "start": { "line": 102, "column": 29 },
        "end": { "line": 110, "column": null }
      },
      "21": {
        "start": { "line": 112, "column": 8 },
        "end": { "line": 112, "column": null }
      },
      "22": {
        "start": { "line": 114, "column": 6 },
        "end": { "line": 114, "column": 12 }
      },
      "23": {
        "start": { "line": 116, "column": 59 },
        "end": { "line": 133, "column": 5 }
      },
      "24": {
        "start": { "line": 119, "column": 6 },
        "end": { "line": 131, "column": null }
      },
      "25": {
        "start": { "line": 120, "column": 29 },
        "end": { "line": 128, "column": null }
      },
      "26": {
        "start": { "line": 130, "column": 8 },
        "end": { "line": 130, "column": null }
      },
      "27": {
        "start": { "line": 132, "column": 6 },
        "end": { "line": 132, "column": 12 }
      },
      "28": {
        "start": { "line": 134, "column": 4 },
        "end": { "line": 134, "column": null }
      },
      "29": {
        "start": { "line": 43, "column": 13 },
        "end": { "line": 43, "column": 20 }
      },
      "30": {
        "start": { "line": 138, "column": 2 },
        "end": { "line": 138, "column": null }
      },
      "31": {
        "start": { "line": 154, "column": 62 },
        "end": { "line": 154, "column": 74 }
      },
      "32": {
        "start": { "line": 156, "column": 18 },
        "end": { "line": 156, "column": 25 }
      },
      "33": {
        "start": { "line": 157, "column": 25 },
        "end": { "line": 157, "column": 27 }
      },
      "34": {
        "start": { "line": 158, "column": 2 },
        "end": { "line": 160, "column": null }
      },
      "35": {
        "start": { "line": 159, "column": 4 },
        "end": { "line": 159, "column": null }
      },
      "36": {
        "start": { "line": 161, "column": 2 },
        "end": { "line": 163, "column": null }
      },
      "37": {
        "start": { "line": 162, "column": 4 },
        "end": { "line": 162, "column": null }
      },
      "38": {
        "start": { "line": 164, "column": 2 },
        "end": { "line": 166, "column": null }
      },
      "39": {
        "start": { "line": 165, "column": 4 },
        "end": { "line": 165, "column": null }
      },
      "40": {
        "start": { "line": 167, "column": 2 },
        "end": { "line": 169, "column": null }
      },
      "41": {
        "start": { "line": 168, "column": 4 },
        "end": { "line": 168, "column": null }
      },
      "42": {
        "start": { "line": 170, "column": 2 },
        "end": { "line": 170, "column": null }
      },
      "43": {
        "start": { "line": 171, "column": 2 },
        "end": { "line": 171, "column": null }
      },
      "44": {
        "start": { "line": 172, "column": 2 },
        "end": { "line": 172, "column": null }
      },
      "45": {
        "start": { "line": 173, "column": 2 },
        "end": { "line": 173, "column": null }
      },
      "46": {
        "start": { "line": 174, "column": 2 },
        "end": { "line": 174, "column": null }
      },
      "47": {
        "start": { "line": 175, "column": 18 },
        "end": { "line": 175, "column": 72 }
      },
      "48": {
        "start": { "line": 176, "column": 19 },
        "end": { "line": 176, "column": 22 }
      },
      "49": {
        "start": { "line": 177, "column": 2 },
        "end": { "line": 184, "column": null }
      },
      "50": {
        "start": { "line": 178, "column": 18 },
        "end": { "line": 178, "column": 62 }
      },
      "51": {
        "start": { "line": 179, "column": 4 },
        "end": { "line": 183, "column": null }
      },
      "52": {
        "start": { "line": 180, "column": 21 },
        "end": { "line": 180, "column": 50 }
      },
      "53": {
        "start": { "line": 181, "column": 6 },
        "end": { "line": 181, "column": 27 }
      },
      "54": {
        "start": { "line": 181, "column": 19 },
        "end": { "line": 181, "column": 27 }
      },
      "55": {
        "start": { "line": 182, "column": 6 },
        "end": { "line": 182, "column": null }
      },
      "56": {
        "start": { "line": 186, "column": 2 },
        "end": { "line": 188, "column": null }
      },
      "57": {
        "start": { "line": 187, "column": 4 },
        "end": { "line": 187, "column": null }
      },
      "58": {
        "start": { "line": 190, "column": 13 },
        "end": { "line": 196, "column": 3 }
      },
      "59": {
        "start": { "line": 191, "column": 16 },
        "end": { "line": 191, "column": 27 }
      },
      "60": {
        "start": { "line": 192, "column": 4 },
        "end": { "line": 194, "column": null }
      },
      "61": {
        "start": { "line": 193, "column": 6 },
        "end": { "line": 193, "column": null }
      },
      "62": {
        "start": { "line": 195, "column": 4 },
        "end": { "line": 195, "column": null }
      },
      "63": {
        "start": { "line": 197, "column": 22 },
        "end": { "line": 205, "column": 4 }
      },
      "64": {
        "start": { "line": 198, "column": 4 },
        "end": { "line": 204, "column": null }
      },
      "65": {
        "start": { "line": 199, "column": 6 },
        "end": { "line": 203, "column": null }
      },
      "66": {
        "start": { "line": 200, "column": 8 },
        "end": { "line": 200, "column": null }
      },
      "67": {
        "start": { "line": 202, "column": 8 },
        "end": { "line": 202, "column": null }
      },
      "68": {
        "start": { "line": 206, "column": 15 },
        "end": { "line": 206, "column": 32 }
      },
      "69": {
        "start": { "line": 206, "column": 21 },
        "end": { "line": 206, "column": 32 }
      },
      "70": {
        "start": { "line": 207, "column": 19 },
        "end": { "line": 207, "column": 52 }
      },
      "71": {
        "start": { "line": 207, "column": 25 },
        "end": { "line": 207, "column": 52 }
      },
      "72": {
        "start": { "line": 208, "column": 2 },
        "end": { "line": 208, "column": null }
      }
    },
    "fnMap": {
      "0": {
        "name": "(anonymous_6)",
        "decl": {
          "start": { "line": 46, "column": 2 },
          "end": { "line": 46, "column": null }
        },
        "loc": {
          "start": { "line": 48, "column": 63 },
          "end": { "line": 49, "column": 6 }
        }
      },
      "1": {
        "name": "(anonymous_7)",
        "decl": {
          "start": { "line": 50, "column": 2 },
          "end": { "line": 50, "column": 8 }
        },
        "loc": {
          "start": { "line": 51, "column": 42 },
          "end": { "line": 61, "column": 3 }
        }
      },
      "2": {
        "name": "(anonymous_8)",
        "decl": {
          "start": { "line": 54, "column": 25 },
          "end": { "line": 54, "column": 26 }
        },
        "loc": {
          "start": { "line": 54, "column": 41 },
          "end": { "line": 59, "column": 8 }
        }
      },
      "3": {
        "name": "(anonymous_9)",
        "decl": {
          "start": { "line": 62, "column": 2 },
          "end": { "line": 62, "column": 8 }
        },
        "loc": {
          "start": { "line": 63, "column": 44 },
          "end": { "line": 66, "column": 3 }
        }
      },
      "4": {
        "name": "(anonymous_10)",
        "decl": {
          "start": { "line": 67, "column": 2 },
          "end": { "line": 67, "column": 8 }
        },
        "loc": {
          "start": { "line": 68, "column": 38 },
          "end": { "line": 71, "column": 3 }
        }
      },
      "5": {
        "name": "(anonymous_11)",
        "decl": {
          "start": { "line": 74, "column": 2 },
          "end": { "line": 74, "column": 12 }
        },
        "loc": {
          "start": { "line": 74, "column": 47 },
          "end": { "line": 80, "column": 3 }
        }
      },
      "6": {
        "name": "(anonymous_12)",
        "decl": {
          "start": { "line": 81, "column": 2 },
          "end": { "line": 81, "column": 9 }
        },
        "loc": {
          "start": { "line": 81, "column": 48 },
          "end": { "line": 90, "column": 3 }
        }
      },
      "7": {
        "name": "(anonymous_13)",
        "decl": {
          "start": { "line": 83, "column": 25 },
          "end": { "line": 83, "column": 26 }
        },
        "loc": {
          "start": { "line": 83, "column": 41 },
          "end": { "line": 88, "column": 8 }
        }
      },
      "8": {
        "name": "(anonymous_14)",
        "decl": {
          "start": { "line": 91, "column": 2 },
          "end": { "line": 91, "column": 9 }
        },
        "loc": {
          "start": { "line": 91, "column": 50 },
          "end": { "line": 96, "column": 3 }
        }
      },
      "9": {
        "name": "(anonymous_15)",
        "decl": {
          "start": { "line": 92, "column": 20 },
          "end": { "line": 92, "column": 21 }
        },
        "loc": {
          "start": { "line": 93, "column": 6 },
          "end": { "line": 93, "column": 79 }
        }
      },
      "10": {
        "name": "(anonymous_16)",
        "decl": {
          "start": { "line": 97, "column": 2 },
          "end": { "line": 97, "column": 7 }
        },
        "loc": {
          "start": { "line": 97, "column": 30 },
          "end": { "line": 135, "column": 3 }
        }
      },
      "11": {
        "name": "(anonymous_17)",
        "decl": {
          "start": { "line": 98, "column": 57 },
          "end": { "line": 98, "column": 62 }
        },
        "loc": {
          "start": { "line": 100, "column": 9 },
          "end": { "line": 115, "column": 5 }
        }
      },
      "12": {
        "name": "(anonymous_18)",
        "decl": {
          "start": { "line": 116, "column": 59 },
          "end": { "line": 116, "column": 64 }
        },
        "loc": {
          "start": { "line": 118, "column": 9 },
          "end": { "line": 133, "column": 5 }
        }
      },
      "13": {
        "name": "notEmptyPath",
        "decl": {
          "start": { "line": 137, "column": 9 },
          "end": { "line": 137, "column": 21 }
        },
        "loc": {
          "start": { "line": 137, "column": 34 },
          "end": { "line": 139, "column": 1 }
        }
      },
      "14": {
        "name": "runRsync",
        "decl": {
          "start": { "line": 140, "column": 15 },
          "end": { "line": 140, "column": 23 }
        },
        "loc": {
          "start": { "line": 148, "column": 24 },
          "end": { "line": 209, "column": 1 }
        }
      },
      "15": {
        "name": "(anonymous_21)",
        "decl": {
          "start": { "line": 177, "column": 28 },
          "end": { "line": 177, "column": 29 }
        },
        "loc": {
          "start": { "line": 177, "column": 46 },
          "end": { "line": 184, "column": 3 }
        }
      },
      "16": {
        "name": "(anonymous_22)",
        "decl": {
          "start": { "line": 186, "column": 28 },
          "end": { "line": 186, "column": 29 }
        },
        "loc": {
          "start": { "line": 186, "column": 46 },
          "end": { "line": 188, "column": 3 }
        }
      },
      "17": {
        "name": "(anonymous_23)",
        "decl": {
          "start": { "line": 190, "column": 13 },
          "end": { "line": 190, "column": 18 }
        },
        "loc": {
          "start": { "line": 190, "column": 24 },
          "end": { "line": 196, "column": 3 }
        }
      },
      "18": {
        "name": "(anonymous_24)",
        "decl": {
          "start": { "line": 197, "column": 40 },
          "end": { "line": 197, "column": 41 }
        },
        "loc": {
          "start": { "line": 197, "column": 60 },
          "end": { "line": 205, "column": 3 }
        }
      },
      "19": {
        "name": "(anonymous_25)",
        "decl": {
          "start": { "line": 198, "column": 23 },
          "end": { "line": 198, "column": 24 }
        },
        "loc": {
          "start": { "line": 198, "column": 37 },
          "end": { "line": 204, "column": 5 }
        }
      },
      "20": {
        "name": "(anonymous_26)",
        "decl": {
          "start": { "line": 206, "column": 15 },
          "end": { "line": 206, "column": 18 }
        },
        "loc": {
          "start": { "line": 206, "column": 21 },
          "end": { "line": 206, "column": 32 }
        }
      },
      "21": {
        "name": "(anonymous_27)",
        "decl": {
          "start": { "line": 207, "column": 19 },
          "end": { "line": 207, "column": 22 }
        },
        "loc": {
          "start": { "line": 207, "column": 25 },
          "end": { "line": 207, "column": 52 }
        }
      }
    },
    "branchMap": {
      "0": {
        "loc": {
          "start": { "line": 47, "column": 12 },
          "end": { "line": 47, "column": 37 }
        },
        "type": "default-arg",
        "locations": [
          {
            "start": { "line": 47, "column": 22 },
            "end": { "line": 47, "column": 37 }
          }
        ]
      },
      "1": {
        "loc": {
          "start": { "line": 48, "column": 12 },
          "end": { "line": 48, "column": 63 }
        },
        "type": "default-arg",
        "locations": [
          {
            "start": { "line": 48, "column": 24 },
            "end": { "line": 48, "column": 63 }
          }
        ]
      },
      "2": {
        "loc": {
          "start": { "line": 158, "column": 2 },
          "end": { "line": 160, "column": null }
        },
        "type": "if",
        "locations": [
          {
            "start": { "line": 158, "column": 2 },
            "end": { "line": 160, "column": null }
          }
        ]
      },
      "3": {
        "loc": {
          "start": { "line": 161, "column": 2 },
          "end": { "line": 163, "column": null }
        },
        "type": "if",
        "locations": [
          {
            "start": { "line": 161, "column": 2 },
            "end": { "line": 163, "column": null }
          }
        ]
      },
      "4": {
        "loc": {
          "start": { "line": 164, "column": 2 },
          "end": { "line": 166, "column": null }
        },
        "type": "if",
        "locations": [
          {
            "start": { "line": 164, "column": 2 },
            "end": { "line": 166, "column": null }
          }
        ]
      },
      "5": {
        "loc": {
          "start": { "line": 181, "column": 6 },
          "end": { "line": 181, "column": 27 }
        },
        "type": "if",
        "locations": [
          {
            "start": { "line": 181, "column": 6 },
            "end": { "line": 181, "column": 27 }
          }
        ]
      },
      "6": {
        "loc": {
          "start": { "line": 192, "column": 4 },
          "end": { "line": 194, "column": null }
        },
        "type": "if",
        "locations": [
          {
            "start": { "line": 192, "column": 4 },
            "end": { "line": 194, "column": null }
          }
        ]
      },
      "7": {
        "loc": {
          "start": { "line": 199, "column": 6 },
          "end": { "line": 203, "column": null }
        },
        "type": "if",
        "locations": [
          {
            "start": { "line": 199, "column": 6 },
            "end": { "line": 203, "column": null }
          },
          {
            "start": { "line": 201, "column": 13 },
            "end": { "line": 203, "column": null }
          }
        ]
      }
    },
    "s": {
      "0": 5,
      "1": 5,
      "2": 5,
      "3": 5,
      "4": 0,
      "5": 0,
      "6": 0,
      "7": 0,
      "8": 0,
      "9": 0,
      "10": 5,
      "11": 0,
      "12": 0,
      "13": 0,
      "14": 0,
      "15": 0,
      "16": 0,
      "17": 0,
      "18": 0,
      "19": 0,
      "20": 0,
      "21": 0,
      "22": 0,
      "23": 0,
      "24": 0,
      "25": 0,
      "26": 0,
      "27": 0,
      "28": 0,
      "29": 5,
      "30": 0,
      "31": 0,
      "32": 0,
      "33": 0,
      "34": 0,
      "35": 0,
      "36": 0,
      "37": 0,
      "38": 0,
      "39": 0,
      "40": 0,
      "41": 0,
      "42": 0,
      "43": 0,
      "44": 0,
      "45": 0,
      "46": 0,
      "47": 0,
      "48": 0,
      "49": 0,
      "50": 0,
      "51": 0,
      "52": 0,
      "53": 0,
      "54": 0,
      "55": 0,
      "56": 0,
      "57": 0,
      "58": 0,
      "59": 0,
      "60": 0,
      "61": 0,
      "62": 0,
      "63": 0,
      "64": 0,
      "65": 0,
      "66": 0,
      "67": 0,
      "68": 0,
      "69": 0,
      "70": 0,
      "71": 0,
      "72": 0
    },
    "f": {
      "0": 0,
      "1": 0,
      "2": 0,
      "3": 0,
      "4": 0,
      "5": 0,
      "6": 0,
      "7": 0,
      "8": 0,
      "9": 0,
      "10": 0,
      "11": 0,
      "12": 0,
      "13": 0,
      "14": 0,
      "15": 0,
      "16": 0,
      "17": 0,
      "18": 0,
      "19": 0,
      "20": 0,
      "21": 0
    },
    "b": {
      "0": [0],
      "1": [0],
      "2": [0],
      "3": [0],
      "4": [0],
      "5": [0],
      "6": [0],
      "7": [0, 0]
    }
  },
  "/Users/matthill/Code/start9/start-os/sdk/lib/backup/setupBackups.ts": {
    "path": "/Users/matthill/Code/start9/start-os/sdk/lib/backup/setupBackups.ts",
    "statementMap": {
      "0": {
        "start": { "line": 1, "column": 0 },
        "end": { "line": 1, "column": 35 }
      },
      "1": {
        "start": { "line": 14, "column": 18 },
        "end": { "line": 14, "column": 37 }
      },
      "2": {
        "start": { "line": 15, "column": 18 },
        "end": { "line": 15, "column": 44 }
      },
      "3": {
        "start": { "line": 16, "column": 2 },
        "end": { "line": 22, "column": null }
      },
      "4": {
        "start": { "line": 17, "column": 4 },
        "end": { "line": 21, "column": null }
      },
      "5": {
        "start": { "line": 18, "column": 6 },
        "end": { "line": 18, "column": null }
      },
      "6": {
        "start": { "line": 20, "column": 6 },
        "end": { "line": 20, "column": null }
      },
      "7": {
        "start": { "line": 23, "column": 2 },
        "end": { "line": 23, "column": null }
      },
      "8": {
        "start": { "line": 27, "column": 6 },
        "end": { "line": 43, "column": null }
      },
      "9": {
        "start": { "line": 29, "column": 6 },
        "end": { "line": 33, "column": null }
      },
      "10": {
        "start": { "line": 30, "column": 8 },
        "end": { "line": 32, "column": null }
      },
      "11": {
        "start": { "line": 31, "column": 10 },
        "end": { "line": 31, "column": null }
      },
      "12": {
        "start": { "line": 36, "column": 6 },
        "end": { "line": 41, "column": null }
      },
      "13": {
        "start": { "line": 37, "column": 8 },
        "end": { "line": 39, "column": null }
      },
      "14": {
        "start": { "line": 38, "column": 10 },
        "end": { "line": 38, "column": null }
      },
      "15": {
        "start": { "line": 40, "column": 8 },
        "end": { "line": 40, "column": null }
      },
      "16": {
        "start": { "line": 44, "column": 2 },
        "end": { "line": 44, "column": null }
      },
      "17": {
[...]
      },
      "46": {
        "start": { "line": 131, "column": 18 },
        "end": { "line": 131, "column": 30 }
      },
      "47": {
        "start": { "line": 132, "column": 4 },
        "end": { "line": 151, "column": null }
      },
      "48": {
        "start": { "line": 133, "column": 19 },
        "end": { "line": 140, "column": null }
      },
      "49": {
        "start": { "line": 135, "column": 10 },
        "end": { "line": 137, "column": 76 }
      },
      "50": {
        "start": { "line": 139, "column": 10 },
        "end": { "line": 140, "column": 74 }
      },
      "51": {
        "start": { "line": 142, "column": 6 },
        "end": { "line": 150, "column": null }
      },
      "52": {
        "start": { "line": 143, "column": 8 },
        "end": { "line": 148, "column": null }
      },
      "53": {
        "start": { "line": 144, "column": 10 },
        "end": { "line": 146, "column": null }
      },
      "54": {
        "start": { "line": 145, "column": 12 },
        "end": { "line": 145, "column": null }
      },
      "55": {
        "start": { "line": 147, "column": 10 },
        "end": { "line": 147, "column": null }
      },
      "56": {
        "start": { "line": 149, "column": 8 },
        "end": { "line": 149, "column": 14 }
      },
      "57": {
        "start": { "line": 152, "column": 4 },
        "end": { "line": 152, "column": null }
      },
      "58": {
        "start": { "line": 154, "column": 19 },
        "end": { "line": 171, "column": null }
      },
      "59": {
        "start": { "line": 155, "column": 4 },
        "end": { "line": 170, "column": null }
      },
      "60": {
        "start": { "line": 158, "column": 10 },
        "end": { "line": 161, "column": 53 }
      },
      "61": {
        "start": { "line": 165, "column": 8 },
        "end": { "line": 168, "column": null }
      },
      "62": {
        "start": { "line": 173, "column": 17 },
        "end": { "line": 190, "column": null }
      },
      "63": {
        "start": { "line": 174, "column": 4 },
        "end": { "line": 189, "column": null }
      },
      "64": {
        "start": { "line": 177, "column": 10 },
        "end": { "line": 180, "column": 53 }
      },
      "65": {
        "start": { "line": 184, "column": 8 },
        "end": { "line": 187, "column": null }
      },
      "66": {
        "start": { "line": 8, "column": 0 },
        "end": { "line": 8, "column": 13 }
      }
    },
    "fnMap": {
      "0": {
        "name": "(anonymous_0)",
        "decl": {
          "start": { "line": 13, "column": 2 },
          "end": { "line": 13, "column": null }
        },
        "loc": {
          "start": { "line": 15, "column": 37 },
          "end": { "line": 109, "column": 3 }
        }
      },
      "1": {
        "name": "(anonymous_1)",
        "decl": {
          "start": { "line": 17, "column": 22 },
          "end": { "line": 17, "column": 25 }
        },
        "loc": {
          "start": { "line": 17, "column": 27 },
          "end": { "line": 108, "column": 5 }
        }
      },
      "2": {
        "name": "(anonymous_2)",
        "decl": {
          "start": { "line": 43, "column": 31 },
          "end": { "line": 43, "column": 32 }
        },
        "loc": {
          "start": { "line": 43, "column": 41 },
          "end": { "line": 43, "column": 66 }
        }
      },
      "3": {
        "name": "(anonymous_3)",
        "decl": {
          "start": { "line": 93, "column": 16 },
          "end": { "line": 93, "column": 17 }
        },
        "loc": {
          "start": { "line": 94, "column": 18 },
          "end": { "line": 95, "column": 45 }
        }
      },
      "4": {
        "name": "(anonymous_4)",
        "decl": {
          "start": { "line": 110, "column": 24 },
          "end": { "line": 110, "column": 27 }
        },
        "loc": {
          "start": { "line": 111, "column": 4 },
          "end": { "line": 111, "column": 55 }
        }
      },
      "5": {
        "name": "(anonymous_5)",
        "decl": {
          "start": { "line": 113, "column": 2 },
          "end": { "line": 113, "column": 8 }
        },
        "loc": {
          "start": { "line": 118, "column": 74 },
          "end": { "line": 121, "column": 3 }
        }
      },
      "6": {
        "name": "(anonymous_6)",
        "decl": {
          "start": { "line": 122, "column": 2 },
          "end": { "line": 122, "column": 7 }
        },
        "loc": {
          "start": { "line": 130, "column": 3 },
          "end": { "line": 153, "column": 3 }
        }
      },
      "7": {
        "name": "(anonymous_7)",
        "decl": {
          "start": { "line": 134, "column": 8 },
          "end": { "line": 134, "column": 9 }
        },
        "loc": {
          "start": { "line": 135, "column": 10 },
          "end": { "line": 137, "column": 76 }
        }
      },
      "8": {
        "name": "(anonymous_8)",
        "decl": {
          "start": { "line": 138, "column": 8 },
          "end": { "line": 138, "column": 9 }
        },
        "loc": {
          "start": { "line": 139, "column": 10 },
          "end": { "line": 140, "column": 74 }
        }
      },
      "9": {
        "name": "(anonymous_9)",
        "decl": {
          "start": { "line": 154, "column": 24 },
          "end": { "line": 154, "column": 27 }
        },
        "loc": {
          "start": { "line": 155, "column": 4 },
          "end": { "line": 170, "column": null }
        }
      },
      "10": {
        "name": "(anonymous_10)",
        "decl": {
          "start": { "line": 157, "column": 8 },
          "end": { "line": 157, "column": 9 }
        },
        "loc": {
          "start": { "line": 158, "column": 10 },
          "end": { "line": 161, "column": 53 }
        }
      },
      "11": {
        "name": "(anonymous_11)",
        "decl": {
          "start": { "line": 164, "column": 6 },
          "end": { "line": 164, "column": 7 }
        },
        "loc": {
          "start": { "line": 165, "column": 8 },
          "end": { "line": 168, "column": null }
        }
      },
      "12": {
        "name": "(anonymous_12)",
        "decl": {
          "start": { "line": 173, "column": 22 },
          "end": { "line": 173, "column": 25 }
        },
        "loc": {
          "start": { "line": 174, "column": 4 },
          "end": { "line": 189, "column": null }
        }
      },
      "13": {
        "name": "(anonymous_13)",
        "decl": {
          "start": { "line": 176, "column": 8 },
          "end": { "line": 176, "column": 9 }
        },
        "loc": {
          "start": { "line": 177, "column": 10 },
          "end": { "line": 180, "column": 53 }
        }
      },
      "14": {
        "name": "(anonymous_14)",
        "decl": {
          "start": { "line": 183, "column": 6 },
          "end": { "line": 183, "column": 7 }
        },
        "loc": {
          "start": { "line": 184, "column": 8 },
          "end": { "line": 187, "column": null }
        }
      }
    },
    "branchMap": {
      "0": {
        "loc": {
          "start": { "line": 36, "column": 23 },
          "end": { "line": 36, "column": 37 }
        },
        "type": "binary-expr",
        "locations": [
          {
            "start": { "line": 36, "column": 23 },
            "end": { "line": 36, "column": 31 }
          },
          {
            "start": { "line": 36, "column": 35 },
            "end": { "line": 36, "column": 37 }
          }
        ]
      },
      "1": {
        "loc": {
          "start": { "line": 37, "column": 8 },
          "end": { "line": 39, "column": null }
        },
        "type": "if",
        "locations": [
          {
            "start": { "line": 37, "column": 8 },
            "end": { "line": 39, "column": null }
          }
        ]
      },
      "2": {
        "loc": {
          "start": { "line": 55, "column": 10 },
          "end": { "line": 67, "column": null }
        },
        "type": "if",
        "locations": [
          {
            "start": { "line": 55, "column": 10 },
            "end": { "line": 67, "column": null }
          }
        ]
      },
      "3": {
        "loc": {
          "start": { "line": 57, "column": 12 },
          "end": { "line": 64, "column": null }
        },
        "type": "if",
        "locations": [
          {
            "start": { "line": 57, "column": 12 },
            "end": { "line": 64, "column": null }
          },
          {
            "start": { "line": 62, "column": 19 },
            "end": { "line": 64, "column": null }
          }
        ]
      },
      "4": {
        "loc": {
          "start": { "line": 69, "column": 10 },
          "end": { "line": 81, "column": null }
        },
        "type": "if",
        "locations": [
          {
            "start": { "line": 69, "column": 10 },
            "end": { "line": 81, "column": null }
          }
        ]
      },
      "5": {
        "loc": {
          "start": { "line": 71, "column": 12 },
          "end": { "line": 78, "column": null }
        },
        "type": "if",
        "locations": [
          {
            "start": { "line": 71, "column": 12 },
            "end": { "line": 78, "column": null }
          },
          {
            "start": { "line": 76, "column": 19 },
            "end": { "line": 78, "column": null }
          }
        ]
      },
      "6": {
        "loc": {
          "start": { "line": 83, "column": 10 },
          "end": { "line": 104, "column": null }
        },
        "type": "if",
        "locations": [
          {
            "start": { "line": 83, "column": 10 },
            "end": { "line": 104, "column": null }
          }
        ]
      },
      "7": {
        "loc": {
          "start": { "line": 94, "column": 18 },
          "end": { "line": 95, "column": 45 }
        },
        "type": "binary-expr",
        "locations": [
          {
            "start": { "line": 94, "column": 18 },
            "end": { "line": 94, "column": 55 }
          },
          {
            "start": { "line": 95, "column": 18 },
            "end": { "line": 95, "column": 45 }
          }
        ]
      },
      "8": {
        "loc": {
          "start": { "line": 132, "column": 4 },
          "end": { "line": 151, "column": null }
        },
        "type": "if",
        "locations": [
          {
            "start": { "line": 132, "column": 4 },
            "end": { "line": 151, "column": null }
          }
        ]
      },
      "9": {
        "loc": {
          "start": { "line": 132, "column": 8 },
          "end": { "line": 132, "column": 18 }
        },
        "type": "binary-expr",
        "locations": [
          {
            "start": { "line": 132, "column": 8 },
            "end": { "line": 132, "column": 12 }
          },
          {
            "start": { "line": 132, "column": 16 },
            "end": { "line": 132, "column": 18 }
          }
        ]
      },
      "10": {
        "loc": {
          "start": { "line": 135, "column": 10 },
          "end": { "line": 137, "column": 76 }
        },
        "type": "binary-expr",
        "locations": [
          {
            "start": { "line": 135, "column": 11 },
            "end": { "line": 135, "column": 45 }
          },
          {
            "start": { "line": 136, "column": 12 },
            "end": { "line": 136, "column": 40 }
          },
          {
            "start": { "line": 137, "column": 11 },
            "end": { "line": 137, "column": 48 }
          },
          {
            "start": { "line": 137, "column": 52 },
            "end": { "line": 137, "column": 75 }
          }
        ]
      },
      "11": {
        "loc": {
          "start": { "line": 139, "column": 10 },
          "end": { "line": 140, "column": 74 }
        },
        "type": "binary-expr",
        "locations": [
          {
            "start": { "line": 139, "column": 11 },
            "end": { "line": 139, "column": 45 }
          },
          {
            "start": { "line": 139, "column": 49 },
            "end": { "line": 139, "column": 75 }
          },
          {
            "start": { "line": 140, "column": 11 },
            "end": { "line": 140, "column": 48 }
          },
          {
            "start": { "line": 140, "column": 52 },
            "end": { "line": 140, "column": 73 }
          }
        ]
      },
      "12": {
        "loc": {
          "start": { "line": 142, "column": 6 },
          "end": { "line": 150, "column": null }
        },
        "type": "if",
        "locations": [
          {
            "start": { "line": 142, "column": 6 },
            "end": { "line": 150, "column": null }
          }
        ]
      },
      "13": {
        "loc": {
          "start": { "line": 144, "column": 10 },
          "end": { "line": 146, "column": null }
        },
        "type": "if",
        "locations": [
          {
            "start": { "line": 144, "column": 10 },
            "end": { "line": 146, "column": null }
          }
        ]
      },
      "14": {
        "loc": {
          "start": { "line": 158, "column": 10 },
          "end": { "line": 161, "column": 53 }
        },
        "type": "binary-expr",
        "locations": [
          {
            "start": { "line": 158, "column": 11 },
            "end": { "line": 158, "column": 45 }
          },
          {
            "start": { "line": 159, "column": 12 },
            "end": { "line": 159, "column": 57 }
          },
          {
            "start": { "line": 160, "column": 11 },
            "end": { "line": 160, "column": 48 }
          },
          {
            "start": { "line": 161, "column": 12 },
            "end": { "line": 161, "column": 52 }
          }
        ]
      },
      "15": {
        "loc": {
          "start": { "line": 166, "column": 10 },
          "end": { "line": 168, "column": 50 }
        },
        "type": "cond-expr",
        "locations": [
          {
            "start": { "line": 167, "column": 14 },
            "end": { "line": 167, "column": 24 }
          },
          {
            "start": { "line": 168, "column": 14 },
            "end": { "line": 168, "column": 50 }
          }
        ]
      },
      "16": {
        "loc": {
          "start": { "line": 177, "column": 10 },
          "end": { "line": 180, "column": 53 }
        },
        "type": "binary-expr",
        "locations": [
          {
            "start": { "line": 177, "column": 11 },
            "end": { "line": 177, "column": 45 }
          },
          {
            "start": { "line": 178, "column": 12 },
            "end": { "line": 178, "column": 57 }
          },
          {
            "start": { "line": 179, "column": 11 },
            "end": { "line": 179, "column": 48 }
          },
          {
            "start": { "line": 180, "column": 12 },
            "end": { "line": 180, "column": 52 }
          }
        ]
      },
      "17": {
        "loc": {
          "start": { "line": 185, "column": 10 },
          "end": { "line": 187, "column": 50 }
        },
        "type": "cond-expr",
        "locations": [
          {
            "start": { "line": 186, "column": 14 },
            "end": { "line": 186, "column": 24 }
          },
          {
            "start": { "line": 187, "column": 14 },
            "end": { "line": 187, "column": 50 }
          }
        ]
      }
    },
    "s": {
      "0": 4,
      "1": 4,
      "2": 4,
      "3": 4,
      "4": 5,
      "5": 5,
      "6": 5,
      "7": 5,
      "8": 5,
      "9": 5,
      "10": 5,
      "11": 5,
      "12": 5,
      "13": 5,
      "14": 5,
      "15": 5,
      "16": 5,
      "17": 0,
      "18": 5,
      "19": 5,
      "20": 5,
      "21": 5,
      "22": 0,
      "23": 0,
      "24": 5,
      "25": 5,
      "26": 5,
      "27": 5,
      "28": 5,
      "29": 0,
      "30": 0,
      "31": 5,
      "32": 5,
      "33": 5,
      "34": 5,
      "35": 0,
      "36": 0,
      "37": 0,
      "38": 0,
      "39": 0,
      "40": 0,
      "41": 0,
      "42": 5,
      "43": 5,
      "44": 5,
      "45": 5,
      "46": 0,
      "47": 0,
      "48": 0,
      "49": 0,
      "50": 0,
      "51": 0,
      "52": 0,
      "53": 0,
      "54": 0,
      "55": 0,
      "56": 0,
      "57": 0,
      "58": 5,
      "59": 5,
      "60": 15,
      "61": 10,
      "62": 5,
      "63": 5,
      "64": 15,
      "65": 10,
      "66": 4
    },
    "f": {
      "0": 5,
      "1": 5,
      "2": 0,
      "3": 0,
      "4": 5,
      "5": 5,
      "6": 0,
      "7": 0,
      "8": 0,
      "9": 5,
      "10": 15,
      "11": 10,
      "12": 5,
      "13": 15,
      "14": 10
    },
    "b": {
      "0": [5, 5],
      "1": [5],
      "2": [5],
      "3": [0, 5],
      "4": [5],
      "5": [0, 5],
      "6": [0],
      "7": [0, 0],
      "8": [0],
      "9": [0, 0],
      "10": [0, 0, 0, 0],
      "11": [0, 0, 0, 0],
      "12": [0],
      "13": [0],
      "14": [15, 10, 15, 5],
      "15": [5, 5],
      "16": [15, 10, 15, 5],
      "17": [5, 5]
    }
  },
  "/Users/matthill/Code/start9/start-os/sdk/lib/version/VersionInfo.ts": {
    "path": "/Users/matthill/Code/start9/start-os/sdk/lib/version/VersionInfo.ts",
    "statementMap": {
      "0": {
        "start": { "line": 4, "column": 13 },
        "end": { "line": 4, "column": null }
      },
      "1": {
        "start": { "line": 33, "column": 37 },
        "end": { "line": 33, "column": 41 }
      },
      "2": {
        "start": { "line": 35, "column": 13 },
        "end": { "line": 35, "column": 71 }
      },
      "3": {
        "start": { "line": 38, "column": 4 },
        "end": { "line": 38, "column": null }
      },
      "4": {
        "start": { "line": 44, "column": 4 },
        "end": { "line": 47, "column": null }
      },
      "5": {
        "start": { "line": 32, "column": 0 },
        "end": { "line": 32, "column": 13 }
      },
      "6": {
        "start": { "line": 52, "column": 42 },
        "end": { "line": 60, "column": 32 }
      },
      "7": {
        "start": { "line": 62, "column": 34 },
        "end": { "line": 62, "column": 41 }
      },
      "8": {
        "start": { "line": 64, "column": 34 },
        "end": { "line": 64, "column": 41 }
      },
      "9": {
        "start": { "line": 66, "column": 2 },
        "end": { "line": 71, "column": null }
      },
      "10": {
        "start": { "line": 72, "column": 2 },
        "end": { "line": 77, "column": null }
      }
    },
    "fnMap": {
      "0": {
        "name": "(anonymous_0)",
        "decl": {
          "start": { "line": 34, "column": 2 },
          "end": { "line": 34, "column": null }
        },
        "loc": {
          "start": { "line": 35, "column": 71 },
          "end": { "line": 36, "column": 6 }
        }
      },
      "1": {
        "name": "(anonymous_1)",
        "decl": {
          "start": { "line": 37, "column": 2 },
          "end": { "line": 37, "column": 8 }
        },
        "loc": {
          "start": { "line": 37, "column": 68 },
          "end": { "line": 39, "column": 3 }
        }
      },
      "2": {
        "name": "(anonymous_2)",
        "decl": {
          "start": { "line": 41, "column": 2 },
          "end": { "line": 41, "column": 11 }
        },
        "loc": {
          "start": { "line": 42, "column": 33 },
          "end": { "line": 48, "column": 3 }
        }
      },
      "3": {
        "name": "__type_tests",
        "decl": {
          "start": { "line": 51, "column": 9 },
          "end": { "line": 51, "column": 21 }
        },
        "loc": {
          "start": { "line": 51, "column": 21 },
          "end": { "line": 78, "column": 1 }
        }
      }
    },
    "branchMap": {},
    "s": {
      "0": 4,
      "1": 13,
      "2": 13,
      "3": 5,
      "4": 8,
      "5": 4,
      "6": 0,
      "7": 0,
      "8": 0,
      "9": 0,
      "10": 0
    },
    "f": { "0": 13, "1": 5, "2": 8, "3": 0 },
    "b": {}
  }
}
