TN:
SF:lib/Dependency.ts
FN:4,(anonymous_0)
FNF:1
FNH:0
FNDA:0,(anonymous_0)
DA:3,5
DA:5,0
LF:2
LH:1
BRF:0
BRH:0
end_of_record
TN:
SF:lib/StartSdk.ts
FN:99,removeCallbackTypes
FN:100,(anonymous_8)
FN:116,(anonymous_9)
FN:117,(anonymous_10)
FN:120,(anonymous_11)
FN:123,(anonymous_12)
FN:127,(anonymous_13)
FN:159,(anonymous_14)
FN:160,(anonymous_15)
FN:161,(anonymous_16)
FN:162,(anonymous_17)
FN:163,(anonymous_18)
FN:164,(anonymous_19)
FN:165,(anonymous_20)
FN:166,(anonymous_21)
FN:168,(anonymous_22)
FN:169,(anonymous_23)
FN:171,(anonymous_24)
FN:173,(anonymous_25)
FN:175,(anonymous_26)
FN:176,(anonymous_27)
FN:177,(anonymous_28)
FN:178,(anonymous_29)
FN:179,(anonymous_30)
FN:180,(anonymous_31)
FN:181,(anonymous_32)
FN:195,(anonymous_33)
FN:201,(anonymous_34)
FN:206,(anonymous_35)
FN:208,(anonymous_36)
FN:216,(anonymous_37)
FN:226,(anonymous_38)
FN:233,(anonymous_39)
FN:249,(anonymous_40)
FN:252,(anonymous_41)
FN:266,(anonymous_42)
FN:291,(anonymous_43)
FN:306,(anonymous_44)
FN:309,(anonymous_45)
FN:318,(anonymous_46)
FN:343,(anonymous_47)
FN:348,(anonymous_48)
FN:358,(anonymous_49)
FN:360,(anonymous_50)
FN:362,(anonymous_51)
FN:370,(anonymous_52)
FN:378,(anonymous_53)
FN:386,(anonymous_54)
FN:397,(anonymous_55)
FN:403,(anonymous_56)
FN:407,(anonymous_57)
FN:429,(anonymous_58)
FN:448,(anonymous_59)
FN:449,(anonymous_60)
FN:456,(anonymous_61)
FN:463,(anonymous_62)
FN:466,(anonymous_63)
FN:468,(anonymous_64)
FN:477,(anonymous_65)
FN:482,(anonymous_66)
FN:485,(anonymous_67)
FN:488,(anonymous_68)
FN:492,(anonymous_69)
FN:499,(anonymous_70)
FN:508,(anonymous_71)
FN:539,(anonymous_72)
FN:555,(anonymous_73)
FN:595,(anonymous_74)
FN:607,(anonymous_75)
FN:628,(anonymous_76)
FN:644,(anonymous_77)
FN:663,(anonymous_78)
FN:676,(anonymous_79)
FN:692,(anonymous_80)
FN:705,(anonymous_81)
FN:720,(anonymous_82)
FN:739,(anonymous_83)
FN:757,(anonymous_84)
FN:772,runCommand
FN:785,(anonymous_86)
FN:788,nullifyProperties
FN:790,(anonymous_88)
FN:793,nullifyProperties_
FN:801,(anonymous_90)
FNF:84
FNH:10
FNDA:0,removeCallbackTypes
FNDA:0,(anonymous_8)
FNDA:18,(anonymous_9)
FNDA:6,(anonymous_10)
FNDA:6,(anonymous_11)
FNDA:6,(anonymous_12)
FNDA:6,(anonymous_13)
FNDA:0,(anonymous_14)
FNDA:0,(anonymous_15)
FNDA:0,(anonymous_16)
FNDA:0,(anonymous_17)
FNDA:0,(anonymous_18)
FNDA:0,(anonymous_19)
FNDA:0,(anonymous_20)
FNDA:0,(anonymous_21)
FNDA:0,(anonymous_22)
FNDA:0,(anonymous_23)
FNDA:0,(anonymous_24)
FNDA:0,(anonymous_25)
FNDA:0,(anonymous_26)
FNDA:0,(anonymous_27)
FNDA:0,(anonymous_28)
FNDA:0,(anonymous_29)
FNDA:0,(anonymous_30)
FNDA:0,(anonymous_31)
FNDA:0,(anonymous_32)
FNDA:0,(anonymous_33)
FNDA:0,(anonymous_34)
FNDA:0,(anonymous_35)
FNDA:0,(anonymous_36)
FNDA:0,(anonymous_37)
FNDA:0,(anonymous_38)
FNDA:0,(anonymous_39)
FNDA:0,(anonymous_40)
FNDA:0,(anonymous_41)
FNDA:0,(anonymous_42)
FNDA:0,(anonymous_43)
FNDA:0,(anonymous_44)
FNDA:0,(anonymous_45)
FNDA:0,(anonymous_46)
FNDA:0,(anonymous_47)
FNDA:0,(anonymous_48)
FNDA:0,(anonymous_49)
FNDA:0,(anonymous_50)
FNDA:0,(anonymous_51)
FNDA:0,(anonymous_52)
FNDA:0,(anonymous_53)
FNDA:1,(anonymous_54)
FNDA:0,(anonymous_55)
FNDA:0,(anonymous_56)
FNDA:0,(anonymous_57)
FNDA:0,(anonymous_58)
FNDA:0,(anonymous_59)
FNDA:0,(anonymous_60)
FNDA:0,(anonymous_61)
FNDA:0,(anonymous_62)
FNDA:0,(anonymous_63)
FNDA:0,(anonymous_64)
FNDA:0,(anonymous_65)
FNDA:0,(anonymous_66)
FNDA:0,(anonymous_67)
FNDA:0,(anonymous_68)
FNDA:32,(anonymous_69)
FNDA:0,(anonymous_70)
FNDA:1,(anonymous_71)
FNDA:4,(anonymous_72)
FNDA:0,(anonymous_73)
FNDA:0,(anonymous_74)
FNDA:0,(anonymous_75)
FNDA:0,(anonymous_76)
FNDA:0,(anonymous_77)
FNDA:0,(anonymous_78)
FNDA:0,(anonymous_79)
FNDA:0,(anonymous_80)
FNDA:0,(anonymous_81)
FNDA:0,(anonymous_82)
FNDA:0,(anonymous_83)
FNDA:4,(anonymous_84)
FNDA:0,runCommand
FNDA:0,(anonymous_86)
FNDA:0,nullifyProperties
FNDA:0,(anonymous_88)
FNDA:0,nullifyProperties_
FNDA:0,(anonymous_90)
DA:1,5
DA:2,5
DA:12,5
DA:13,5
DA:24,5
DA:25,5
DA:26,5
DA:27,5
DA:28,5
DA:29,5
DA:30,5
DA:31,5
DA:32,5
DA:33,5
DA:34,5
DA:35,5
DA:36,5
DA:37,5
DA:38,5
DA:39,5
DA:40,5
DA:41,5
DA:42,5
DA:47,5
DA:52,5
DA:54,5
DA:55,5
DA:56,5
DA:57,5
DA:58,5
DA:62,5
DA:63,5
DA:64,5
DA:65,5
DA:66,5
DA:67,5
DA:69,5
DA:71,5
DA:72,5
DA:77,5
DA:80,5
DA:95,5
DA:96,5
DA:97,5
DA:100,0
DA:101,0
DA:102,0
DA:104,0
DA:105,0
DA:107,0
DA:108,0
DA:110,0
DA:115,5
DA:116,18
DA:118,6
DA:121,6
DA:124,6
DA:158,6
DA:159,0
DA:160,0
DA:161,0
DA:162,0
DA:163,0
DA:164,0
DA:165,0
DA:167,0
DA:168,0
DA:170,0
DA:172,0
DA:174,0
DA:175,0
DA:176,0
DA:177,0
DA:178,0
DA:179,0
DA:180,0
DA:181,0
DA:184,6
DA:196,0
DA:205,0
DA:207,0
DA:212,0
DA:221,0
DA:230,0
DA:238,0
DA:249,0
DA:263,0
DA:282,0
DA:283,0
DA:305,0
DA:307,0
DA:314,0
DA:335,0
DA:344,0
DA:349,0
DA:359,0
DA:361,0
DA:369,0
DA:377,0
DA:385,0
DA:396,1
DA:403,0
DA:404,0
DA:405,0
DA:412,0
DA:440,0
DA:448,0
DA:455,0
DA:461,0
DA:466,0
DA:467,0
DA:469,0
DA:478,0
DA:484,0
DA:487,0
DA:489,0
DA:496,32
DA:504,0
DA:529,1
DA:554,4
DA:580,0
DA:606,0
DA:627,0
DA:643,0
DA:662,0
DA:675,0
DA:691,0
DA:704,0
DA:719,0
DA:733,0
DA:754,0
DA:766,4
DA:772,5
DA:780,0
DA:781,0
DA:785,0
DA:789,0
DA:790,0
DA:794,0
DA:795,0
DA:797,0
DA:801,0
LF:142
LH:57
BRDA:101,0,0,0
BRDA:101,0,1,0
BRDA:101,1,0,0
BRDA:101,1,1,0
BRDA:104,2,0,0
BRDA:107,3,0,0
BRDA:415,4,0,0
BRDA:415,4,1,0
BRDA:784,5,0,0
BRDA:784,5,1,0
BRDA:794,6,0,0
BRF:11
BRH:0
end_of_record
TN:
SF:lib/actions/createAction.ts
FN:18,(anonymous_0)
FN:33,(anonymous_1)
FN:55,(anonymous_2)
FN:62,(anonymous_3)
FN:69,(anonymous_4)
FN:75,(anonymous_5)
FN:82,(anonymous_6)
FNF:7
FNH:0
FNDA:0,(anonymous_0)
FNDA:0,(anonymous_1)
FNDA:0,(anonymous_2)
FNDA:0,(anonymous_3)
FNDA:0,(anonymous_4)
FNDA:0,(anonymous_5)
FNDA:0,(anonymous_6)
DA:9,5
DA:19,0
DA:20,0
DA:25,0
DA:29,0
DA:30,0
DA:47,0
DA:55,0
DA:56,0
DA:62,0
DA:63,0
DA:70,0
DA:71,0
DA:72,0
DA:76,0
DA:83,0
DA:89,5
LF:17
LH:2
BRDA:30,0,0,0
BRDA:70,1,0,0
BRF:2
BRH:0
end_of_record
TN:
SF:lib/actions/setupActions.ts
FN:5,setupActions
FN:8,(anonymous_1)
FN:19,(anonymous_2)
FN:22,(anonymous_3)
FN:24,(anonymous_4)
FNF:5
FNH:0
FNDA:0,setupActions
FNDA:0,(anonymous_1)
FNDA:0,(anonymous_2)
FNDA:0,(anonymous_3)
FNDA:0,(anonymous_4)
DA:5,5
DA:8,0
DA:9,0
DA:10,0
DA:11,0
DA:13,0
DA:18,0
DA:20,0
DA:23,0
DA:24,0
DA:28,0
LF:11
LH:1
BRF:0
BRH:0
end_of_record
TN:
SF:lib/backup/Backups.ts
FN:46,(anonymous_6)
FN:50,(anonymous_7)
FN:54,(anonymous_8)
FN:62,(anonymous_9)
FN:67,(anonymous_10)
FN:74,(anonymous_11)
FN:81,(anonymous_12)
FN:83,(anonymous_13)
FN:91,(anonymous_14)
FN:92,(anonymous_15)
FN:97,(anonymous_16)
FN:98,(anonymous_17)
FN:116,(anonymous_18)
FN:137,notEmptyPath
FN:140,runRsync
FN:177,(anonymous_21)
FN:186,(anonymous_22)
FN:190,(anonymous_23)
FN:197,(anonymous_24)
FN:198,(anonymous_25)
FN:206,(anonymous_26)
FN:207,(anonymous_27)
FNF:22
FNH:0
FNDA:0,(anonymous_6)
FNDA:0,(anonymous_7)
FNDA:0,(anonymous_8)
FNDA:0,(anonymous_9)
FNDA:0,(anonymous_10)
FNDA:0,(anonymous_11)
FNDA:0,(anonymous_12)
FNDA:0,(anonymous_13)
FNDA:0,(anonymous_14)
FNDA:0,(anonymous_15)
FNDA:0,(anonymous_16)
FNDA:0,(anonymous_17)
FNDA:0,(anonymous_18)
FNDA:0,notEmptyPath
FNDA:0,runRsync
FNDA:0,(anonymous_21)
FNDA:0,(anonymous_22)
FNDA:0,(anonymous_23)
FNDA:0,(anonymous_24)
FNDA:0,(anonymous_25)
FNDA:0,(anonymous_26)
FNDA:0,(anonymous_27)
DA:3,5
DA:5,5
DA:8,5
DA:43,5
DA:44,5
DA:47,0
DA:48,0
DA:53,0
DA:54,0
DA:65,0
DA:70,0
DA:73,5
DA:75,0
DA:79,0
DA:82,0
DA:83,0
DA:92,0
DA:93,0
DA:95,0
DA:98,0
DA:101,0
DA:102,0
DA:112,0
DA:114,0
DA:116,0
DA:119,0
DA:120,0
DA:130,0
DA:132,0
DA:134,0
DA:138,0
DA:154,0
DA:156,0
DA:157,0
DA:158,0
DA:159,0
DA:161,0
DA:162,0
DA:164,0
DA:165,0
DA:167,0
DA:168,0
DA:170,0
DA:171,0
DA:172,0
DA:173,0
DA:174,0
DA:175,0
DA:176,0
DA:177,0
DA:178,0
DA:179,0
DA:180,0
DA:181,0
DA:182,0
DA:186,0
DA:187,0
DA:190,0
DA:191,0
DA:192,0
DA:193,0
DA:195,0
DA:197,0
DA:198,0
DA:199,0
DA:200,0
DA:202,0
DA:206,0
DA:207,0
DA:208,0
LF:70
LH:6
BRDA:47,0,0,0
BRDA:48,1,0,0
BRDA:158,2,0,0
BRDA:161,3,0,0
BRDA:164,4,0,0
BRDA:181,5,0,0
BRDA:192,6,0,0
BRDA:199,7,0,0
BRDA:199,7,1,0
BRF:9
BRH:0
end_of_record
TN:
SF:lib/backup/setupBackups.ts
FN:10,setupBackups
FN:28,(anonymous_1)
FN:29,(anonymous_2)
FN:35,(anonymous_3)
FN:36,(anonymous_4)
FNF:5
FNH:0
FNDA:0,setupBackups
FNDA:0,(anonymous_1)
FNDA:0,(anonymous_2)
FNDA:0,(anonymous_3)
FNDA:0,(anonymous_4)
DA:1,5
DA:10,5
DA:14,0
DA:15,0
DA:16,0
DA:17,0
DA:18,0
DA:20,0
DA:23,0
DA:27,0
DA:29,0
DA:30,0
DA:31,0
DA:36,0
DA:37,0
DA:38,0
DA:40,0
DA:44,0
LF:18
LH:2
BRDA:17,0,0,0
BRDA:17,0,1,0
BRF:2
BRH:0
end_of_record
TN:
SF:lib/config/configConstants.ts
FN:51,(anonymous_0)
FNF:1
FNH:0
FNDA:0,(anonymous_0)
DA:2,5
DA:3,5
DA:4,5
DA:5,5
DA:6,5
DA:11,5
DA:50,5
DA:52,0
DA:53,0
LF:9
LH:7
BRDA:53,0,0,0
BRDA:53,0,1,0
BRF:2
BRH:0
end_of_record
TN:
SF:lib/config/configTypes.ts
FN:267,isValueSpecListOf
FNF:1
FNH:1
FNDA:3,isValueSpecListOf
DA:267,1
DA:271,3
LF:2
LH:2
BRDA:271,0,0,3
BRDA:271,0,1,3
BRF:2
BRH:2
end_of_record
TN:
SF:lib/config/setupConfig.ts
FN:43,setupConfig
FN:58,(anonymous_2)
FN:75,(anonymous_3)
FNF:3
FNH:0
FNDA:0,setupConfig
FNDA:0,(anonymous_2)
FNDA:0,(anonymous_3)
DA:5,5
DA:43,5
DA:56,0
DA:57,0
DA:59,0
DA:60,0
DA:63,0
DA:65,0
DA:66,0
DA:67,0
DA:71,0
DA:72,0
DA:76,0
DA:77,0
DA:87,5
LF:15
LH:3
BRDA:59,0,0,0
BRDA:71,1,0,0
BRDA:76,2,0,0
BRDA:76,2,1,0
BRF:4
BRH:0
end_of_record
TN:
SF:lib/config/builder/config.ts
FN:81,(anonymous_0)
FN:87,(anonymous_1)
FN:97,(anonymous_2)
FN:134,(anonymous_3)
FNF:4
FNH:3
FNDA:62,(anonymous_0)
FNDA:6,(anonymous_1)
FNDA:62,(anonymous_2)
FNDA:0,(anonymous_3)
DA:5,6
DA:80,6
DA:82,62
DA:85,62
DA:88,6
DA:91,6
DA:92,5
DA:94,6
DA:101,62
DA:104,62
DA:105,131
DA:107,62
DA:108,62
DA:135,0
LF:14
LH:13
BRF:0
BRH:0
end_of_record
TN:
SF:lib/config/builder/list.ts
FN:25,(anonymous_0)
FN:29,(anonymous_1)
FN:51,(anonymous_2)
FN:76,(anonymous_3)
FN:102,(anonymous_4)
FN:128,(anonymous_5)
FN:144,(anonymous_6)
FN:185,(anonymous_7)
FNF:8
FNH:7
FNDA:11,(anonymous_0)
FNDA:4,(anonymous_1)
FNDA:1,(anonymous_2)
FNDA:1,(anonymous_3)
FNDA:1,(anonymous_4)
FNDA:6,(anonymous_5)
FNDA:1,(anonymous_6)
FNDA:0,(anonymous_7)
DA:10,6
DA:24,6
DA:26,11
DA:27,11
DA:51,4
DA:52,1
DA:62,1
DA:73,1
DA:102,1
DA:103,1
DA:104,1
DA:114,1
DA:125,1
DA:144,6
DA:145,1
DA:146,1
DA:147,1
DA:154,1
DA:159,1
DA:186,0
LF:20
LH:19
BRF:0
BRH:0
end_of_record
TN:
SF:lib/config/builder/value.ts
FN:35,requiredLikeToAbove
FN:63,(anonymous_1)
FN:65,asRequiredParser
FN:99,(anonymous_3)
FN:103,(anonymous_4)
FN:113,(anonymous_5)
FN:124,(anonymous_6)
FN:137,(anonymous_7)
FN:148,(anonymous_8)
FN:169,(anonymous_9)
FN:188,(anonymous_10)
FN:213,(anonymous_11)
FN:233,(anonymous_12)
FN:245,(anonymous_13)
FN:260,(anonymous_14)
FN:275,(anonymous_15)
FN:290,(anonymous_16)
FN:307,(anonymous_17)
FN:324,(anonymous_18)
FN:343,(anonymous_19)
FN:361,(anonymous_20)
FN:371,(anonymous_21)
FN:385,(anonymous_22)
FN:397,(anonymous_23)
FN:410,(anonymous_24)
FN:424,(anonymous_25)
FN:440,(anonymous_26)
FN:456,(anonymous_27)
FN:472,(anonymous_28)
FN:492,(anonymous_29)
FN:503,(anonymous_30)
FN:509,(anonymous_31)
FN:527,(anonymous_32)
FN:540,(anonymous_33)
FN:559,(anonymous_34)
FN:574,(anonymous_35)
FN:594,(anonymous_36)
FN:608,(anonymous_37)
FN:616,(anonymous_38)
FN:627,(anonymous_39)
FN:641,(anonymous_40)
FN:649,(anonymous_41)
FN:662,(anonymous_42)
FN:671,(anonymous_43)
FN:690,(anonymous_44)
FN:703,(anonymous_45)
FN:718,(anonymous_46)
FN:731,(anonymous_47)
FN:748,(anonymous_48)
FN:762,(anonymous_49)
FN:763,(anonymous_50)
FN:780,(anonymous_51)
FNF:52
FNH:40
FNDA:16,requiredLikeToAbove
FNDA:5,(anonymous_1)
FNDA:89,asRequiredParser
FNDA:169,(anonymous_3)
FNDA:34,(anonymous_4)
FNDA:4,(anonymous_5)
FNDA:1,(anonymous_6)
FNDA:1,(anonymous_7)
FNDA:40,(anonymous_8)
FNDA:4,(anonymous_9)
FNDA:3,(anonymous_10)
FNDA:5,(anonymous_11)
FNDA:3,(anonymous_12)
FNDA:0,(anonymous_13)
FNDA:1,(anonymous_14)
FNDA:1,(anonymous_15)
FNDA:28,(anonymous_16)
FNDA:0,(anonymous_17)
FNDA:1,(anonymous_18)
FNDA:1,(anonymous_19)
FNDA:2,(anonymous_20)
FNDA:0,(anonymous_21)
FNDA:1,(anonymous_22)
FNDA:1,(anonymous_23)
FNDA:2,(anonymous_24)
FNDA:0,(anonymous_25)
FNDA:1,(anonymous_26)
FNDA:1,(anonymous_27)
FNDA:6,(anonymous_28)
FNDA:1,(anonymous_29)
FNDA:10,(anonymous_30)
FNDA:1,(anonymous_31)
FNDA:1,(anonymous_32)
FNDA:4,(anonymous_33)
FNDA:0,(anonymous_34)
FNDA:1,(anonymous_35)
FNDA:1,(anonymous_36)
FNDA:17,(anonymous_37)
FNDA:0,(anonymous_38)
FNDA:0,(anonymous_39)
FNDA:0,(anonymous_40)
FNDA:0,(anonymous_41)
FNDA:0,(anonymous_42)
FNDA:5,(anonymous_43)
FNDA:0,(anonymous_44)
FNDA:6,(anonymous_45)
FNDA:1,(anonymous_46)
FNDA:1,(anonymous_47)
FNDA:1,(anonymous_48)
FNDA:11,(anonymous_49)
FNDA:3,(anonymous_50)
FNDA:0,(anonymous_51)
DA:15,6
DA:27,6
DA:39,16
DA:62,6
DA:63,5
DA:72,89
DA:73,28
DA:98,6
DA:100,169
DA:101,169
DA:112,34
DA:113,4
DA:136,1
DA:137,1
DA:168,40
DA:169,4
DA:213,3
DA:214,5
DA:215,5
DA:245,3
DA:246,0
DA:257,0
DA:275,1
DA:276,1
DA:277,1
DA:306,28
DA:307,0
DA:343,1
DA:344,1
DA:345,1
DA:370,2
DA:371,0
DA:397,1
DA:398,1
DA:399,1
DA:423,2
DA:424,0
DA:456,1
DA:457,1
DA:458,1
DA:491,6
DA:492,1
DA:503,10
DA:527,1
DA:528,1
DA:529,1
DA:558,4
DA:559,0
DA:594,1
DA:595,1
DA:596,1
DA:616,17
DA:617,0
DA:618,0
DA:634,0
DA:640,0
DA:641,0
DA:661,0
DA:662,0
DA:689,5
DA:690,0
DA:717,6
DA:718,1
DA:748,1
DA:749,1
DA:750,1
DA:763,11
DA:781,0
LF:68
LH:53
BRDA:40,0,0,11
BRDA:40,0,1,5
BRDA:45,1,0,11
BRDA:45,1,1,5
BRDA:72,2,0,61
BRDA:118,3,0,4
BRDA:118,3,1,4
BRDA:180,4,0,4
BRDA:180,4,1,4
BRDA:181,5,0,4
BRDA:181,5,1,4
BRDA:227,6,0,5
BRDA:227,6,1,5
BRDA:254,7,0,0
BRDA:254,7,1,0
BRDA:317,8,0,0
BRDA:317,8,1,0
BRDA:376,9,0,0
BRDA:376,9,1,0
BRDA:433,10,0,0
BRDA:433,10,1,0
BRDA:497,11,0,1
BRDA:497,11,1,1
BRDA:566,12,0,0
BRDA:566,12,1,0
BRDA:698,13,0,0
BRDA:698,13,1,0
BRDA:725,14,0,1
BRDA:725,14,1,0
BRF:29
BRH:16
end_of_record
TN:
SF:lib/config/builder/variants.ts
FN:56,(anonymous_0)
FN:60,(anonymous_1)
FN:70,(anonymous_2)
FN:89,(anonymous_3)
FN:117,(anonymous_4)
FNF:5
FNH:4
FNDA:12,(anonymous_0)
FNDA:12,(anonymous_1)
FNDA:28,(anonymous_2)
FNDA:2,(anonymous_3)
FNDA:0,(anonymous_4)
DA:3,5
DA:54,5
DA:57,12
DA:58,12
DA:69,12
DA:71,28
DA:78,12
DA:90,2
DA:93,2
DA:94,4
DA:95,4
DA:100,2
DA:118,0
LF:13
LH:12
BRF:0
BRH:0
end_of_record
TN:
SF:lib/dependencies/DependencyConfig.ts
FN:16,(anonymous_0)
FN:22,(anonymous_1)
FN:33,(anonymous_2)
FNF:3
FNH:1
FNDA:0,(anonymous_0)
FNDA:1,(anonymous_1)
FNDA:0,(anonymous_2)
DA:3,5
DA:10,5
DA:16,5
DA:20,0
DA:23,1
DA:27,1
DA:34,0
LF:7
LH:5
BRDA:20,0,0,0
BRDA:20,0,1,0
BRDA:27,1,0,1
BRF:3
BRH:1
end_of_record
TN:
SF:lib/dependencies/dependencies.ts
FN:32,checkDependencies
FN:45,(anonymous_1)
FN:50,(anonymous_2)
FN:51,(anonymous_3)
FN:52,(anonymous_4)
FN:59,(anonymous_5)
FN:61,(anonymous_6)
FN:70,(anonymous_7)
FN:74,(anonymous_8)
FN:76,(anonymous_9)
FN:89,(anonymous_10)
FN:90,(anonymous_11)
FN:93,(anonymous_12)
FN:99,(anonymous_13)
FN:102,(anonymous_14)
FN:104,(anonymous_15)
FN:110,(anonymous_16)
FN:116,(anonymous_17)
FN:127,(anonymous_18)
FN:133,(anonymous_19)
FN:141,(anonymous_20)
FN:154,(anonymous_21)
FN:155,(anonymous_22)
FN:160,(anonymous_23)
FN:167,(anonymous_24)
FN:174,(anonymous_25)
FN:177,(anonymous_26)
FN:178,(anonymous_27)
FNF:28
FNH:0
FNDA:0,checkDependencies
FNDA:0,(anonymous_1)
FNDA:0,(anonymous_2)
FNDA:0,(anonymous_3)
FNDA:0,(anonymous_4)
FNDA:0,(anonymous_5)
FNDA:0,(anonymous_6)
FNDA:0,(anonymous_7)
FNDA:0,(anonymous_8)
FNDA:0,(anonymous_9)
FNDA:0,(anonymous_10)
FNDA:0,(anonymous_11)
FNDA:0,(anonymous_12)
FNDA:0,(anonymous_13)
FNDA:0,(anonymous_14)
FNDA:0,(anonymous_15)
FNDA:0,(anonymous_16)
FNDA:0,(anonymous_17)
FNDA:0,(anonymous_18)
FNDA:0,(anonymous_19)
FNDA:0,(anonymous_20)
FNDA:0,(anonymous_21)
FNDA:0,(anonymous_22)
FNDA:0,(anonymous_23)
FNDA:0,(anonymous_24)
FNDA:0,(anonymous_25)
FNDA:0,(anonymous_26)
FNDA:0,(anonymous_27)
DA:1,5
DA:32,5
DA:38,0
DA:44,0
DA:45,0
DA:46,0
DA:50,0
DA:51,0
DA:52,0
DA:53,0
DA:54,0
DA:56,0
DA:59,0
DA:60,0
DA:61,0
DA:62,0
DA:63,0
DA:70,0
DA:71,0
DA:72,0
DA:74,0
DA:75,0
DA:76,0
DA:80,0
DA:81,0
DA:86,0
DA:88,0
DA:89,0
DA:90,0
DA:91,0
DA:93,0
DA:94,0
DA:99,0
DA:100,0
DA:102,0
DA:104,0
DA:105,0
DA:106,0
DA:107,0
DA:110,0
DA:111,0
DA:112,0
DA:113,0
DA:115,0
DA:117,0
DA:122,0
DA:127,0
DA:128,0
DA:129,0
DA:130,0
DA:133,0
DA:134,0
DA:135,0
DA:136,0
DA:141,0
DA:145,0
DA:146,0
DA:151,0
DA:153,0
DA:154,0
DA:155,0
DA:156,0
DA:157,0
DA:161,0
DA:167,0
DA:168,0
DA:169,0
DA:170,0
DA:171,0
DA:172,0
DA:174,0
DA:175,0
DA:178,0
DA:179,0
DA:180,0
DA:182,0
DA:183,0
DA:185,0
DA:187,0
DA:188,0
DA:192,0
LF:81
LH:2
BRDA:44,0,0,0
BRDA:53,1,0,0
BRDA:53,2,0,0
BRDA:53,2,1,0
BRDA:64,3,0,0
BRDA:64,3,1,0
BRDA:72,4,0,0
BRDA:72,4,1,0
BRDA:81,5,0,0
BRDA:82,6,0,0
BRDA:82,6,1,0
BRDA:82,6,2,0
BRDA:89,7,0,0
BRDA:89,7,1,0
BRDA:94,8,0,0
BRDA:94,8,1,0
BRDA:94,8,2,0
BRDA:94,8,3,0
BRDA:94,8,4,0
BRDA:100,9,0,0
BRDA:100,9,1,0
BRDA:106,10,0,0
BRDA:107,11,0,0
BRDA:107,11,1,0
BRDA:112,12,0,0
BRDA:113,13,0,0
BRDA:113,13,1,0
BRDA:115,14,0,0
BRDA:123,15,0,0
BRDA:123,15,1,0
BRDA:129,16,0,0
BRDA:129,17,0,0
BRDA:129,17,1,0
BRDA:130,18,0,0
BRDA:130,18,1,0
BRDA:135,19,0,0
BRDA:137,20,0,0
BRDA:137,20,1,0
BRDA:146,21,0,0
BRDA:147,22,0,0
BRDA:147,22,1,0
BRDA:147,22,2,0
BRDA:154,23,0,0
BRDA:154,23,1,0
BRDA:156,24,0,0
BRDA:161,25,0,0
BRDA:161,25,1,0
BRDA:161,26,0,0
BRDA:161,26,1,0
BRDA:175,27,0,0
BRDA:175,27,1,0
BRDA:182,28,0,0
BRDA:187,29,0,0
BRF:53
BRH:0
end_of_record
TN:
SF:lib/dependencies/setupDependencyConfig.ts
FN:6,setupDependencyConfig
FNF:1
FNH:1
FNDA:1,setupDependencyConfig
DA:6,5
DA:21,1
LF:2
LH:2
BRF:0
BRH:0
end_of_record
TN:
SF:lib/exver/exver.ts
FN:9,(anonymous_0)
FN:14,peg$subclass
FN:16,C
FN:24,peg$SyntaxError
FN:49,peg$padEnd
FN:63,(anonymous_5)
FN:125,(anonymous_6)
FN:129,(anonymous_7)
FN:135,(anonymous_8)
FN:137,(anonymous_9)
FN:151,(anonymous_10)
FN:157,(anonymous_11)
FN:163,(anonymous_12)
FN:170,hex
FN:176,literalEscape
FN:192,(anonymous_15)
FN:194,(anonymous_16)
FN:198,classEscape
FN:218,(anonymous_18)
FN:220,(anonymous_19)
FN:224,describeExpectation
FN:230,describeExpected
FN:279,describeFound
FN:289,peg$parse
FN:353,(anonymous_24)
FN:356,(anonymous_25)
FN:359,(anonymous_26)
FN:362,(anonymous_27)
FN:365,(anonymous_28)
FN:368,(anonymous_29)
FN:371,(anonymous_30)
FN:374,(anonymous_31)
FN:377,(anonymous_32)
FN:380,(anonymous_33)
FN:383,(anonymous_34)
FN:386,(anonymous_35)
FN:389,(anonymous_36)
FN:392,(anonymous_37)
FN:395,(anonymous_38)
FN:400,(anonymous_39)
FN:422,(anonymous_40)
FN:425,(anonymous_41)
FN:428,(anonymous_42)
FN:431,(anonymous_43)
FN:441,(anonymous_44)
FN:443,(anonymous_45)
FN:446,(anonymous_46)
FN:451,(anonymous_47)
FN:453,(anonymous_48)
FN:456,(anonymous_49)
FN:487,text
FN:493,offset
FN:499,range
FN:512,location
FN:518,expected
FN:538,error
FN:551,peg$literalExpectation
FN:557,peg$classExpectation
FN:563,peg$anyExpectation
FN:569,peg$endExpectation
FN:575,peg$otherExpectation
FN:581,peg$computePosDetails
FN:638,peg$computeLocation
FN:679,peg$fail
FN:696,peg$buildSimpleError
FN:702,peg$buildStructuredError
FN:718,peg$parseVersionRange
FN:849,peg$parseOr
FN:873,peg$parseAnd
FN:897,peg$parseVersionRangeAtom
FN:930,peg$parseParens
FN:1006,peg$parseAnchor
FN:1043,peg$parseVersionSpec
FN:1122,peg$parseNot
FN:1174,peg$parseAny
FN:1209,peg$parseNone
FN:1244,peg$parseCmpOp
FN:1468,peg$parseExtendedVersion
FN:1536,peg$parseEmVer
FN:1674,peg$parseFlavor
FN:1746,peg$parseLowercase
FN:1808,peg$parseString
FN:1870,peg$parseVersion
FN:1905,peg$parsePreRelease
FN:2040,peg$parsePreReleaseSegment
FN:2091,peg$parseVersionNumber
FN:2204,peg$parseDigit
FN:2266,peg$parse_
FNF:88
FNH:61
FNDA:6,(anonymous_0)
FNDA:6,peg$subclass
FNDA:6,C
FNDA:3,peg$SyntaxError
FNDA:0,peg$padEnd
FNDA:0,(anonymous_5)
FNDA:3,(anonymous_6)
FNDA:2,(anonymous_7)
FNDA:3,(anonymous_8)
FNDA:3,(anonymous_9)
FNDA:0,(anonymous_10)
FNDA:0,(anonymous_11)
FNDA:0,(anonymous_12)
FNDA:0,hex
FNDA:4,literalEscape
FNDA:0,(anonymous_15)
FNDA:0,(anonymous_16)
FNDA:6,classEscape
FNDA:0,(anonymous_18)
FNDA:0,(anonymous_19)
FNDA:5,describeExpectation
FNDA:3,describeExpected
FNDA:3,describeFound
FNDA:127,peg$parse
FNDA:0,(anonymous_24)
FNDA:24,(anonymous_25)
FNDA:24,(anonymous_26)
FNDA:2,(anonymous_27)
FNDA:1,(anonymous_28)
FNDA:0,(anonymous_29)
FNDA:1,(anonymous_30)
FNDA:2,(anonymous_31)
FNDA:7,(anonymous_32)
FNDA:4,(anonymous_33)
FNDA:7,(anonymous_34)
FNDA:0,(anonymous_35)
FNDA:0,(anonymous_36)
FNDA:3,(anonymous_37)
FNDA:106,(anonymous_38)
FNDA:0,(anonymous_39)
FNDA:0,(anonymous_40)
FNDA:0,(anonymous_41)
FNDA:1,(anonymous_42)
FNDA:242,(anonymous_43)
FNDA:1,(anonymous_44)
FNDA:1,(anonymous_45)
FNDA:2,(anonymous_46)
FNDA:242,(anonymous_47)
FNDA:150,(anonymous_48)
FNDA:393,(anonymous_49)
FNDA:394,text
FNDA:0,offset
FNDA:0,range
FNDA:0,location
FNDA:0,expected
FNDA:0,error
FNDA:2286,peg$literalExpectation
FNDA:508,peg$classExpectation
FNDA:0,peg$anyExpectation
FNDA:0,peg$endExpectation
FNDA:127,peg$otherExpectation
FNDA:6,peg$computePosDetails
FNDA:3,peg$computeLocation
FNDA:1542,peg$fail
FNDA:0,peg$buildSimpleError
FNDA:3,peg$buildStructuredError
FNDA:18,peg$parseVersionRange
FNDA:25,peg$parseOr
FNDA:22,peg$parseAnd
FNDA:45,peg$parseVersionRangeAtom
FNDA:45,peg$parseParens
FNDA:45,peg$parseAnchor
FNDA:45,peg$parseVersionSpec
FNDA:21,peg$parseNot
FNDA:19,peg$parseAny
FNDA:18,peg$parseNone
FNDA:45,peg$parseCmpOp
FNDA:109,peg$parseExtendedVersion
FNDA:0,peg$parseEmVer
FNDA:154,peg$parseFlavor
FNDA:0,peg$parseLowercase
FNDA:1,peg$parseString
FNDA:265,peg$parseVersion
FNDA:242,peg$parsePreRelease
FNDA:2,peg$parsePreReleaseSegment
FNDA:265,peg$parseVersionNumber
FNDA:418,peg$parseDigit
FNDA:79,peg$parse_
DA:9,6
DA:16,6
DA:18,6
DA:20,6
DA:26,3
DA:34,3
DA:36,3
DA:38,3
DA:40,3
DA:42,3
DA:46,6
DA:51,0
DA:53,0
DA:55,0
DA:57,0
DA:59,0
DA:63,6
DA:65,0
DA:67,0
DA:69,0
DA:73,0
DA:75,0
DA:77,0
DA:79,0
DA:83,0
DA:85,0
DA:91,0
DA:93,0
DA:95,0
DA:97,0
DA:99,0
DA:101,0
DA:103,0
DA:105,0
DA:117,0
DA:121,0
DA:125,6
DA:127,3
DA:131,2
DA:137,3
DA:139,3
DA:147,3
DA:153,0
DA:159,0
DA:165,0
DA:172,0
DA:178,4
DA:192,0
DA:194,0
DA:200,6
DA:218,0
DA:220,0
DA:226,5
DA:232,3
DA:237,3
DA:240,3
DA:242,3
DA:244,2
DA:246,2
DA:248,2
DA:252,3
DA:256,3
DA:260,1
DA:265,2
DA:270,0
DA:281,3
DA:285,3
DA:291,127
DA:294,127
DA:296,127
DA:299,127
DA:301,127
DA:304,127
DA:305,127
DA:306,127
DA:307,127
DA:308,127
DA:309,127
DA:310,127
DA:311,127
DA:312,127
DA:313,127
DA:314,127
DA:315,127
DA:316,127
DA:317,127
DA:318,127
DA:319,127
DA:320,127
DA:321,127
DA:323,127
DA:324,127
DA:325,127
DA:326,127
DA:328,127
DA:329,127
DA:330,127
DA:331,127
DA:332,127
DA:333,127
DA:334,127
DA:335,127
DA:336,127
DA:337,127
DA:338,127
DA:339,127
DA:340,127
DA:341,127
DA:342,127
DA:343,127
DA:344,127
DA:345,127
DA:346,127
DA:347,127
DA:348,127
DA:349,127
DA:350,127
DA:353,127
DA:354,0
DA:356,127
DA:357,24
DA:359,127
DA:360,24
DA:362,127
DA:363,2
DA:365,127
DA:366,1
DA:368,127
DA:369,0
DA:371,127
DA:372,1
DA:374,127
DA:375,2
DA:377,127
DA:378,7
DA:380,127
DA:381,4
DA:383,127
DA:384,7
DA:386,127
DA:387,0
DA:389,127
DA:390,0
DA:392,127
DA:393,3
DA:395,127
DA:397,106
DA:400,127
DA:402,0
DA:422,127
DA:423,0
DA:425,127
DA:426,0
DA:428,127
DA:429,1
DA:431,127
DA:433,242
DA:441,127
DA:443,1
DA:446,127
DA:448,2
DA:451,127
DA:453,242
DA:456,127
DA:457,393
DA:459,127
DA:461,127
DA:463,127
DA:465,127
DA:467,127
DA:469,127
DA:475,127
DA:477,127
DA:479,0
DA:483,127
DA:489,394
DA:495,0
DA:501,0
DA:514,0
DA:520,0
DA:527,0
DA:540,0
DA:547,0
DA:553,2286
DA:559,508
DA:565,0
DA:571,0
DA:577,127
DA:583,6
DA:588,6
DA:590,3
DA:594,3
DA:596,3
DA:598,1
DA:602,3
DA:604,3
DA:612,3
DA:614,4
DA:616,0
DA:618,0
DA:622,4
DA:626,4
DA:630,3
DA:633,3
DA:640,3
DA:642,3
DA:645,3
DA:668,3
DA:670,0
DA:672,0
DA:675,3
DA:681,1542
DA:684,1540
DA:686,438
DA:688,438
DA:692,1540
DA:698,0
DA:704,3
DA:723,18
DA:725,18
DA:727,18
DA:729,18
DA:731,18
DA:733,18
DA:735,18
DA:737,18
DA:739,18
DA:741,17
DA:744,18
DA:746,4
DA:748,4
DA:750,4
DA:754,14
DA:756,14
DA:759,18
DA:761,14
DA:764,18
DA:766,18
DA:768,4
DA:770,4
DA:774,14
DA:776,14
DA:779,18
DA:781,7
DA:783,7
DA:785,7
DA:787,7
DA:789,7
DA:791,7
DA:793,5
DA:796,7
DA:798,3
DA:800,3
DA:802,3
DA:806,4
DA:808,4
DA:811,7
DA:813,4
DA:816,7
DA:818,7
DA:820,3
DA:822,3
DA:826,4
DA:828,4
DA:832,18
DA:834,18
DA:838,0
DA:840,0
DA:844,18
DA:854,25
DA:856,3
DA:858,3
DA:862,22
DA:864,22
DA:868,25
DA:878,22
DA:880,4
DA:882,4
DA:886,18
DA:888,18
DA:892,22
DA:902,45
DA:904,45
DA:906,45
DA:908,45
DA:910,21
DA:912,21
DA:914,19
DA:916,19
DA:918,18
DA:925,45
DA:935,45
DA:937,45
DA:939,0
DA:941,0
DA:945,45
DA:947,45
DA:950,45
DA:952,0
DA:954,0
DA:956,0
DA:958,0
DA:960,0
DA:962,0
DA:964,0
DA:968,0
DA:970,0
DA:973,0
DA:975,0
DA:977,0
DA:981,0
DA:983,0
DA:988,0
DA:990,0
DA:995,45
DA:997,45
DA:1001,45
DA:1011,45
DA:1013,45
DA:1015,45
DA:1017,21
DA:1020,45
DA:1022,45
DA:1024,45
DA:1026,24
DA:1028,24
DA:1032,21
DA:1034,21
DA:1038,45
DA:1048,45
DA:1050,45
DA:1052,45
DA:1054,45
DA:1057,45
DA:1059,45
DA:1061,24
DA:1063,24
DA:1065,5
DA:1067,5
DA:1071,19
DA:1073,19
DA:1076,24
DA:1078,5
DA:1080,5
DA:1082,5
DA:1084,5
DA:1088,0
DA:1090,0
DA:1095,19
DA:1097,19
DA:1100,24
DA:1102,19
DA:1105,24
DA:1107,24
DA:1111,21
DA:1113,21
DA:1117,45
DA:1127,21
DA:1129,21
DA:1131,2
DA:1133,2
DA:1137,19
DA:1139,19
DA:1142,21
DA:1144,2
DA:1146,2
DA:1148,2
DA:1150,2
DA:1152,2
DA:1156,0
DA:1158,0
DA:1163,19
DA:1165,19
DA:1169,21
DA:1179,19
DA:1181,19
DA:1183,1
DA:1185,1
DA:1189,18
DA:1191,18
DA:1194,19
DA:1196,1
DA:1198,1
DA:1201,19
DA:1204,19
DA:1214,18
DA:1216,18
DA:1218,0
DA:1220,0
DA:1224,18
DA:1226,18
DA:1229,18
DA:1231,0
DA:1233,0
DA:1236,18
DA:1239,18
DA:1249,45
DA:1251,45
DA:1253,1
DA:1255,1
DA:1259,44
DA:1261,44
DA:1264,45
DA:1266,1
DA:1268,1
DA:1271,45
DA:1273,45
DA:1275,44
DA:1277,44
DA:1279,2
DA:1281,2
DA:1285,42
DA:1287,42
DA:1290,44
DA:1292,2
DA:1294,2
DA:1297,44
DA:1299,44
DA:1301,42
DA:1303,42
DA:1305,7
DA:1307,7
DA:1311,35
DA:1313,35
DA:1316,42
DA:1318,7
DA:1320,7
DA:1323,42
DA:1325,42
DA:1327,35
DA:1329,35
DA:1331,4
DA:1333,4
DA:1337,31
DA:1339,31
DA:1342,35
DA:1344,4
DA:1346,4
DA:1349,35
DA:1351,35
DA:1353,31
DA:1355,31
DA:1357,7
DA:1359,7
DA:1363,24
DA:1365,24
DA:1368,31
DA:1370,7
DA:1372,7
DA:1375,31
DA:1377,31
DA:1379,24
DA:1381,24
DA:1383,0
DA:1385,0
DA:1389,24
DA:1391,24
DA:1394,24
DA:1396,0
DA:1398,0
DA:1401,24
DA:1403,24
DA:1405,24
DA:1407,24
DA:1409,0
DA:1411,0
DA:1415,24
DA:1417,24
DA:1420,24
DA:1422,0
DA:1424,0
DA:1427,24
DA:1429,24
DA:1431,24
DA:1433,24
DA:1435,3
DA:1437,3
DA:1441,21
DA:1443,21
DA:1446,24
DA:1448,3
DA:1450,3
DA:1453,24
DA:1463,45
DA:1473,109
DA:1475,109
DA:1477,109
DA:1479,109
DA:1482,109
DA:1484,109
DA:1486,107
DA:1488,106
DA:1490,106
DA:1494,1
DA:1496,1
DA:1499,107
DA:1501,106
DA:1503,106
DA:1505,106
DA:1507,106
DA:1511,0
DA:1513,0
DA:1518,1
DA:1520,1
DA:1525,2
DA:1527,2
DA:1531,109
DA:1541,0
DA:1543,0
DA:1545,0
DA:1547,0
DA:1549,0
DA:1551,0
DA:1555,0
DA:1557,0
DA:1560,0
DA:1562,0
DA:1564,0
DA:1566,0
DA:1568,0
DA:1570,0
DA:1574,0
DA:1576,0
DA:1579,0
DA:1581,0
DA:1583,0
DA:1585,0
DA:1587,0
DA:1589,0
DA:1591,0
DA:1595,0
DA:1597,0
DA:1600,0
DA:1602,0
DA:1604,0
DA:1606,0
DA:1608,0
DA:1612,0
DA:1614,0
DA:1619,0
DA:1621,0
DA:1624,0
DA:1626,0
DA:1629,0
DA:1631,0
DA:1635,0
DA:1637,0
DA:1642,0
DA:1644,0
DA:1649,0
DA:1651,0
DA:1656,0
DA:1658,0
DA:1663,0
DA:1665,0
DA:1669,0
DA:1679,154
DA:1681,154
DA:1683,0
DA:1685,0
DA:1689,154
DA:1691,154
DA:1694,154
DA:1696,0
DA:1698,0
DA:1700,0
DA:1702,0
DA:1704,0
DA:1708,0
DA:1710,0
DA:1713,0
DA:1715,0
DA:1717,0
DA:1721,0
DA:1723,0
DA:1728,0
DA:1730,0
DA:1735,154
DA:1737,154
DA:1741,154
DA:1751,0
DA:1753,0
DA:1755,0
DA:1757,0
DA:1759,0
DA:1763,0
DA:1765,0
DA:1768,0
DA:1770,0
DA:1772,0
DA:1774,0
DA:1776,0
DA:1778,0
DA:1782,0
DA:1784,0
DA:1790,0
DA:1793,0
DA:1795,0
DA:1797,0
DA:1800,0
DA:1803,0
DA:1813,1
DA:1815,1
DA:1817,1
DA:1819,1
DA:1821,1
DA:1825,0
DA:1827,0
DA:1830,1
DA:1832,1
DA:1834,4
DA:1836,4
DA:1838,3
DA:1840,3
DA:1844,1
DA:1846,1
DA:1852,0
DA:1855,1
DA:1857,1
DA:1859,1
DA:1862,1
DA:1865,1
DA:1875,265
DA:1877,265
DA:1879,265
DA:1881,242
DA:1883,242
DA:1885,241
DA:1888,242
DA:1890,242
DA:1894,23
DA:1896,23
DA:1900,265
DA:1910,242
DA:1912,242
DA:1914,1
DA:1916,1
DA:1920,241
DA:1922,241
DA:1925,242
DA:1927,1
DA:1929,1
DA:1931,1
DA:1933,1
DA:1935,1
DA:1937,1
DA:1939,1
DA:1943,0
DA:1945,0
DA:1948,1
DA:1950,1
DA:1952,1
DA:1954,1
DA:1956,1
DA:1960,0
DA:1962,0
DA:1967,0
DA:1969,0
DA:1972,1
DA:1974,1
DA:1976,1
DA:1978,1
DA:1980,0
DA:1982,0
DA:1986,1
DA:1988,1
DA:1991,1
DA:1993,0
DA:1995,0
DA:1997,0
DA:1999,0
DA:2003,0
DA:2005,0
DA:2010,1
DA:2012,1
DA:2016,1
DA:2018,1
DA:2022,0
DA:2024,0
DA:2029,241
DA:2031,241
DA:2035,242
DA:2045,2
DA:2047,2
DA:2049,0
DA:2051,0
DA:2055,2
DA:2057,2
DA:2060,2
DA:2062,2
DA:2065,2
DA:2067,2
DA:2069,1
DA:2072,2
DA:2074,2
DA:2076,2
DA:2080,0
DA:2082,0
DA:2086,2
DA:2096,265
DA:2098,265
DA:2100,265
DA:2102,242
DA:2104,242
DA:2106,242
DA:2108,93
DA:2110,93
DA:2114,149
DA:2116,149
DA:2119,242
DA:2121,93
DA:2123,93
DA:2125,92
DA:2127,92
DA:2131,1
DA:2133,1
DA:2138,149
DA:2140,149
DA:2143,242
DA:2145,150
DA:2147,150
DA:2149,150
DA:2151,58
DA:2153,58
DA:2157,92
DA:2159,92
DA:2162,150
DA:2164,58
DA:2166,58
DA:2168,58
DA:2170,58
DA:2174,0
DA:2176,0
DA:2181,92
DA:2183,92
DA:2187,242
DA:2189,242
DA:2193,23
DA:2195,23
DA:2199,265
DA:2209,418
DA:2211,418
DA:2213,418
DA:2215,393
DA:2217,393
DA:2221,25
DA:2223,25
DA:2226,418
DA:2228,393
DA:2230,395
DA:2232,395
DA:2234,2
DA:2236,2
DA:2240,393
DA:2242,393
DA:2248,25
DA:2251,418
DA:2253,393
DA:2255,393
DA:2258,418
DA:2261,418
DA:2271,79
DA:2273,79
DA:2275,79
DA:2277,14
DA:2279,14
DA:2283,65
DA:2285,65
DA:2288,79
DA:2290,14
DA:2292,14
DA:2294,0
DA:2296,0
DA:2300,14
DA:2302,14
DA:2306,79
DA:2308,79
DA:2310,79
DA:2313,79
DA:2317,127
DA:2320,127
DA:2322,124
DA:2326,3
DA:2328,0
DA:2332,3
DA:2348,6
DA:2422,6
DA:2457,6
DA:2459,6
LF:789
LH:582
BRDA:51,0,0,0
BRDA:51,0,1,0
BRDA:53,1,0,0
BRDA:67,2,0,0
BRDA:75,3,0,0
BRDA:85,4,0,0
BRDA:85,4,1,0
BRDA:85,5,0,0
BRDA:85,5,1,0
BRDA:93,6,0,0
BRDA:93,6,1,0
BRDA:101,7,0,0
BRDA:101,7,1,0
BRDA:103,8,0,0
BRDA:103,8,1,0
BRDA:139,9,0,3
BRDA:139,9,1,0
BRDA:147,10,0,0
BRDA:147,10,1,3
BRDA:240,11,0,3
BRDA:244,12,0,2
BRDA:256,13,0,1
BRDA:256,13,1,2
BRDA:256,13,2,0
BRDA:281,14,0,2
BRDA:281,14,1,1
BRDA:291,15,0,127
BRDA:291,15,1,0
BRDA:360,16,0,24
BRDA:360,16,1,24
BRDA:360,17,0,5
BRDA:360,17,1,19
BRDA:397,18,0,106
BRDA:397,18,1,106
BRDA:415,19,0,0
BRDA:415,19,1,0
BRDA:437,20,0,242
BRDA:437,20,1,241
BRDA:475,21,0,127
BRDA:477,22,0,0
BRDA:520,23,0,0
BRDA:520,23,1,0
BRDA:540,24,0,0
BRDA:540,24,1,0
BRDA:588,25,0,3
BRDA:588,25,1,3
BRDA:614,26,0,0
BRDA:614,26,1,4
BRDA:668,27,0,0
BRDA:668,28,0,3
BRDA:668,28,1,0
BRDA:668,28,2,0
BRDA:681,29,0,2
BRDA:684,30,0,438
BRDA:727,31,0,18
BRDA:727,31,1,0
BRDA:739,32,0,17
BRDA:744,33,0,4
BRDA:744,33,1,14
BRDA:759,34,0,14
BRDA:766,35,0,4
BRDA:766,35,1,14
BRDA:791,36,0,5
BRDA:796,37,0,3
BRDA:796,37,1,4
BRDA:811,38,0,4
BRDA:818,39,0,3
BRDA:818,39,1,4
BRDA:854,40,0,3
BRDA:854,40,1,22
BRDA:864,41,0,22
BRDA:878,42,0,4
BRDA:878,42,1,18
BRDA:888,43,0,18
BRDA:904,44,0,45
BRDA:908,45,0,21
BRDA:912,46,0,19
BRDA:916,47,0,18
BRDA:937,48,0,0
BRDA:937,48,1,45
BRDA:947,49,0,45
BRDA:950,50,0,0
BRDA:950,50,1,45
BRDA:956,51,0,0
BRDA:956,51,1,0
BRDA:960,52,0,0
BRDA:960,52,1,0
BRDA:970,53,0,0
BRDA:973,54,0,0
BRDA:973,54,1,0
BRDA:1015,55,0,21
BRDA:1024,56,0,24
BRDA:1024,56,1,21
BRDA:1052,57,0,45
BRDA:1059,58,0,24
BRDA:1059,58,1,21
BRDA:1063,59,0,5
BRDA:1063,59,1,19
BRDA:1073,60,0,19
BRDA:1076,61,0,5
BRDA:1076,61,1,19
BRDA:1080,62,0,5
BRDA:1080,62,1,0
BRDA:1100,63,0,19
BRDA:1129,64,0,2
BRDA:1129,64,1,19
BRDA:1139,65,0,19
BRDA:1142,66,0,2
BRDA:1142,66,1,19
BRDA:1148,67,0,2
BRDA:1148,67,1,0
BRDA:1181,68,0,1
BRDA:1181,68,1,18
BRDA:1191,69,0,18
BRDA:1194,70,0,1
BRDA:1216,71,0,0
BRDA:1216,71,1,18
BRDA:1226,72,0,18
BRDA:1229,73,0,0
BRDA:1251,74,0,1
BRDA:1251,74,1,44
BRDA:1261,75,0,44
BRDA:1264,76,0,1
BRDA:1273,77,0,44
BRDA:1277,78,0,2
BRDA:1277,78,1,42
BRDA:1287,79,0,42
BRDA:1290,80,0,2
BRDA:1299,81,0,42
BRDA:1303,82,0,7
BRDA:1303,82,1,35
BRDA:1313,83,0,35
BRDA:1316,84,0,7
BRDA:1325,85,0,35
BRDA:1329,86,0,4
BRDA:1329,86,1,31
BRDA:1339,87,0,31
BRDA:1342,88,0,4
BRDA:1351,89,0,31
BRDA:1355,90,0,7
BRDA:1355,90,1,24
BRDA:1365,91,0,24
BRDA:1368,92,0,7
BRDA:1377,93,0,24
BRDA:1381,94,0,0
BRDA:1381,94,1,24
BRDA:1391,95,0,24
BRDA:1394,96,0,0
BRDA:1403,97,0,24
BRDA:1407,98,0,0
BRDA:1407,98,1,24
BRDA:1417,99,0,24
BRDA:1420,100,0,0
BRDA:1429,101,0,24
BRDA:1433,102,0,3
BRDA:1433,102,1,21
BRDA:1443,103,0,21
BRDA:1446,104,0,3
BRDA:1477,105,0,109
BRDA:1484,106,0,107
BRDA:1484,106,1,2
BRDA:1486,107,0,106
BRDA:1486,107,1,1
BRDA:1496,108,0,1
BRDA:1499,109,0,106
BRDA:1499,109,1,1
BRDA:1503,110,0,106
BRDA:1503,110,1,0
BRDA:1545,111,0,0
BRDA:1545,111,1,0
BRDA:1547,112,0,0
BRDA:1547,112,1,0
BRDA:1557,113,0,0
BRDA:1560,114,0,0
BRDA:1560,114,1,0
BRDA:1564,115,0,0
BRDA:1564,115,1,0
BRDA:1566,116,0,0
BRDA:1566,116,1,0
BRDA:1576,117,0,0
BRDA:1579,118,0,0
BRDA:1579,118,1,0
BRDA:1583,119,0,0
BRDA:1583,119,1,0
BRDA:1587,120,0,0
BRDA:1587,120,1,0
BRDA:1597,121,0,0
BRDA:1600,122,0,0
BRDA:1600,122,1,0
BRDA:1604,123,0,0
BRDA:1604,123,1,0
BRDA:1624,124,0,0
BRDA:1681,125,0,0
BRDA:1681,125,1,154
BRDA:1691,126,0,154
BRDA:1694,127,0,0
BRDA:1694,127,1,154
BRDA:1698,128,0,0
BRDA:1698,128,1,0
BRDA:1700,129,0,0
BRDA:1700,129,1,0
BRDA:1710,130,0,0
BRDA:1713,131,0,0
BRDA:1713,131,1,0
BRDA:1755,132,0,0
BRDA:1755,132,1,0
BRDA:1765,133,0,0
BRDA:1768,134,0,0
BRDA:1768,134,1,0
BRDA:1774,135,0,0
BRDA:1774,135,1,0
BRDA:1784,136,0,0
BRDA:1793,137,0,0
BRDA:1817,138,0,1
BRDA:1817,138,1,0
BRDA:1827,139,0,0
BRDA:1830,140,0,1
BRDA:1830,140,1,0
BRDA:1836,141,0,3
BRDA:1836,141,1,1
BRDA:1846,142,0,1
BRDA:1855,143,0,1
BRDA:1879,144,0,242
BRDA:1879,144,1,23
BRDA:1883,145,0,241
BRDA:1912,146,0,1
BRDA:1912,146,1,241
BRDA:1922,147,0,241
BRDA:1925,148,0,1
BRDA:1925,148,1,241
BRDA:1929,149,0,1
BRDA:1929,149,1,0
BRDA:1935,150,0,1
BRDA:1935,150,1,0
BRDA:1945,151,0,0
BRDA:1948,152,0,1
BRDA:1948,152,1,0
BRDA:1952,153,0,1
BRDA:1952,153,1,0
BRDA:1978,154,0,0
BRDA:1978,154,1,1
BRDA:1988,155,0,1
BRDA:1991,156,0,0
BRDA:1991,156,1,1
BRDA:1995,157,0,0
BRDA:1995,157,1,0
BRDA:2047,158,0,0
BRDA:2047,158,1,2
BRDA:2057,159,0,2
BRDA:2060,160,0,2
BRDA:2067,161,0,1
BRDA:2072,162,0,2
BRDA:2072,162,1,0
BRDA:2100,163,0,242
BRDA:2100,163,1,23
BRDA:2106,164,0,93
BRDA:2106,164,1,149
BRDA:2116,165,0,149
BRDA:2119,166,0,93
BRDA:2119,166,1,149
BRDA:2123,167,0,92
BRDA:2123,167,1,1
BRDA:2149,168,0,58
BRDA:2149,168,1,92
BRDA:2159,169,0,92
BRDA:2162,170,0,58
BRDA:2162,170,1,92
BRDA:2166,171,0,58
BRDA:2166,171,1,0
BRDA:2213,172,0,393
BRDA:2213,172,1,25
BRDA:2223,173,0,25
BRDA:2226,174,0,393
BRDA:2226,174,1,25
BRDA:2232,175,0,2
BRDA:2232,175,1,393
BRDA:2242,176,0,393
BRDA:2251,177,0,393
BRDA:2275,178,0,14
BRDA:2275,178,1,65
BRDA:2285,179,0,0
BRDA:2292,180,0,0
BRDA:2292,180,1,14
BRDA:2302,181,0,0
BRDA:2310,182,0,79
BRDA:2320,183,0,124
BRDA:2320,183,1,3
BRDA:2320,184,0,127
BRDA:2320,184,1,124
BRDA:2326,185,0,0
BRDA:2326,186,0,3
BRDA:2326,186,1,0
BRDA:2336,187,0,2
BRDA:2336,187,1,1
BRDA:2338,188,0,2
BRDA:2338,188,1,1
BRF:296
BRH:185
end_of_record
TN:
SF:lib/exver/index.ts
FN:47,(anonymous_6)
FN:49,(anonymous_7)
FN:66,(anonymous_8)
FN:96,(anonymous_9)
FN:120,(anonymous_10)
FN:126,(anonymous_11)
FN:130,(anonymous_12)
FN:134,(anonymous_13)
FN:138,(anonymous_14)
FN:142,(anonymous_15)
FN:146,(anonymous_16)
FN:150,(anonymous_17)
FN:156,(anonymous_18)
FN:161,(anonymous_19)
FN:165,(anonymous_20)
FN:208,(anonymous_21)
FN:213,(anonymous_22)
FN:222,(anonymous_23)
FN:228,(anonymous_24)
FN:232,(anonymous_25)
FN:243,(anonymous_26)
FN:253,(anonymous_27)
FN:264,(anonymous_28)
FN:268,(anonymous_29)
FN:272,(anonymous_30)
FN:276,(anonymous_31)
FN:280,(anonymous_32)
FN:284,(anonymous_33)
FN:293,(anonymous_34)
FN:307,(anonymous_35)
FN:308,(anonymous_36)
FN:310,(anonymous_37)
FN:334,(anonymous_38)
FN:335,(anonymous_39)
FN:338,(anonymous_40)
FN:361,(anonymous_41)
FN:419,(anonymous_42)
FN:421,(anonymous_43)
FN:423,tests
FNF:39
FNH:30
FNDA:87,(anonymous_6)
FNDA:50,(anonymous_7)
FNDA:27,(anonymous_8)
FNDA:18,(anonymous_9)
FNDA:18,(anonymous_10)
FNDA:1,(anonymous_11)
FNDA:21,(anonymous_12)
FNDA:1,(anonymous_13)
FNDA:20,(anonymous_14)
FNDA:0,(anonymous_15)
FNDA:10,(anonymous_16)
FNDA:112,(anonymous_17)
FNDA:308,(anonymous_18)
FNDA:40,(anonymous_19)
FNDA:235,(anonymous_20)
FNDA:0,(anonymous_21)
FNDA:0,(anonymous_22)
FNDA:154,(anonymous_23)
FNDA:20,(anonymous_24)
FNDA:160,(anonymous_25)
FNDA:3,(anonymous_26)
FNDA:3,(anonymous_27)
FNDA:30,(anonymous_28)
FNDA:30,(anonymous_29)
FNDA:31,(anonymous_30)
FNDA:54,(anonymous_31)
FNDA:9,(anonymous_32)
FNDA:109,(anonymous_33)
FNDA:0,(anonymous_34)
FNDA:0,(anonymous_35)
FNDA:0,(anonymous_36)
FNDA:0,(anonymous_37)
FNDA:24,(anonymous_38)
FNDA:24,(anonymous_39)
FNDA:48,(anonymous_40)
FNDA:198,(anonymous_41)
FNDA:0,(anonymous_42)
FNDA:5,(anonymous_43)
FNDA:0,tests
DA:1,6
DA:46,6
DA:47,87
DA:50,50
DA:52,20
DA:54,0
DA:56,20
DA:58,0
DA:60,0
DA:62,10
DA:67,27
DA:69,2
DA:74,0
DA:76,24
DA:92,1
DA:97,18
DA:98,18
DA:99,7
DA:101,3
DA:106,3
DA:109,4
DA:114,4
DA:117,18
DA:121,18
DA:127,1
DA:131,21
DA:135,1
DA:139,20
DA:143,0
DA:147,10
DA:151,112
DA:155,6
DA:157,308
DA:158,308
DA:162,40
DA:166,235
DA:167,235
DA:168,419
DA:169,63
DA:170,356
DA:171,38
DA:175,134
DA:176,0
DA:177,134
DA:178,0
DA:181,134
DA:182,134
DA:183,252
DA:184,252
DA:185,0
DA:186,252
DA:187,0
DA:190,0
DA:192,0
DA:194,0
DA:197,0
DA:200,0
DA:205,134
DA:209,0
DA:210,0
DA:214,0
DA:221,6
DA:223,154
DA:224,154
DA:225,154
DA:229,20
DA:233,160
DA:234,0
DA:236,160
DA:237,160
DA:238,85
DA:240,75
DA:244,3
DA:245,0
DA:246,3
DA:247,0
DA:249,3
DA:254,3
DA:256,1
DA:258,1
DA:260,1
DA:265,30
DA:269,30
DA:273,31
DA:277,54
DA:281,9
DA:285,109
DA:286,106
DA:294,0
DA:295,0
DA:308,0
DA:310,0
DA:311,0
DA:312,0
DA:313,0
DA:314,0
DA:316,0
DA:319,0
DA:320,0
DA:322,0
DA:335,24
DA:336,24
DA:338,24
DA:339,48
DA:340,0
DA:341,48
DA:342,24
DA:344,24
DA:347,24
DA:348,24
DA:350,24
DA:362,198
DA:364,129
DA:365,129
DA:367,21
DA:369,30
DA:371,39
DA:373,6
DA:375,9
DA:377,0
DA:379,0
DA:380,0
DA:384,0
DA:386,0
DA:389,24
DA:390,24
DA:394,6
DA:396,18
DA:400,21
DA:405,17
DA:410,22
DA:412,9
DA:414,0
DA:419,6
DA:421,6
DA:422,5
DA:424,0
DA:425,0
DA:426,0
DA:427,0
DA:428,0
DA:429,0
DA:431,0
DA:433,0
DA:435,0
DA:437,0
DA:438,0
DA:439,0
DA:440,0
DA:441,0
DA:442,0
DA:443,0
DA:445,0
DA:447,0
DA:449,0
DA:451,0
DA:453,0
LF:157
LH:97
BRDA:50,0,0,20
BRDA:50,0,1,0
BRDA:50,0,2,20
BRDA:50,0,3,0
BRDA:50,0,4,0
BRDA:50,0,5,10
BRDA:67,1,0,2
BRDA:67,1,1,0
BRDA:67,1,2,24
BRDA:67,1,3,1
BRDA:78,2,0,24
BRDA:78,2,1,0
BRDA:99,3,0,3
BRDA:99,3,1,4
BRDA:99,3,2,4
BRDA:162,4,0,0
BRDA:162,4,1,40
BRDA:168,5,0,63
BRDA:168,5,1,356
BRDA:168,6,0,419
BRDA:168,6,1,131
BRDA:168,7,0,419
BRDA:168,7,1,135
BRDA:170,8,0,38
BRDA:170,9,0,356
BRDA:170,9,1,131
BRDA:170,10,0,356
BRDA:170,10,1,114
BRDA:175,11,0,0
BRDA:175,11,1,134
BRDA:175,12,0,134
BRDA:175,12,1,134
BRDA:177,13,0,0
BRDA:177,14,0,134
BRDA:177,14,1,0
BRDA:183,15,0,252
BRDA:183,15,1,0
BRDA:184,16,0,0
BRDA:184,16,1,252
BRDA:186,17,0,0
BRDA:190,18,0,0
BRDA:190,18,1,0
BRDA:190,18,2,0
BRDA:190,18,3,0
BRDA:190,18,4,0
BRDA:190,18,5,0
BRDA:229,19,0,0
BRDA:229,19,1,20
BRDA:233,20,0,0
BRDA:237,21,0,85
BRDA:244,22,0,0
BRDA:244,22,1,3
BRDA:244,23,0,3
BRDA:244,23,1,3
BRDA:244,24,0,3
BRDA:244,24,1,3
BRDA:246,25,0,0
BRDA:246,25,1,3
BRDA:246,26,0,3
BRDA:246,26,1,3
BRDA:246,27,0,3
BRDA:246,27,1,3
BRDA:254,28,0,1
BRDA:254,28,1,1
BRDA:254,28,2,1
BRDA:311,29,0,0
BRDA:311,29,1,0
BRDA:313,30,0,0
BRDA:336,31,0,0
BRDA:336,31,1,24
BRDA:339,32,0,0
BRDA:339,32,1,48
BRDA:341,33,0,24
BRDA:362,34,0,129
BRDA:362,34,1,21
BRDA:362,34,2,17
BRDA:362,34,3,22
BRDA:362,34,4,9
BRDA:362,34,5,0
BRDA:365,35,0,21
BRDA:365,35,1,30
BRDA:365,35,2,39
BRDA:365,35,3,6
BRDA:365,35,4,9
BRDA:365,35,5,0
BRDA:365,35,6,0
BRDA:365,35,7,24
BRDA:380,36,0,0
BRDA:380,36,1,0
BRDA:381,37,0,0
BRDA:381,37,1,0
BRDA:390,38,0,6
BRDA:390,38,1,18
BRDA:391,39,0,24
BRDA:391,39,1,15
BRDA:401,40,0,21
BRDA:401,40,1,13
BRDA:406,41,0,17
BRDA:406,41,1,13
BRF:99
BRH:65
end_of_record
TN:
SF:lib/health/HealthCheck.ts
FN:21,healthCheck
FN:22,(anonymous_1)
FN:24,(anonymous_2)
FN:26,(anonymous_3)
FN:47,(anonymous_4)
FN:63,asMessage
FNF:6
FNH:0
FNDA:0,healthCheck
FNDA:0,(anonymous_1)
FNDA:0,(anonymous_2)
FNDA:0,(anonymous_3)
FNDA:0,(anonymous_4)
FNDA:0,asMessage
DA:6,5
DA:7,5
DA:9,5
DA:11,5
DA:21,5
DA:22,0
DA:23,0
DA:24,0
DA:25,0
DA:26,0
DA:27,0
DA:33,0
DA:34,0
DA:38,0
DA:39,0
DA:40,0
DA:46,0
DA:47,0
DA:48,0
DA:51,0
DA:57,0
DA:61,0
DA:64,0
DA:65,0
DA:66,0
DA:67,0
LF:26
LH:5
BRDA:25,0,0,0
BRDA:25,0,1,0
BRDA:28,1,0,0
BRDA:28,1,1,0
BRDA:28,2,0,0
BRDA:28,2,1,0
BRDA:44,3,0,0
BRDA:44,3,1,0
BRDA:55,4,0,0
BRDA:55,4,1,0
BRDA:64,5,0,0
BRDA:66,6,0,0
BRF:12
BRH:0
end_of_record
TN:
SF:lib/health/checkFns/checkPortListening.ts
FN:10,containsAddress
FN:15,(anonymous_7)
FN:17,(anonymous_8)
FN:26,checkPortListening
FN:37,(anonymous_10)
FN:55,(anonymous_11)
FN:57,(anonymous_12)
FNF:7
FNH:3
FNDA:2,containsAddress
FNDA:12,(anonymous_7)
FNDA:8,(anonymous_8)
FNDA:0,checkPortListening
FNDA:0,(anonymous_10)
FNDA:0,(anonymous_11)
FNDA:0,(anonymous_12)
DA:2,6
DA:5,6
DA:6,6
DA:8,6
DA:9,6
DA:10,6
DA:11,2
DA:15,12
DA:17,8
DA:19,2
DA:26,6
DA:36,0
DA:39,0
DA:47,0
DA:48,0
DA:50,0
DA:56,0
DA:58,0
LF:18
LH:11
BRDA:39,0,0,0
BRDA:39,0,1,0
BRDA:47,1,0,0
BRDA:61,2,0,0
BRDA:61,2,1,0
BRDA:63,3,0,0
BRDA:63,3,1,0
BRF:7
BRH:0
end_of_record
TN:
SF:lib/health/checkFns/checkWebUrl.ts
FN:13,(anonymous_0)
FN:24,(anonymous_1)
FN:30,(anonymous_2)
FNF:3
FNH:0
FNDA:0,(anonymous_0)
FNDA:0,(anonymous_1)
FNDA:0,(anonymous_2)
DA:2,5
DA:4,5
DA:5,5
DA:13,5
DA:22,0
DA:25,0
DA:31,0
DA:32,0
DA:33,0
DA:34,0
LF:10
LH:4
BRDA:16,0,0,0
BRDA:17,1,0,0
BRDA:18,2,0,0
BRDA:19,3,0,0
BRF:4
BRH:0
end_of_record
TN:
SF:lib/health/checkFns/index.ts
FN:11,(anonymous_0)
FN:2,(anonymous_1)
FN:4,(anonymous_2)
FN:6,timeoutPromise
FN:7,(anonymous_4)
FN:8,(anonymous_5)
FNF:6
FNH:2
FNDA:6,(anonymous_0)
FNDA:0,(anonymous_1)
FNDA:6,(anonymous_2)
FNDA:0,timeoutPromise
FNDA:0,(anonymous_4)
FNDA:0,(anonymous_5)
DA:1,5
DA:2,5
DA:4,11
DA:6,5
DA:7,0
DA:8,0
DA:11,11
LF:7
LH:5
BRDA:6,0,0,0
BRDA:6,1,0,0
BRF:2
BRH:0
end_of_record
TN:
SF:lib/health/checkFns/runHealthScript.ts
FN:14,(anonymous_0)
FN:20,(anonymous_1)
FN:27,(anonymous_2)
FNF:3
FNH:0
FNDA:0,(anonymous_0)
FNDA:0,(anonymous_1)
FNDA:0,(anonymous_2)
DA:5,5
DA:14,5
DA:21,0
DA:24,0
DA:28,0
DA:29,0
DA:30,0
DA:31,0
DA:33,0
LF:9
LH:2
BRDA:17,0,0,0
BRDA:18,1,0,0
BRDA:19,2,0,0
BRDA:20,3,0,0
BRF:4
BRH:0
end_of_record
TN:
SF:lib/inits/setupInit.ts
FN:11,setupInit
FN:26,(anonymous_1)
FN:47,(anonymous_2)
FNF:3
FNH:0
FNDA:0,setupInit
FNDA:0,(anonymous_1)
FNDA:0,(anonymous_2)
DA:2,5
DA:11,5
DA:25,0
DA:27,0
DA:28,0
DA:29,0
DA:35,0
DA:36,0
DA:40,0
DA:44,0
DA:45,0
DA:48,0
DA:49,0
DA:50,0
DA:51,0
DA:58,0
LF:16
LH:2
BRDA:28,0,0,0
BRDA:28,0,1,0
BRDA:48,1,0,0
BRDA:48,1,1,0
BRDA:50,2,0,0
BRF:5
BRH:0
end_of_record
TN:
SF:lib/inits/setupInstall.ts
FN:7,(anonymous_0)
FN:8,(anonymous_1)
FN:14,(anonymous_2)
FN:21,setupInstall
FNF:4
FNH:0
FNDA:0,(anonymous_0)
FNDA:0,(anonymous_1)
FNDA:0,(anonymous_2)
FNDA:0,setupInstall
DA:6,5
DA:7,0
DA:11,0
DA:15,0
DA:21,5
DA:24,0
LF:6
LH:2
BRF:0
BRH:0
end_of_record
TN:
SF:lib/inits/setupUninstall.ts
FN:7,(anonymous_0)
FN:8,(anonymous_1)
FN:14,(anonymous_2)
FN:25,setupUninstall
FNF:4
FNH:0
FNDA:0,(anonymous_0)
FNDA:0,(anonymous_1)
FNDA:0,(anonymous_2)
FNDA:0,setupUninstall
DA:6,5
DA:7,0
DA:11,0
DA:18,0
DA:19,0
DA:25,5
DA:28,0
LF:7
LH:2
BRDA:18,0,0,0
BRF:1
BRH:0
end_of_record
TN:
SF:lib/interfaces/Host.ts
FN:89,(anonymous_0)
FN:97,(anonymous_1)
FN:108,(anonymous_2)
FN:127,(anonymous_3)
FN:161,(anonymous_4)
FN:171,inObject
FN:191,(anonymous_6)
FNF:7
FNH:0
FNDA:0,(anonymous_0)
FNDA:0,(anonymous_1)
FNDA:0,(anonymous_2)
FNDA:0,(anonymous_3)
FNDA:0,(anonymous_4)
FNDA:0,inObject
FNDA:0,(anonymous_6)
DA:1,6
DA:3,6
DA:11,6
DA:84,6
DA:88,6
DA:90,0
DA:101,0
DA:102,0
DA:104,0
DA:116,0
DA:122,0
DA:124,0
DA:131,0
DA:133,0
DA:135,0
DA:137,0
DA:147,0
DA:149,0
DA:158,0
DA:165,0
DA:166,0
DA:167,0
DA:175,0
DA:190,6
DA:192,0
LF:25
LH:6
BRDA:101,0,0,0
BRDA:101,0,1,0
BRDA:133,1,0,0
BRDA:133,1,1,0
BRDA:137,2,0,0
BRDA:137,2,1,0
BRDA:137,3,0,0
BRDA:137,3,1,0
BRDA:143,4,0,0
BRDA:143,4,1,0
BRDA:147,5,0,0
BRDA:147,5,1,0
BRDA:165,6,0,0
BRDA:165,7,0,0
BRDA:165,7,1,0
BRDA:166,8,0,0
BRDA:166,9,0,0
BRDA:166,9,1,0
BRF:18
BRH:0
end_of_record
TN:
SF:lib/interfaces/Origin.ts
FN:7,(anonymous_0)
FN:14,(anonymous_1)
FN:17,(anonymous_2)
FN:41,(anonymous_3)
FNF:4
FNH:0
FNDA:0,(anonymous_0)
FNDA:0,(anonymous_1)
FNDA:0,(anonymous_2)
FNDA:0,(anonymous_3)
DA:6,6
DA:8,0
DA:9,0
DA:10,0
DA:11,0
DA:15,0
DA:17,0
DA:21,0
DA:23,0
DA:44,0
DA:45,0
DA:57,0
DA:59,0
DA:66,0
DA:76,0
DA:79,0
LF:16
LH:1
BRDA:21,0,0,0
BRDA:21,0,1,0
BRDA:26,1,0,0
BRDA:26,1,1,0
BRDA:27,2,0,0
BRDA:27,2,1,0
BRF:6
BRH:0
end_of_record
TN:
SF:lib/interfaces/ServiceInterfaceBuilder.ts
FN:17,(anonymous_0)
FNF:1
FNH:0
FNDA:0,(anonymous_0)
DA:16,5
DA:18,0
LF:2
LH:1
BRF:0
BRH:0
end_of_record
TN:
SF:lib/interfaces/setupInterfaces.ts
FN:23,(anonymous_0)
FNF:1
FNH:0
FNDA:0,(anonymous_0)
DA:22,5
DA:23,5
LF:2
LH:2
BRF:0
BRH:0
end_of_record
TN:
SF:lib/mainFn/CommandController.ts
FN:16,(anonymous_0)
FN:23,(anonymous_1)
FN:24,(anonymous_2)
FN:53,(anonymous_3)
FN:71,(anonymous_4)
FN:72,(anonymous_5)
FN:102,(anonymous_6)
FN:105,(anonymous_7)
FN:107,(anonymous_8)
FN:116,(anonymous_9)
FN:119,(anonymous_10)
FN:130,(anonymous_11)
FNF:12
FNH:0
FNDA:0,(anonymous_0)
FNDA:0,(anonymous_1)
FNDA:0,(anonymous_2)
FNDA:0,(anonymous_3)
FNDA:0,(anonymous_4)
FNDA:0,(anonymous_5)
FNDA:0,(anonymous_6)
FNDA:0,(anonymous_7)
FNDA:0,(anonymous_8)
FNDA:0,(anonymous_9)
FNDA:0,(anonymous_10)
FNDA:0,(anonymous_11)
DA:1,5
DA:2,5
DA:6,5
DA:12,5
DA:15,5
DA:17,0
DA:18,0
DA:19,0
DA:20,0
DA:21,0
DA:24,0
DA:49,0
DA:51,0
DA:54,0
DA:55,0
DA:56,0
DA:58,0
DA:61,0
DA:62,0
DA:66,0
DA:70,0
DA:71,0
DA:72,0
DA:73,0
DA:74,0
DA:79,0
DA:81,0
DA:82,0
DA:84,0
DA:93,0
DA:103,0
DA:106,0
DA:107,0
DA:108,0
DA:110,0
DA:111,0
DA:113,0
DA:114,0
DA:116,0
DA:120,0
DA:121,0
DA:122,0
DA:123,0
DA:129,0
DA:130,0
DA:131,0
DA:134,0
DA:136,0
LF:48
LH:5
BRDA:21,0,0,0
BRDA:51,1,0,0
BRDA:51,1,1,0
BRDA:55,2,0,0
BRDA:55,2,1,0
BRDA:61,3,0,0
BRDA:61,3,1,0
BRDA:74,4,0,0
BRDA:75,5,0,0
BRDA:75,5,1,0
BRDA:75,5,2,0
BRDA:75,5,3,0
BRDA:81,6,0,0
BRDA:81,6,1,0
BRDA:105,7,0,0
BRDA:105,8,0,0
BRDA:106,9,0,0
BRDA:113,10,0,0
BRDA:119,11,0,0
BRDA:119,12,0,0
BRDA:119,13,0,0
BRDA:121,14,0,0
BRDA:122,15,0,0
BRDA:129,16,0,0
BRF:24
BRH:0
end_of_record
TN:
SF:lib/mainFn/Daemon.ts
FN:16,(anonymous_0)
FN:17,(anonymous_1)
FN:20,(anonymous_2)
FN:21,(anonymous_3)
FN:44,(anonymous_4)
FN:54,(anonymous_5)
FN:60,(anonymous_6)
FN:63,(anonymous_7)
FN:64,(anonymous_8)
FN:68,(anonymous_9)
FN:72,(anonymous_10)
FN:78,(anonymous_11)
FN:85,(anonymous_12)
FNF:13
FNH:0
FNDA:0,(anonymous_0)
FNDA:0,(anonymous_1)
FNDA:0,(anonymous_2)
FNDA:0,(anonymous_3)
FNDA:0,(anonymous_4)
FNDA:0,(anonymous_5)
FNDA:0,(anonymous_6)
FNDA:0,(anonymous_7)
FNDA:0,(anonymous_8)
FNDA:0,(anonymous_9)
FNDA:0,(anonymous_10)
FNDA:0,(anonymous_11)
FNDA:0,(anonymous_12)
DA:2,5
DA:4,5
DA:6,5
DA:7,5
DA:13,5
DA:14,0
DA:15,0
DA:16,0
DA:18,0
DA:21,0
DA:44,0
DA:45,0
DA:51,0
DA:55,0
DA:56,0
DA:58,0
DA:59,0
DA:60,0
DA:61,0
DA:62,0
DA:63,0
DA:64,0
DA:65,0
DA:66,0
DA:69,0
DA:76,0
DA:82,0
DA:83,0
DA:85,0
DA:86,0
LF:30
LH:5
BRDA:55,0,0,0
BRF:1
BRH:0
end_of_record
TN:
SF:lib/mainFn/Daemons.ts
FN:21,(anonymous_6)
FN:22,(anonymous_7)
FN:54,(anonymous_8)
FN:81,(anonymous_9)
FN:98,(anonymous_10)
FN:117,(anonymous_11)
FN:135,(anonymous_12)
FN:136,(anonymous_13)
FN:137,(anonymous_14)
FN:156,(anonymous_15)
FN:158,(anonymous_16)
FN:159,(anonymous_17)
FN:162,(anonymous_18)
FN:164,(anonymous_19)
FN:170,(anonymous_20)
FN:174,(anonymous_21)
FNF:16
FNH:0
FNDA:0,(anonymous_6)
FNDA:0,(anonymous_7)
FNDA:0,(anonymous_8)
FNDA:0,(anonymous_9)
FNDA:0,(anonymous_10)
FNDA:0,(anonymous_11)
FNDA:0,(anonymous_12)
FNDA:0,(anonymous_13)
FNDA:0,(anonymous_14)
FNDA:0,(anonymous_15)
FNDA:0,(anonymous_16)
FNDA:0,(anonymous_17)
FNDA:0,(anonymous_18)
FNDA:0,(anonymous_19)
FNDA:0,(anonymous_20)
FNDA:0,(anonymous_21)
DA:18,5
DA:19,5
DA:21,5
DA:22,5
DA:23,5
DA:24,5
DA:25,5
DA:27,5
DA:28,5
DA:54,5
DA:55,0
DA:80,5
DA:82,0
DA:83,0
DA:84,0
DA:85,0
DA:86,0
DA:103,0
DA:126,0
DA:127,0
DA:131,0
DA:135,0
DA:136,0
DA:137,0
DA:144,0
DA:145,0
DA:146,0
DA:147,0
DA:157,0
DA:158,0
DA:159,0
DA:161,0
DA:163,0
DA:164,0
DA:166,0
DA:170,0
DA:171,0
DA:175,0
LF:38
LH:11
BRF:0
BRH:0
end_of_record
TN:
SF:lib/mainFn/HealthDaemon.ts
FN:9,(anonymous_0)
FN:11,(anonymous_1)
FN:28,(anonymous_2)
FN:39,(anonymous_3)
FN:39,(anonymous_4)
FN:43,(anonymous_5)
FN:51,(anonymous_6)
FN:60,(anonymous_7)
FN:64,(anonymous_8)
FN:68,(anonymous_9)
FN:85,(anonymous_10)
FN:88,(anonymous_11)
FN:90,(anonymous_12)
FN:97,(anonymous_13)
FN:108,(anonymous_14)
FN:123,(anonymous_15)
FN:125,(anonymous_16)
FN:131,(anonymous_17)
FN:133,(anonymous_18)
FN:146,(anonymous_19)
FN:147,(anonymous_20)
FN:148,(anonymous_21)
FNF:22
FNH:0
FNDA:0,(anonymous_0)
FNDA:0,(anonymous_1)
FNDA:0,(anonymous_2)
FNDA:0,(anonymous_3)
FNDA:0,(anonymous_4)
FNDA:0,(anonymous_5)
FNDA:0,(anonymous_6)
FNDA:0,(anonymous_7)
FNDA:0,(anonymous_8)
FNDA:0,(anonymous_9)
FNDA:0,(anonymous_10)
FNDA:0,(anonymous_11)
FNDA:0,(anonymous_12)
FNDA:0,(anonymous_13)
FNDA:0,(anonymous_14)
FNDA:0,(anonymous_15)
FNDA:0,(anonymous_16)
FNDA:0,(anonymous_17)
FNDA:0,(anonymous_18)
FNDA:0,(anonymous_19)
FNDA:0,(anonymous_20)
FNDA:0,(anonymous_21)
DA:2,5
DA:6,5
DA:7,5
DA:9,5
DA:11,0
DA:12,0
DA:14,0
DA:24,5
DA:25,0
DA:26,0
DA:27,0
DA:29,0
DA:30,0
DA:31,0
DA:32,0
DA:33,0
DA:34,0
DA:35,0
DA:36,0
DA:38,0
DA:39,0
DA:47,0
DA:48,0
DA:49,0
DA:51,0
DA:52,0
DA:61,0
DA:65,0
DA:69,0
DA:71,0
DA:73,0
DA:74,0
DA:75,0
DA:77,0
DA:78,0
DA:80,0
DA:84,0
DA:86,0
DA:89,0
DA:90,0
DA:94,0
DA:97,0
DA:98,0
DA:99,0
DA:103,0
DA:105,0
DA:106,0
DA:109,0
DA:110,0
DA:115,0
DA:117,0
DA:123,0
DA:125,0
DA:126,0
DA:127,0
DA:132,0
DA:133,0
DA:134,0
DA:135,0
DA:136,0
DA:137,0
DA:139,0
DA:147,0
DA:148,0
LF:64
LH:5
BRDA:36,0,0,0
BRDA:69,1,0,0
BRDA:73,2,0,0
BRDA:73,2,1,0
BRDA:89,3,0,0
BRDA:90,4,0,0
BRDA:90,4,1,0
BRDA:105,5,0,0
BRDA:105,5,1,0
BRDA:112,6,0,0
BRDA:112,6,1,0
BRDA:136,7,0,0
BRF:12
BRH:0
end_of_record
TN:
SF:lib/mainFn/Mounts.ts
FN:7,(anonymous_0)
FN:28,(anonymous_1)
FN:32,(anonymous_2)
FN:47,(anonymous_3)
FN:60,(anonymous_4)
FN:77,(anonymous_5)
FN:80,(anonymous_6)
FN:81,(anonymous_7)
FN:82,(anonymous_8)
FN:92,(anonymous_9)
FN:103,(anonymous_10)
FN:113,(anonymous_11)
FNF:12
FNH:0
FNDA:0,(anonymous_0)
FNDA:0,(anonymous_1)
FNDA:0,(anonymous_2)
FNDA:0,(anonymous_3)
FNDA:0,(anonymous_4)
FNDA:0,(anonymous_5)
FNDA:0,(anonymous_6)
FNDA:0,(anonymous_7)
FNDA:0,(anonymous_8)
FNDA:0,(anonymous_9)
FNDA:0,(anonymous_10)
FNDA:0,(anonymous_11)
DA:6,5
DA:8,0
DA:14,0
DA:19,0
DA:29,0
DA:38,0
DA:44,0
DA:52,0
DA:57,0
DA:67,0
DA:74,0
DA:78,0
DA:79,0
DA:80,0
DA:81,0
DA:82,0
DA:83,0
DA:84,0
DA:88,0
DA:90,0
DA:92,0
DA:103,0
DA:113,0
LF:23
LH:1
BRDA:83,0,0,0
BRF:1
BRH:0
end_of_record
TN:
SF:lib/mainFn/index.ts
FN:21,(anonymous_0)
FN:27,(anonymous_1)
FNF:2
FNH:0
FNDA:0,(anonymous_0)
FNDA:0,(anonymous_1)
DA:3,5
DA:4,5
DA:6,5
DA:10,5
DA:21,5
DA:27,0
DA:28,0
DA:29,0
LF:8
LH:5
BRF:0
BRH:0
end_of_record
TN:
SF:lib/manifest/setupManifest.ts
FN:12,setupManifest
FN:32,(anonymous_1)
FN:63,(anonymous_2)
FN:70,(anonymous_3)
FN:77,(anonymous_4)
FNF:5
FNH:1
FNDA:5,setupManifest
FNDA:0,(anonymous_1)
FNDA:0,(anonymous_2)
FNDA:0,(anonymous_3)
FNDA:0,(anonymous_4)
DA:4,4
DA:12,4
DA:31,5
DA:33,0
DA:34,0
DA:35,0
DA:36,0
DA:37,0
DA:41,5
DA:63,0
DA:71,0
DA:72,0
DA:74,0
DA:75,0
DA:77,0
LF:15
LH:4
BRDA:33,0,0,0
BRDA:33,0,1,0
BRDA:34,1,0,0
BRDA:35,2,0,0
BRDA:35,2,1,0
BRDA:47,3,0,5
BRDA:47,3,1,0
BRDA:52,4,0,5
BRDA:52,4,1,5
BRDA:53,5,0,5
BRDA:53,5,1,5
BRDA:54,6,0,5
BRDA:54,6,1,5
BRDA:55,7,0,5
BRDA:55,7,1,5
BRDA:56,8,0,5
BRDA:56,8,1,5
BRDA:57,9,0,5
BRDA:57,9,1,5
BRDA:59,10,0,5
BRDA:59,10,1,0
BRDA:62,11,0,5
BRDA:62,11,1,5
BRDA:66,12,0,5
BRDA:66,12,1,5
BRDA:68,13,0,5
BRDA:68,13,1,0
BRDA:71,14,0,0
BRDA:74,15,0,0
BRF:29
BRH:19
end_of_record
TN:
SF:lib/store/PathBuilder.ts
FN:22,(anonymous_0)
FN:26,(anonymous_1)
FN:30,(anonymous_2)
FNF:3
FNH:1
FNDA:0,(anonymous_0)
FNDA:6,(anonymous_1)
FNDA:0,(anonymous_2)
DA:3,5
DA:21,5
DA:22,5
DA:23,0
DA:26,5
DA:29,6
DA:31,0
DA:32,0
DA:33,0
DA:35,0
LF:10
LH:5
BRDA:27,0,0,6
BRDA:31,1,0,0
BRDA:32,2,0,0
BRF:3
BRH:1
end_of_record
TN:
SF:lib/store/getStore.ts
FN:5,(anonymous_0)
FN:17,(anonymous_1)
FN:27,(anonymous_2)
FN:37,(anonymous_3)
FN:40,(anonymous_4)
FN:46,(anonymous_5)
FN:52,getStore
FNF:7
FNH:0
FNDA:0,(anonymous_0)
FNDA:0,(anonymous_1)
FNDA:0,(anonymous_2)
FNDA:0,(anonymous_3)
FNDA:0,(anonymous_4)
FNDA:0,(anonymous_5)
FNDA:0,getStore
DA:2,5
DA:4,5
DA:6,0
DA:7,0
DA:8,0
DA:18,0
DA:28,0
DA:38,0
DA:40,0
DA:41,0
DA:43,0
DA:46,0
DA:48,0
DA:52,5
DA:60,0
LF:15
LH:3
BRDA:8,0,0,0
BRDA:55,1,0,0
BRF:2
BRH:0
end_of_record
TN:
SF:lib/test/output.sdk.ts
FNF:0
FNH:0
DA:1,4
DA:2,4
DA:3,4
DA:4,4
DA:7,4
LF:5
LH:5
BRF:0
BRH:0
end_of_record
TN:
SF:lib/test/output.ts
FNF:0
FNH:0
DA:2,2
DA:3,2
DA:5,2
DA:376,2
LF:4
LH:4
BRF:0
BRH:0
end_of_record
TN:
SF:lib/trigger/changeOnFirstSuccess.ts
FN:3,changeOnFirstSuccess
FN:7,(anonymous_1)
FNF:2
FNH:1
FNDA:5,changeOnFirstSuccess
FNDA:0,(anonymous_1)
DA:3,5
DA:7,5
DA:8,0
DA:9,0
DA:10,0
DA:11,0
DA:13,0
DA:14,0
DA:15,0
DA:19,0
DA:20,0
DA:22,0
DA:23,0
DA:24,0
DA:28,0
DA:29,0
LF:16
LH:2
BRDA:16,0,0,0
BRDA:16,0,1,0
BRF:2
BRH:0
end_of_record
TN:
SF:lib/trigger/cooldownTrigger.ts
FN:1,cooldownTrigger
FN:2,(anonymous_1)
FN:4,(anonymous_2)
FNF:3
FNH:1
FNDA:10,cooldownTrigger
FNDA:0,(anonymous_1)
FNDA:0,(anonymous_2)
DA:1,5
DA:2,10
DA:3,0
DA:4,0
DA:5,0
LF:5
LH:2
BRF:0
BRH:0
end_of_record
TN:
SF:lib/trigger/defaultTrigger.ts
FNF:0
FNH:0
DA:1,5
DA:2,5
DA:5,5
LF:3
LH:3
BRF:0
BRH:0
end_of_record
TN:
SF:lib/trigger/index.ts
FN:3,(anonymous_0)
FN:4,(anonymous_1)
FNF:2
FNH:2
FNDA:6,(anonymous_0)
FNDA:6,(anonymous_1)
DA:3,11
DA:4,11
LF:2
LH:2
BRF:0
BRH:0
end_of_record
TN:
SF:lib/trigger/lastStatus.ts
FN:8,lastStatus
FN:9,(anonymous_1)
FNF:2
FNH:0
FNDA:0,lastStatus
FNDA:0,(anonymous_1)
DA:8,5
DA:9,0
DA:10,0
DA:13,0
DA:16,0
DA:17,0
DA:18,0
DA:19,0
DA:20,0
DA:21,0
DA:23,0
DA:24,0
DA:26,0
DA:27,0
DA:29,0
DA:30,0
LF:16
LH:1
BRDA:19,0,0,0
BRDA:23,1,0,0
BRDA:26,2,0,0
BRF:3
BRH:0
end_of_record
TN:
SF:lib/trigger/successFailure.ts
FN:4,(anonymous_0)
FNF:1
FNH:0
FNDA:0,(anonymous_0)
DA:2,5
DA:4,5
DA:7,0
LF:3
LH:2
BRF:0
BRH:0
end_of_record
TN:
SF:lib/util/GetSslCertificate.ts
FN:5,(anonymous_0)
FN:14,(anonymous_1)
FN:24,(anonymous_2)
FN:33,(anonymous_3)
FN:36,(anonymous_4)
FN:42,(anonymous_5)
FNF:6
FNH:0
FNDA:0,(anonymous_0)
FNDA:0,(anonymous_1)
FNDA:0,(anonymous_2)
FNDA:0,(anonymous_3)
FNDA:0,(anonymous_4)
FNDA:0,(anonymous_5)
DA:4,5
DA:6,0
DA:7,0
DA:8,0
DA:15,0
DA:25,0
DA:34,0
DA:36,0
DA:37,0
DA:39,0
DA:42,0
DA:44,0
LF:12
LH:1
BRF:0
BRH:0
end_of_record
TN:
SF:lib/util/GetSystemSmtp.ts
FN:4,(anonymous_0)
FN:9,(anonymous_1)
FN:17,(anonymous_2)
FN:23,(anonymous_3)
FN:26,(anonymous_4)
FN:30,(anonymous_5)
FNF:6
FNH:0
FNDA:0,(anonymous_0)
FNDA:0,(anonymous_1)
FNDA:0,(anonymous_2)
FNDA:0,(anonymous_3)
FNDA:0,(anonymous_4)
FNDA:0,(anonymous_5)
DA:3,5
DA:4,0
DA:10,0
DA:18,0
DA:24,0
DA:26,0
DA:27,0
DA:29,0
DA:30,0
DA:32,0
LF:10
LH:1
BRF:0
BRH:0
end_of_record
TN:
SF:lib/util/Hostname.ts
FN:3,hostnameInfoToAddress
FNF:1
FNH:0
FNDA:0,hostnameInfoToAddress
DA:3,5
DA:4,0
DA:5,0
DA:7,0
DA:8,0
DA:10,0
DA:11,0
DA:12,0
DA:14,0
DA:15,0
DA:16,0
DA:17,0
DA:19,0
DA:20,0
DA:22,0
LF:15
LH:1
BRDA:4,0,0,0
BRDA:7,1,0,0
BRDA:11,2,0,0
BRDA:12,3,0,0
BRDA:12,3,1,0
BRDA:14,4,0,0
BRDA:14,4,1,0
BRDA:15,5,0,0
BRDA:15,5,1,0
BRDA:16,6,0,0
BRDA:16,7,0,0
BRDA:16,7,1,0
BRDA:19,8,0,0
BRF:13
BRH:0
end_of_record
TN:
SF:lib/util/SubContainer.ts
FN:8,(anonymous_6)
FN:9,(anonymous_7)
FN:51,(anonymous_8)
FN:62,(anonymous_9)
FN:66,(anonymous_10)
FN:67,(anonymous_11)
FN:70,(anonymous_12)
FN:86,(anonymous_13)
FN:113,(anonymous_14)
FN:130,(anonymous_15)
FN:175,(anonymous_16)
FN:179,(anonymous_17)
FN:181,(anonymous_18)
FN:193,(anonymous_19)
FN:194,(anonymous_20)
FN:201,(anonymous_21)
FN:216,(anonymous_22)
FN:242,(anonymous_23)
FN:243,(anonymous_24)
FN:251,(anonymous_25)
FN:257,(anonymous_26)
FN:258,(anonymous_27)
FN:270,(anonymous_28)
FN:274,(anonymous_29)
FN:278,(anonymous_30)
FN:290,(anonymous_31)
FN:299,(anonymous_32)
FN:326,(anonymous_33)
FN:332,(anonymous_34)
FN:341,(anonymous_35)
FN:375,(anonymous_36)
FN:376,(anonymous_37)
FN:380,(anonymous_38)
FN:387,(anonymous_39)
FN:432,wait
FN:433,(anonymous_41)
FNF:36
FNH:0
FNDA:0,(anonymous_6)
FNDA:0,(anonymous_7)
FNDA:0,(anonymous_8)
FNDA:0,(anonymous_9)
FNDA:0,(anonymous_10)
FNDA:0,(anonymous_11)
FNDA:0,(anonymous_12)
FNDA:0,(anonymous_13)
FNDA:0,(anonymous_14)
FNDA:0,(anonymous_15)
FNDA:0,(anonymous_16)
FNDA:0,(anonymous_17)
FNDA:0,(anonymous_18)
FNDA:0,(anonymous_19)
FNDA:0,(anonymous_20)
FNDA:0,(anonymous_21)
FNDA:0,(anonymous_22)
FNDA:0,(anonymous_23)
FNDA:0,(anonymous_24)
FNDA:0,(anonymous_25)
FNDA:0,(anonymous_26)
FNDA:0,(anonymous_27)
FNDA:0,(anonymous_28)
FNDA:0,(anonymous_29)
FNDA:0,(anonymous_30)
FNDA:0,(anonymous_31)
FNDA:0,(anonymous_32)
FNDA:0,(anonymous_33)
FNDA:0,(anonymous_34)
FNDA:0,(anonymous_35)
FNDA:0,(anonymous_36)
FNDA:0,(anonymous_37)
FNDA:0,(anonymous_38)
FNDA:0,(anonymous_39)
FNDA:0,wait
FNDA:0,(anonymous_41)
DA:1,5
DA:3,5
DA:4,5
DA:5,5
DA:6,5
DA:7,5
DA:8,5
DA:9,5
DA:21,5
DA:47,5
DA:49,0
DA:52,0
DA:53,0
DA:54,0
DA:55,0
DA:57,0
DA:58,0
DA:62,0
DA:63,0
DA:65,0
DA:67,0
DA:68,0
DA:69,0
DA:70,0
DA:72,0
DA:73,0
DA:78,0
DA:80,0
DA:82,0
DA:90,0
DA:91,0
DA:95,0
DA:96,0
DA:97,0
DA:100,0
DA:102,0
DA:103,0
DA:104,0
DA:105,0
DA:106,0
DA:107,0
DA:110,0
DA:119,0
DA:120,0
DA:121,0
DA:122,0
DA:124,0
DA:126,0
DA:131,0
DA:134,0
DA:135,0
DA:140,0
DA:142,0
DA:143,0
DA:144,0
DA:145,0
DA:146,0
DA:151,0
DA:153,0
DA:154,0
DA:155,0
DA:156,0
DA:157,0
DA:158,0
DA:159,0
DA:164,0
DA:166,0
DA:167,0
DA:168,0
DA:170,0
DA:172,0
DA:176,0
DA:177,0
DA:179,0
DA:180,0
DA:181,0
DA:182,0
DA:184,0
DA:185,0
DA:188,0
DA:194,0
DA:195,0
DA:196,0
DA:197,0
DA:211,0
DA:212,0
DA:216,0
DA:218,0
DA:219,0
DA:220,0
DA:221,0
DA:223,0
DA:224,0
DA:225,0
DA:226,0
DA:228,0
DA:241,0
DA:242,0
DA:243,0
DA:244,0
DA:245,0
DA:247,0
DA:251,0
DA:253,0
DA:254,0
DA:255,0
DA:257,0
DA:258,0
DA:259,0
DA:260,0
DA:261,0
DA:262,0
DA:267,0
DA:270,0
DA:271,0
DA:273,0
DA:274,0
DA:276,0
DA:277,0
DA:278,0
DA:279,0
DA:280,0
DA:294,0
DA:295,0
DA:299,0
DA:301,0
DA:302,0
DA:303,0
DA:304,0
DA:306,0
DA:307,0
DA:308,0
DA:309,0
DA:311,0
DA:312,0
DA:313,0
DA:326,0
DA:327,0
DA:329,0
DA:336,0
DA:337,0
DA:341,0
DA:343,0
DA:344,0
DA:345,0
DA:346,0
DA:348,0
DA:349,0
DA:350,0
DA:351,0
DA:353,0
DA:374,5
DA:375,0
DA:377,0
DA:385,0
DA:391,0
DA:433,0
LF:157
LH:11
BRDA:72,0,0,0
BRDA:96,1,0,0
BRDA:131,2,0,0
BRDA:131,2,1,0
BRDA:134,3,0,0
BRDA:134,3,1,0
BRDA:135,4,0,0
BRDA:135,4,1,0
BRDA:136,5,0,0
BRDA:136,5,1,0
BRDA:145,6,0,0
BRDA:145,6,1,0
BRDA:146,7,0,0
BRDA:146,7,1,0
BRDA:147,8,0,0
BRDA:147,8,1,0
BRDA:156,9,0,0
BRDA:156,9,1,0
BRDA:158,10,0,0
BRDA:158,10,1,0
BRDA:159,11,0,0
BRDA:159,11,1,0
BRDA:160,12,0,0
BRDA:160,12,1,0
BRDA:176,13,0,0
BRDA:184,14,0,0
BRDA:204,15,0,0
BRDA:219,16,0,0
BRDA:223,17,0,0
BRDA:223,17,1,0
BRDA:224,18,0,0
BRDA:239,19,0,0
BRDA:239,19,1,0
BRDA:241,20,0,0
BRDA:244,21,0,0
BRDA:244,21,1,0
BRDA:259,22,0,0
BRDA:259,22,1,0
BRDA:259,23,0,0
BRDA:259,23,1,0
BRDA:261,24,0,0
BRDA:261,24,1,0
BRDA:261,25,0,0
BRDA:261,25,1,0
BRDA:273,26,0,0
BRDA:273,27,0,0
BRDA:273,27,1,0
BRDA:302,28,0,0
BRDA:306,29,0,0
BRDA:306,29,1,0
BRDA:307,30,0,0
BRDA:344,31,0,0
BRDA:348,32,0,0
BRDA:348,32,1,0
BRDA:349,33,0,0
BRF:55
BRH:0
end_of_record
TN:
SF:lib/util/asError.ts
FN:1,(anonymous_0)
FNF:1
FNH:0
FNDA:0,(anonymous_0)
DA:1,5
DA:2,0
DA:3,0
DA:5,0
LF:4
LH:1
BRDA:2,0,0,0
BRF:1
BRH:0
end_of_record
TN:
SF:lib/util/deepEqual.ts
FN:3,deepEqual
FN:11,(anonymous_1)
FNF:2
FNH:2
FNDA:11,deepEqual
FNDA:6,(anonymous_1)
DA:1,6
DA:3,6
DA:4,11
DA:5,3
DA:6,3
DA:7,0
DA:8,0
DA:10,3
DA:11,6
DA:12,3
DA:13,5
DA:14,10
DA:15,10
DA:18,3
LF:14
LH:12
BRDA:4,0,0,8
BRDA:6,1,0,0
BRDA:7,2,0,0
BRDA:10,3,0,0
BRDA:14,4,0,0
BRDA:15,5,0,0
BRF:6
BRH:1
end_of_record
TN:
SF:lib/util/deepMerge.ts
FN:3,deepMerge
FN:6,(anonymous_1)
FN:9,(anonymous_2)
FN:11,(anonymous_3)
FNF:4
FNH:4
FNDA:253,deepMerge
FNDA:126,(anonymous_1)
FNDA:149,(anonymous_2)
FNDA:528,(anonymous_3)
DA:1,6
DA:3,6
DA:4,253
DA:5,253
DA:6,126
DA:7,97
DA:8,71
DA:9,149
DA:10,71
DA:11,242
DA:12,528
DA:14,242
DA:16,71
LF:13
LH:13
BRDA:5,0,0,156
BRDA:7,1,0,26
BRDA:8,2,0,50
BRDA:12,3,0,262
BRDA:12,3,1,266
BRF:5
BRH:5
end_of_record
TN:
SF:lib/util/fileHelper.ts
FN:56,(anonymous_7)
FN:61,(anonymous_8)
FN:69,(anonymous_9)
FN:72,(anonymous_10)
FN:73,(anonymous_11)
FN:79,(anonymous_12)
FN:83,(anonymous_13)
FN:84,(anonymous_14)
FN:93,(anonymous_15)
FN:103,(anonymous_16)
FN:106,(anonymous_17)
FN:109,(anonymous_18)
FN:117,(anonymous_19)
FN:123,(anonymous_20)
FN:126,(anonymous_21)
FN:134,(anonymous_22)
FN:140,(anonymous_23)
FN:143,(anonymous_24)
FNF:18
FNH:0
FNDA:0,(anonymous_7)
FNDA:0,(anonymous_8)
FNDA:0,(anonymous_9)
FNDA:0,(anonymous_10)
FNDA:0,(anonymous_11)
FNDA:0,(anonymous_12)
FNDA:0,(anonymous_13)
FNDA:0,(anonymous_14)
FNDA:0,(anonymous_15)
FNDA:0,(anonymous_16)
FNDA:0,(anonymous_17)
FNDA:0,(anonymous_18)
FNDA:0,(anonymous_19)
FNDA:0,(anonymous_20)
FNDA:0,(anonymous_21)
FNDA:0,(anonymous_22)
FNDA:0,(anonymous_23)
FNDA:0,(anonymous_24)
DA:2,5
DA:3,5
DA:4,5
DA:6,5
DA:8,5
DA:55,5
DA:57,0
DA:58,0
DA:59,0
DA:62,0
DA:63,0
DA:64,0
DA:67,0
DA:70,0
DA:72,0
DA:73,0
DA:76,0
DA:78,0
DA:79,0
DA:84,0
DA:85,0
DA:86,0
DA:98,0
DA:104,0
DA:107,0
DA:110,0
DA:121,0
DA:124,0
DA:127,0
DA:138,0
DA:141,0
DA:144,0
DA:150,5
LF:33
LH:7
BRDA:63,0,0,0
BRDA:70,1,0,0
BRDA:84,2,0,0
BRDA:84,2,1,0
BRF:4
BRH:0
end_of_record
TN:
SF:lib/util/getDefaultString.ts
FN:4,getDefaultString
FNF:1
FNH:0
FNDA:0,getDefaultString
DA:2,5
DA:4,5
DA:5,0
DA:6,0
DA:8,0
LF:5
LH:2
BRDA:5,0,0,0
BRDA:5,0,1,0
BRF:2
BRH:0
end_of_record
TN:
SF:lib/util/getRandomCharInSet.ts
FN:3,getRandomCharInSet
FN:16,stringToCharSet
FNF:2
FNH:0
FNDA:0,getRandomCharInSet
FNDA:0,stringToCharSet
DA:3,5
DA:4,0
DA:5,0
DA:8,0
DA:9,0
DA:10,0
DA:12,0
DA:14,0
DA:17,0
DA:18,0
DA:19,0
DA:20,0
DA:21,0
DA:22,0
DA:24,0
DA:25,0
DA:26,0
DA:28,0
DA:29,0
DA:34,0
DA:35,0
DA:36,0
DA:37,0
DA:38,0
DA:39,0
DA:40,0
DA:41,0
DA:42,0
DA:43,0
DA:44,0
DA:45,0
DA:47,0
DA:49,0
DA:51,0
DA:52,0
DA:53,0
DA:54,0
DA:55,0
DA:56,0
DA:58,0
DA:60,0
DA:62,0
DA:63,0
DA:64,0
DA:65,0
DA:67,0
DA:71,0
DA:72,0
DA:73,0
DA:75,0
DA:76,0
DA:81,0
DA:82,0
DA:83,0
DA:84,0
DA:90,0
LF:56
LH:1
BRDA:9,0,0,0
BRDA:22,1,0,0
BRDA:22,1,1,0
BRDA:22,1,2,0
BRDA:24,2,0,0
BRDA:24,2,1,0
BRDA:24,3,0,0
BRDA:24,3,1,0
BRDA:25,4,0,0
BRDA:38,5,0,0
BRDA:38,5,1,0
BRDA:38,6,0,0
BRDA:38,6,1,0
BRDA:42,7,0,0
BRDA:42,7,1,0
BRDA:42,8,0,0
BRDA:42,8,1,0
BRDA:44,9,0,0
BRDA:44,9,1,0
BRDA:44,10,0,0
BRDA:44,10,1,0
BRDA:44,10,2,0
BRDA:51,11,0,0
BRDA:51,11,1,0
BRDA:53,12,0,0
BRDA:53,12,1,0
BRDA:55,13,0,0
BRDA:55,13,1,0
BRDA:55,14,0,0
BRDA:55,14,1,0
BRDA:62,15,0,0
BRDA:62,15,1,0
BRDA:64,16,0,0
BRDA:64,16,1,0
BRDA:64,17,0,0
BRDA:64,17,1,0
BRDA:71,18,0,0
BRDA:71,18,1,0
BRDA:71,19,0,0
BRDA:71,19,1,0
BRDA:72,20,0,0
BRDA:82,21,0,0
BRF:42
BRH:0
end_of_record
TN:
SF:lib/util/getRandomString.ts
FN:4,getRandomString
FNF:1
FNH:0
FNDA:0,getRandomString
DA:2,5
DA:4,5
DA:5,0
DA:6,0
DA:7,0
DA:10,0
LF:6
LH:2
BRF:0
BRH:0
end_of_record
TN:
SF:lib/util/getServiceInterface.ts
FN:19,(anonymous_0)
FN:67,(anonymous_1)
FN:68,(anonymous_2)
FN:69,(anonymous_3)
FN:71,(anonymous_4)
FN:72,(anonymous_5)
FN:74,(anonymous_6)
FN:75,(anonymous_7)
FN:80,(anonymous_8)
FN:111,(anonymous_9)
FN:121,(anonymous_10)
FN:122,(anonymous_11)
FN:124,(anonymous_12)
FN:126,(anonymous_13)
FN:129,(anonymous_14)
FN:131,(anonymous_15)
FN:136,(anonymous_16)
FN:138,(anonymous_17)
FN:141,(anonymous_18)
FN:143,(anonymous_19)
FN:146,(anonymous_20)
FN:148,(anonymous_21)
FN:154,(anonymous_22)
FN:157,(anonymous_23)
FN:160,(anonymous_24)
FN:163,(anonymous_25)
FN:166,(anonymous_26)
FN:169,(anonymous_27)
FN:172,(anonymous_28)
FN:178,(anonymous_29)
FN:216,(anonymous_30)
FN:225,(anonymous_31)
FN:233,(anonymous_32)
FN:248,(anonymous_33)
FN:262,(anonymous_34)
FN:265,(anonymous_35)
FN:266,(anonymous_36)
FN:279,getServiceInterface
FNF:38
FNH:1
FNDA:8,(anonymous_0)
FNDA:0,(anonymous_1)
FNDA:0,(anonymous_2)
FNDA:0,(anonymous_3)
FNDA:0,(anonymous_4)
FNDA:0,(anonymous_5)
FNDA:0,(anonymous_6)
FNDA:0,(anonymous_7)
FNDA:0,(anonymous_8)
FNDA:0,(anonymous_9)
FNDA:0,(anonymous_10)
FNDA:0,(anonymous_11)
FNDA:0,(anonymous_12)
FNDA:0,(anonymous_13)
FNDA:0,(anonymous_14)
FNDA:0,(anonymous_15)
FNDA:0,(anonymous_16)
FNDA:0,(anonymous_17)
FNDA:0,(anonymous_18)
FNDA:0,(anonymous_19)
FNDA:0,(anonymous_20)
FNDA:0,(anonymous_21)
FNDA:0,(anonymous_22)
FNDA:0,(anonymous_23)
FNDA:0,(anonymous_24)
FNDA:0,(anonymous_25)
FNDA:0,(anonymous_26)
FNDA:0,(anonymous_27)
FNDA:0,(anonymous_28)
FNDA:0,(anonymous_29)
FNDA:0,(anonymous_30)
FNDA:0,(anonymous_31)
FNDA:0,(anonymous_32)
FNDA:0,(anonymous_33)
FNDA:0,(anonymous_34)
FNDA:0,(anonymous_35)
FNDA:0,(anonymous_36)
FNDA:0,getServiceInterface
DA:2,6
DA:18,6
DA:19,6
DA:20,8
DA:21,8
DA:22,8
DA:23,8
DA:24,8
DA:67,6
DA:68,0
DA:69,0
DA:71,6
DA:72,0
DA:73,0
DA:74,6
DA:75,6
DA:79,0
DA:80,0
DA:82,0
DA:86,0
DA:87,0
DA:88,0
DA:89,0
DA:90,0
DA:91,0
DA:92,0
DA:94,0
DA:97,0
DA:101,0
DA:102,0
DA:104,0
DA:105,0
DA:108,0
DA:111,6
DA:115,0
DA:116,0
DA:118,0
DA:122,0
DA:125,0
DA:126,0
DA:130,0
DA:132,0
DA:137,0
DA:138,0
DA:142,0
DA:143,0
DA:147,0
DA:149,0
DA:155,0
DA:158,0
DA:161,0
DA:164,0
DA:167,0
DA:170,0
DA:173,0
DA:178,6
DA:189,0
DA:194,0
DA:195,0
DA:197,0
DA:198,0
DA:203,0
DA:209,0
DA:217,0
DA:218,0
DA:221,0
DA:224,6
DA:226,0
DA:227,0
DA:234,0
DA:235,0
DA:236,0
DA:243,0
DA:249,0
DA:250,0
DA:256,0
DA:263,0
DA:264,0
DA:265,0
DA:266,0
DA:267,0
DA:269,0
DA:275,0
DA:279,6
DA:283,0
LF:85
LH:16
BRDA:21,0,0,0
BRDA:82,1,0,0
BRDA:82,1,1,0
BRDA:82,1,2,0
BRDA:86,2,0,0
BRDA:86,2,1,0
BRDA:88,3,0,0
BRDA:89,4,0,0
BRDA:89,4,1,0
BRDA:90,5,0,0
BRDA:90,5,1,0
BRDA:91,6,0,0
BRDA:91,6,1,0
BRDA:97,7,0,0
BRDA:97,7,1,0
BRDA:98,8,0,0
BRDA:98,8,1,0
BRDA:99,9,0,0
BRDA:99,9,1,0
BRDA:101,10,0,0
BRDA:104,11,0,0
BRDA:126,12,0,0
BRDA:126,12,1,0
BRDA:132,13,0,0
BRDA:132,13,1,0
BRDA:132,13,2,0
BRDA:138,14,0,0
BRDA:138,14,1,0
BRDA:143,15,0,0
BRDA:143,15,1,0
BRDA:149,16,0,0
BRDA:149,16,1,0
BRDA:149,16,2,0
BRDA:194,17,0,0
BRDA:213,18,0,0
BRDA:213,18,1,0
BRDA:217,19,0,0
BRF:37
BRH:0
end_of_record
TN:
SF:lib/util/getServiceInterfaces.ts
FN:8,(anonymous_0)
FN:23,(anonymous_1)
FN:39,(anonymous_2)
FN:45,(anonymous_3)
FN:56,(anonymous_4)
FN:64,(anonymous_5)
FN:79,(anonymous_6)
FN:93,(anonymous_7)
FN:96,(anonymous_8)
FN:97,(anonymous_9)
FN:109,getServiceInterfaces
FNF:11
FNH:0
FNDA:0,(anonymous_0)
FNDA:0,(anonymous_1)
FNDA:0,(anonymous_2)
FNDA:0,(anonymous_3)
FNDA:0,(anonymous_4)
FNDA:0,(anonymous_5)
FNDA:0,(anonymous_6)
FNDA:0,(anonymous_7)
FNDA:0,(anonymous_8)
FNDA:0,(anonymous_9)
FNDA:0,getServiceInterfaces
DA:2,5
DA:8,5
DA:17,0
DA:22,0
DA:24,0
DA:25,0
DA:30,0
DA:31,0
DA:33,0
DA:39,0
DA:40,0
DA:46,0
DA:47,0
DA:52,0
DA:55,5
DA:57,0
DA:58,0
DA:65,0
DA:66,0
DA:68,0
DA:74,0
DA:80,0
DA:82,0
DA:87,0
DA:94,0
DA:95,0
DA:96,0
DA:97,0
DA:98,0
DA:100,0
DA:105,0
DA:109,5
DA:113,0
LF:33
LH:4
BRDA:30,0,0,0
BRDA:46,1,0,0
BRF:2
BRH:0
end_of_record
TN:
SF:lib/util/graph.ts
FN:16,(anonymous_0)
FN:17,(anonymous_1)
FN:47,(anonymous_2)
FN:51,gen
FN:60,(anonymous_4)
FN:74,(anonymous_5)
FN:80,rec
FN:89,(anonymous_7)
FN:90,(anonymous_8)
FN:106,(anonymous_9)
FN:123,(anonymous_10)
FN:129,rec
FN:138,(anonymous_12)
FN:139,(anonymous_13)
FN:155,(anonymous_14)
FN:172,(anonymous_15)
FN:183,(anonymous_16)
FN:186,check
FN:199,(anonymous_18)
FN:200,(anonymous_19)
FN:219,(anonymous_20)
FNF:21
FNH:20
FNDA:11,(anonymous_0)
FNDA:39,(anonymous_1)
FNDA:1,(anonymous_2)
FNDA:1,gen
FNDA:12,(anonymous_4)
FNDA:6,(anonymous_5)
FNDA:15,rec
FNDA:23,(anonymous_7)
FNDA:9,(anonymous_8)
FNDA:5,(anonymous_9)
FNDA:6,(anonymous_10)
FNDA:15,rec
FNDA:23,(anonymous_12)
FNDA:9,(anonymous_13)
FNDA:5,(anonymous_14)
FNDA:3,(anonymous_15)
FNDA:11,(anonymous_16)
FNDA:11,check
FNDA:12,(anonymous_18)
FNDA:8,(anonymous_19)
FNDA:0,(anonymous_20)
DA:14,5
DA:15,11
DA:22,39
DA:26,39
DA:27,20
DA:32,20
DA:33,20
DA:35,39
DA:36,1
DA:41,1
DA:42,1
DA:44,39
DA:45,39
DA:50,1
DA:52,1
DA:53,4
DA:54,1
DA:58,1
DA:65,12
DA:70,12
DA:71,12
DA:72,12
DA:79,6
DA:83,15
DA:84,1
DA:86,14
DA:87,14
DA:88,14
DA:89,23
DA:90,9
DA:91,14
DA:92,16
DA:93,16
DA:94,16
DA:95,18
DA:96,18
DA:97,9
DA:98,9
DA:104,6
DA:105,5
DA:106,5
DA:107,5
DA:108,15
DA:109,15
DA:110,15
DA:111,15
DA:112,15
DA:113,10
DA:114,10
DA:120,1
DA:128,6
DA:132,15
DA:133,1
DA:135,14
DA:136,14
DA:137,14
DA:138,23
DA:139,9
DA:140,14
DA:141,16
DA:142,16
DA:143,16
DA:144,18
DA:145,18
DA:146,9
DA:147,9
DA:153,6
DA:154,5
DA:155,5
DA:156,5
DA:157,15
DA:158,15
DA:159,15
DA:160,15
DA:161,15
DA:162,10
DA:163,10
DA:169,1
DA:181,3
DA:183,11
DA:184,3
DA:185,3
DA:190,11
DA:191,3
DA:193,8
DA:194,0
DA:196,8
DA:197,8
DA:198,6
DA:199,12
DA:200,8
DA:201,6
DA:202,11
DA:203,11
DA:204,11
DA:205,13
DA:206,13
DA:207,6
DA:208,6
DA:211,7
DA:212,7
DA:218,3
DA:219,0
DA:220,0
DA:221,0
DA:222,0
DA:223,0
DA:224,0
DA:225,0
DA:226,0
DA:227,0
DA:230,0
DA:235,3
DA:236,3
DA:237,11
DA:238,11
DA:239,3
LF:117
LH:106
BRDA:53,0,0,1
BRDA:83,1,0,1
BRDA:96,2,0,9
BRDA:104,3,0,5
BRDA:104,3,1,1
BRDA:112,4,0,10
BRDA:132,5,0,1
BRDA:145,6,0,9
BRDA:153,7,0,5
BRDA:153,7,1,1
BRDA:161,8,0,10
BRDA:181,9,0,0
BRDA:181,9,1,3
BRDA:190,10,0,3
BRDA:193,11,0,0
BRDA:206,12,0,6
BRDA:206,12,1,7
BRDA:207,13,0,6
BRDA:218,14,0,0
BRDA:218,14,1,3
BRDA:225,15,0,0
BRDA:225,15,1,0
BRDA:226,16,0,0
BRDA:238,17,0,3
BRF:24
BRH:18
end_of_record
TN:
SF:lib/util/inMs.ts
FN:5,(anonymous_0)
FN:14,(anonymous_1)
FN:20,(anonymous_2)
FNF:3
FNH:1
FNDA:0,(anonymous_0)
FNDA:0,(anonymous_1)
FNDA:1,(anonymous_2)
DA:3,6
DA:5,6
DA:6,0
DA:7,0
DA:8,0
DA:9,0
DA:10,0
DA:11,0
DA:12,0
DA:14,6
DA:15,0
DA:16,0
DA:17,0
DA:18,0
DA:20,6
DA:21,1
DA:22,1
DA:23,0
DA:24,0
DA:25,0
DA:26,0
DA:27,0
DA:28,0
DA:30,0
LF:24
LH:6
BRDA:6,0,0,0
BRDA:7,1,0,0
BRDA:8,2,0,0
BRDA:9,3,0,0
BRDA:10,4,0,0
BRDA:11,5,0,0
BRDA:15,6,0,0
BRDA:21,7,0,0
BRDA:22,8,0,1
BRDA:24,9,0,0
BRDA:27,10,0,0
BRDA:27,10,1,0
BRF:12
BRH:1
end_of_record
TN:
SF:lib/util/index.ts
FN:9,(anonymous_4)
FN:9,(anonymous_5)
FN:10,(anonymous_6)
FN:11,(anonymous_7)
FN:12,(anonymous_8)
FN:13,(anonymous_9)
FN:15,(anonymous_10)
FN:16,(anonymous_11)
FNF:8
FNH:0
FNDA:0,(anonymous_4)
FNDA:0,(anonymous_5)
FNDA:0,(anonymous_6)
FNDA:0,(anonymous_7)
FNDA:0,(anonymous_8)
FNDA:0,(anonymous_9)
FNDA:0,(anonymous_10)
FNDA:0,(anonymous_11)
DA:1,5
DA:2,5
DA:3,5
DA:4,5
DA:5,5
DA:6,5
DA:7,5
DA:9,5
DA:10,5
DA:11,5
DA:12,5
DA:13,5
DA:14,5
DA:15,5
DA:16,5
LF:15
LH:15
BRF:0
BRH:0
end_of_record
TN:
SF:lib/util/nullIfEmpty.ts
FN:7,nullIfEmpty
FNF:1
FNH:0
FNDA:0,nullIfEmpty
DA:7,5
DA:10,0
DA:11,0
LF:3
LH:1
BRDA:10,0,0,0
BRDA:11,1,0,0
BRDA:11,1,1,0
BRF:3
BRH:0
end_of_record
TN:
SF:lib/util/once.ts
FN:1,once
FN:3,(anonymous_1)
FNF:2
FNH:2
FNDA:26,once
FNDA:139,(anonymous_1)
DA:1,6
DA:2,26
DA:3,26
DA:4,139
DA:5,25
DA:7,139
LF:6
LH:6
BRDA:4,0,0,25
BRF:1
BRH:1
end_of_record
TN:
SF:lib/util/patterns.ts
FNF:0
FNH:0
DA:2,5
DA:4,5
DA:9,5
DA:14,5
DA:19,5
DA:24,5
DA:29,5
DA:34,5
DA:39,5
DA:44,5
DA:50,5
DA:55,5
LF:12
LH:12
BRF:0
BRH:0
end_of_record
TN:
SF:lib/util/regexes.ts
FNF:0
FNH:0
DA:2,5
DA:6,5
DA:9,5
DA:12,5
DA:14,5
DA:17,5
DA:20,5
DA:23,5
DA:27,5
DA:30,5
DA:33,5
LF:11
LH:11
BRF:0
BRH:0
end_of_record
TN:
SF:lib/util/splitCommand.ts
FN:3,(anonymous_0)
FNF:1
FNH:0
FNDA:0,(anonymous_0)
DA:1,5
DA:3,5
DA:6,0
DA:7,0
LF:4
LH:2
BRDA:6,0,0,0
BRF:1
BRH:0
end_of_record
TN:
SF:lib/util/stringFromStdErrOut.ts
FN:1,stringFromStdErrOut
FNF:1
FNH:0
FNDA:0,stringFromStdErrOut
DA:1,6
DA:5,0
LF:2
LH:1
BRDA:5,0,0,0
BRDA:5,0,1,0
BRF:2
BRH:0
end_of_record
TN:
SF:lib/util/typeHelpers.ts
FN:11,(anonymous_0)
FN:106,test
FN:108,(anonymous_2)
FNF:3
FNH:0
FNDA:0,(anonymous_0)
FNDA:0,test
FNDA:0,(anonymous_2)
DA:11,5
DA:12,0
DA:108,0
DA:113,0
DA:115,0
LF:5
LH:1
BRDA:12,0,0,0
BRDA:12,0,1,0
BRDA:12,0,2,0
BRF:3
BRH:0
end_of_record
TN:
SF:lib/version/VersionGraph.ts
FN:13,(anonymous_0)
FN:17,(anonymous_1)
FN:43,(anonymous_2)
FN:93,(anonymous_3)
FN:110,(anonymous_4)
FN:113,(anonymous_5)
FN:122,(anonymous_6)
FN:134,(anonymous_7)
FN:138,(anonymous_8)
FN:154,(anonymous_9)
FN:157,(anonymous_10)
FN:164,(anonymous_11)
FN:173,(anonymous_12)
FN:176,(anonymous_13)
FN:183,(anonymous_14)
FNF:15
FNH:10
FNDA:5,(anonymous_0)
FNDA:5,(anonymous_1)
FNDA:0,(anonymous_2)
FNDA:0,(anonymous_3)
FNDA:5,(anonymous_4)
FNDA:5,(anonymous_5)
FNDA:0,(anonymous_6)
FNDA:0,(anonymous_7)
FNDA:0,(anonymous_8)
FNDA:5,(anonymous_9)
FNDA:15,(anonymous_10)
FNDA:10,(anonymous_11)
FNDA:5,(anonymous_12)
FNDA:15,(anonymous_13)
FNDA:10,(anonymous_14)
DA:1,4
DA:4,4
DA:5,4
DA:6,4
DA:8,4
DA:14,5
DA:17,5
DA:18,5
DA:32,5
DA:33,5
DA:34,5
DA:35,5
DA:36,5
DA:37,5
DA:38,5
DA:40,5
DA:42,5
DA:43,5
DA:53,5
DA:54,5
DA:55,5
DA:57,5
DA:58,0
DA:59,0
DA:63,5
DA:65,5
DA:66,5
DA:69,5
DA:71,5
DA:72,0
DA:73,0
DA:77,5
DA:79,5
DA:80,5
DA:83,5
DA:84,0
DA:85,0
DA:86,0
DA:87,0
DA:92,0
DA:94,0
DA:97,0
DA:107,5
DA:110,5
DA:111,5
DA:120,5
DA:131,0
DA:132,0
DA:133,0
DA:135,0
DA:139,0
DA:142,0
DA:143,0
DA:144,0
DA:145,0
DA:147,0
DA:149,0
DA:152,0
DA:154,5
DA:155,5
DA:158,15
DA:165,10
DA:173,5
DA:174,5
DA:177,15
DA:184,10
LF:66
LH:43
BRDA:36,0,0,5
BRDA:36,0,1,5
BRDA:37,1,0,5
BRDA:55,2,0,5
BRDA:57,3,0,0
BRDA:57,3,1,5
BRDA:69,4,0,5
BRDA:71,5,0,0
BRDA:71,5,1,5
BRDA:83,6,0,0
BRDA:94,7,0,0
BRDA:94,7,1,0
BRDA:132,8,0,0
BRDA:132,9,0,0
BRDA:132,9,1,0
BRDA:135,10,0,0
BRDA:135,10,1,0
BRDA:135,10,2,0
BRDA:135,10,3,0
BRDA:139,11,0,0
BRDA:139,11,1,0
BRDA:139,11,2,0
BRDA:139,11,3,0
BRDA:142,12,0,0
BRDA:144,13,0,0
BRDA:158,14,0,15
BRDA:158,14,1,10
BRDA:158,14,2,15
BRDA:158,14,3,5
BRDA:166,15,0,5
BRDA:166,15,1,5
BRDA:177,16,0,15
BRDA:177,16,1,10
BRDA:177,16,2,15
BRDA:177,16,3,5
BRDA:185,17,0,5
BRDA:185,17,1,5
BRF:37
BRH:19
end_of_record
TN:
SF:lib/version/VersionInfo.ts
FN:34,(anonymous_0)
FN:37,(anonymous_1)
FN:41,(anonymous_2)
FN:51,__type_tests
FNF:4
FNH:3
FNDA:13,(anonymous_0)
FNDA:5,(anonymous_1)
FNDA:8,(anonymous_2)
FNDA:0,__type_tests
DA:4,4
DA:32,4
DA:33,13
DA:35,13
DA:38,5
DA:44,8
DA:52,0
DA:62,0
DA:64,0
DA:66,0
DA:72,0
LF:11
LH:6
BRF:0
BRH:0
end_of_record
